Sender: LSF System <lsfadmin@polus-c2-ib.bmc.hpc.cs.msu.ru>
Subject: Job 975841: <# this file was automaticly created by mpisubmit.pl script for edu-cmc-skmodel22-621-04 #;source /polusfs/setenv/setup.SMPI;#BSUB -n 40;#BSUB -W 00:15;#BSUB -o output/mainoutP40-N256-L1.out;#BSUB -e err/mainerrP40-N256.err;OMP_NUM_THREADS=1 mpiexec a.out 1.0 1.0 1.0 256 256 256> in cluster <MSUCluster> Done

Job <# this file was automaticly created by mpisubmit.pl script for edu-cmc-skmodel22-621-04 #;source /polusfs/setenv/setup.SMPI;#BSUB -n 40;#BSUB -W 00:15;#BSUB -o output/mainoutP40-N256-L1.out;#BSUB -e err/mainerrP40-N256.err;OMP_NUM_THREADS=1 mpiexec a.out 1.0 1.0 1.0 256 256 256> was submitted from host <polus-ib.bmc.hpc.cs.msu.ru> by user <edu-cmc-skmodel22-621-04> in cluster <MSUCluster> at Fri Dec  2 10:30:40 2022
Job was executed on host(s) <20*polus-c2-ib.bmc.hpc.cs.msu.ru>, in queue <short>, as user <edu-cmc-skmodel22-621-04> in cluster <MSUCluster> at Fri Dec  2 10:41:41 2022
                            <20*polus-c4-ib.bmc.hpc.cs.msu.ru>
</home_edu/edu-cmc-skmodel22-621/edu-cmc-skmodel22-621-04> was used as the home directory.
</home_edu/edu-cmc-skmodel22-621/edu-cmc-skmodel22-621-04/parallel-dz3> was used as the working directory.
Started at Fri Dec  2 10:41:41 2022
Terminated at Fri Dec  2 10:42:02 2022
Results reported at Fri Dec  2 10:42:02 2022

Your job looked like:

------------------------------------------------------------
# LSBATCH: User input
# this file was automaticly created by mpisubmit.pl script for edu-cmc-skmodel22-621-04 #
source /polusfs/setenv/setup.SMPI
#BSUB -n 40
#BSUB -W 00:15
#BSUB -o output/mainoutP40-N256-L1.out
#BSUB -e err/mainerrP40-N256.err
OMP_NUM_THREADS=1 mpiexec a.out 1.0 1.0 1.0 256 256 256

------------------------------------------------------------

Successfully completed.

Resource usage summary:

    CPU time :                                   754.48 sec.
    Max Memory :                                 1299 MB
    Average Memory :                             1039.40 MB
    Total Requested Memory :                     -
    Delta Memory :                               -
    Max Swap :                                   -
    Max Processes :                              24
    Max Threads :                                69
    Run time :                                   21 sec.
    Turnaround time :                            682 sec.

The output (if any) follows:

t = 0.000000, it = 0, eps = 0.0000000000
t = 0.001000, it = 1, eps = 0.0000000010
t = 0.002000, it = 2, eps = 0.0000000039
t = 0.003000, it = 3, eps = 0.0000000088
t = 0.004000, it = 4, eps = 0.0000000156
t = 0.005000, it = 5, eps = 0.0000000244
t = 0.006000, it = 6, eps = 0.0000000352
t = 0.007000, it = 7, eps = 0.0000000479
t = 0.008000, it = 8, eps = 0.0000000625
t = 0.009000, it = 9, eps = 0.0000000791
t = 0.010000, it = 10, eps = 0.0000000976
t = 0.011000, it = 11, eps = 0.0000001181
t = 0.012000, it = 12, eps = 0.0000001405
t = 0.013000, it = 13, eps = 0.0000001649
t = 0.014000, it = 14, eps = 0.0000001912
t = 0.015000, it = 15, eps = 0.0000002194
t = 0.016000, it = 16, eps = 0.0000002496
t = 0.017000, it = 17, eps = 0.0000002816
t = 0.018000, it = 18, eps = 0.0000003156
t = 0.019000, it = 19, eps = 0.0000003516
t = 0.020000, it = 20, eps = 0.0000003894
t = 0.021000, it = 21, eps = 0.0000004291
t = 0.022000, it = 22, eps = 0.0000004708
t = 0.023000, it = 23, eps = 0.0000005143
t = 0.024000, it = 24, eps = 0.0000005598
t = 0.025000, it = 25, eps = 0.0000006071
t = 0.026000, it = 26, eps = 0.0000006563
t = 0.027000, it = 27, eps = 0.0000007074
t = 0.028000, it = 28, eps = 0.0000007603
t = 0.029000, it = 29, eps = 0.0000008151
t = 0.030000, it = 30, eps = 0.0000008718
t = 0.031000, it = 31, eps = 0.0000009303
t = 0.032000, it = 32, eps = 0.0000009907
t = 0.033000, it = 33, eps = 0.0000010529
t = 0.034000, it = 34, eps = 0.0000011170
t = 0.035000, it = 35, eps = 0.0000011828
t = 0.036000, it = 36, eps = 0.0000012505
t = 0.037000, it = 37, eps = 0.0000013200
t = 0.038000, it = 38, eps = 0.0000013913
t = 0.039000, it = 39, eps = 0.0000014643
t = 0.040000, it = 40, eps = 0.0000015392
t = 0.041000, it = 41, eps = 0.0000016158
t = 0.042000, it = 42, eps = 0.0000016942
t = 0.043000, it = 43, eps = 0.0000017743
t = 0.044000, it = 44, eps = 0.0000018562
t = 0.045000, it = 45, eps = 0.0000019398
t = 0.046000, it = 46, eps = 0.0000020251
t = 0.047000, it = 47, eps = 0.0000021122
t = 0.048000, it = 48, eps = 0.0000022009
t = 0.049000, it = 49, eps = 0.0000022914
t = 0.050000, it = 50, eps = 0.0000023835
t = 0.051000, it = 51, eps = 0.0000024773
t = 0.052000, it = 52, eps = 0.0000025728
t = 0.053000, it = 53, eps = 0.0000026699
t = 0.054000, it = 54, eps = 0.0000027686
t = 0.055000, it = 55, eps = 0.0000028690
t = 0.056000, it = 56, eps = 0.0000029709
t = 0.057000, it = 57, eps = 0.0000030745
t = 0.058000, it = 58, eps = 0.0000031797
t = 0.059000, it = 59, eps = 0.0000032864
t = 0.060000, it = 60, eps = 0.0000033947
t = 0.061000, it = 61, eps = 0.0000035046
t = 0.062000, it = 62, eps = 0.0000036160
t = 0.063000, it = 63, eps = 0.0000037289
t = 0.064000, it = 64, eps = 0.0000038433
t = 0.065000, it = 65, eps = 0.0000039592
t = 0.066000, it = 66, eps = 0.0000040766
t = 0.067000, it = 67, eps = 0.0000041955
t = 0.068000, it = 68, eps = 0.0000043158
t = 0.069000, it = 69, eps = 0.0000044375
t = 0.070000, it = 70, eps = 0.0000045607
t = 0.071000, it = 71, eps = 0.0000046853
t = 0.072000, it = 72, eps = 0.0000048113
t = 0.073000, it = 73, eps = 0.0000049386
t = 0.074000, it = 74, eps = 0.0000050673
t = 0.075000, it = 75, eps = 0.0000051974
t = 0.076000, it = 76, eps = 0.0000053288
t = 0.077000, it = 77, eps = 0.0000054615
t = 0.078000, it = 78, eps = 0.0000055955
t = 0.079000, it = 79, eps = 0.0000057307
t = 0.080000, it = 80, eps = 0.0000058673
t = 0.081000, it = 81, eps = 0.0000060051
t = 0.082000, it = 82, eps = 0.0000061441
t = 0.083000, it = 83, eps = 0.0000062844
t = 0.084000, it = 84, eps = 0.0000064258
t = 0.085000, it = 85, eps = 0.0000065684
t = 0.086000, it = 86, eps = 0.0000067122
t = 0.087000, it = 87, eps = 0.0000068571
t = 0.088000, it = 88, eps = 0.0000070032
t = 0.089000, it = 89, eps = 0.0000071503
t = 0.090000, it = 90, eps = 0.0000072986
t = 0.091000, it = 91, eps = 0.0000074479
t = 0.092000, it = 92, eps = 0.0000075983
t = 0.093000, it = 93, eps = 0.0000077497
t = 0.094000, it = 94, eps = 0.0000079021
t = 0.095000, it = 95, eps = 0.0000080556
t = 0.096000, it = 96, eps = 0.0000082100
t = 0.097000, it = 97, eps = 0.0000083653
t = 0.098000, it = 98, eps = 0.0000085216
t = 0.099000, it = 99, eps = 0.0000086788
t = 0.100000, it = 100, eps = 0.0000088370
t = 0.101000, it = 101, eps = 0.0000089960
t = 0.102000, it = 102, eps = 0.0000091558
t = 0.103000, it = 103, eps = 0.0000093165
t = 0.104000, it = 104, eps = 0.0000094781
t = 0.105000, it = 105, eps = 0.0000096404
t = 0.106000, it = 106, eps = 0.0000098035
t = 0.107000, it = 107, eps = 0.0000099674
t = 0.108000, it = 108, eps = 0.0000101320
t = 0.109000, it = 109, eps = 0.0000102973
t = 0.110000, it = 110, eps = 0.0000104633
t = 0.111000, it = 111, eps = 0.0000106300
t = 0.112000, it = 112, eps = 0.0000107973
t = 0.113000, it = 113, eps = 0.0000109653
t = 0.114000, it = 114, eps = 0.0000111339
t = 0.115000, it = 115, eps = 0.0000113031
t = 0.116000, it = 116, eps = 0.0000114728
t = 0.117000, it = 117, eps = 0.0000116431
t = 0.118000, it = 118, eps = 0.0000118140
t = 0.119000, it = 119, eps = 0.0000119853
t = 0.120000, it = 120, eps = 0.0000121571
t = 0.121000, it = 121, eps = 0.0000123294
t = 0.122000, it = 122, eps = 0.0000125021
t = 0.123000, it = 123, eps = 0.0000126752
t = 0.124000, it = 124, eps = 0.0000128487
t = 0.125000, it = 125, eps = 0.0000130226
t = 0.126000, it = 126, eps = 0.0000131968
t = 0.127000, it = 127, eps = 0.0000133713
t = 0.128000, it = 128, eps = 0.0000135462
t = 0.129000, it = 129, eps = 0.0000137213
t = 0.130000, it = 130, eps = 0.0000138967
t = 0.131000, it = 131, eps = 0.0000140723
t = 0.132000, it = 132, eps = 0.0000142481
t = 0.133000, it = 133, eps = 0.0000144242
t = 0.134000, it = 134, eps = 0.0000146003
t = 0.135000, it = 135, eps = 0.0000147767
t = 0.136000, it = 136, eps = 0.0000149531
t = 0.137000, it = 137, eps = 0.0000151296
t = 0.138000, it = 138, eps = 0.0000153062
t = 0.139000, it = 139, eps = 0.0000154828
t = 0.140000, it = 140, eps = 0.0000156595
t = 0.141000, it = 141, eps = 0.0000158362
t = 0.142000, it = 142, eps = 0.0000160128
t = 0.143000, it = 143, eps = 0.0000161894
t = 0.144000, it = 144, eps = 0.0000163659
t = 0.145000, it = 145, eps = 0.0000165423
t = 0.146000, it = 146, eps = 0.0000167186
t = 0.147000, it = 147, eps = 0.0000168948
t = 0.148000, it = 148, eps = 0.0000170708
t = 0.149000, it = 149, eps = 0.0000172465
t = 0.150000, it = 150, eps = 0.0000174221
t = 0.151000, it = 151, eps = 0.0000175975
t = 0.152000, it = 152, eps = 0.0000177725
t = 0.153000, it = 153, eps = 0.0000179473
t = 0.154000, it = 154, eps = 0.0000181218
t = 0.155000, it = 155, eps = 0.0000182959
t = 0.156000, it = 156, eps = 0.0000184697
t = 0.157000, it = 157, eps = 0.0000186430
t = 0.158000, it = 158, eps = 0.0000188160
t = 0.159000, it = 159, eps = 0.0000189885
t = 0.160000, it = 160, eps = 0.0000191606
t = 0.161000, it = 161, eps = 0.0000193322
t = 0.162000, it = 162, eps = 0.0000195033
t = 0.163000, it = 163, eps = 0.0000196739
t = 0.164000, it = 164, eps = 0.0000198438
t = 0.165000, it = 165, eps = 0.0000200133
t = 0.166000, it = 166, eps = 0.0000201821
t = 0.167000, it = 167, eps = 0.0000203502
t = 0.168000, it = 168, eps = 0.0000205178
t = 0.169000, it = 169, eps = 0.0000206846
t = 0.170000, it = 170, eps = 0.0000208508
t = 0.171000, it = 171, eps = 0.0000210162
t = 0.172000, it = 172, eps = 0.0000211808
t = 0.173000, it = 173, eps = 0.0000213447
t = 0.174000, it = 174, eps = 0.0000215078
t = 0.175000, it = 175, eps = 0.0000216701
t = 0.176000, it = 176, eps = 0.0000218315
t = 0.177000, it = 177, eps = 0.0000219920
t = 0.178000, it = 178, eps = 0.0000221517
t = 0.179000, it = 179, eps = 0.0000223104
t = 0.180000, it = 180, eps = 0.0000224682
t = 0.181000, it = 181, eps = 0.0000226250
t = 0.182000, it = 182, eps = 0.0000227808
t = 0.183000, it = 183, eps = 0.0000229356
t = 0.184000, it = 184, eps = 0.0000230893
t = 0.185000, it = 185, eps = 0.0000232420
t = 0.186000, it = 186, eps = 0.0000233936
t = 0.187000, it = 187, eps = 0.0000235441
t = 0.188000, it = 188, eps = 0.0000236935
t = 0.189000, it = 189, eps = 0.0000238417
t = 0.190000, it = 190, eps = 0.0000239887
t = 0.191000, it = 191, eps = 0.0000241344
t = 0.192000, it = 192, eps = 0.0000242790
t = 0.193000, it = 193, eps = 0.0000244223
t = 0.194000, it = 194, eps = 0.0000245643
t = 0.195000, it = 195, eps = 0.0000247051
t = 0.196000, it = 196, eps = 0.0000248445
t = 0.197000, it = 197, eps = 0.0000249825
t = 0.198000, it = 198, eps = 0.0000251192
t = 0.199000, it = 199, eps = 0.0000252545
t = 0.200000, it = 200, eps = 0.0000253883
t = 0.201000, it = 201, eps = 0.0000255208
t = 0.202000, it = 202, eps = 0.0000256517
t = 0.203000, it = 203, eps = 0.0000257812
t = 0.204000, it = 204, eps = 0.0000259092
t = 0.205000, it = 205, eps = 0.0000260356
t = 0.206000, it = 206, eps = 0.0000261605
t = 0.207000, it = 207, eps = 0.0000262837
t = 0.208000, it = 208, eps = 0.0000264054
t = 0.209000, it = 209, eps = 0.0000265255
t = 0.210000, it = 210, eps = 0.0000266440
t = 0.211000, it = 211, eps = 0.0000267607
t = 0.212000, it = 212, eps = 0.0000268758
t = 0.213000, it = 213, eps = 0.0000269892
t = 0.214000, it = 214, eps = 0.0000271008
t = 0.215000, it = 215, eps = 0.0000272107
t = 0.216000, it = 216, eps = 0.0000273188
t = 0.217000, it = 217, eps = 0.0000274251
t = 0.218000, it = 218, eps = 0.0000275296
t = 0.219000, it = 219, eps = 0.0000276322
t = 0.220000, it = 220, eps = 0.0000277330
t = 0.221000, it = 221, eps = 0.0000278320
t = 0.222000, it = 222, eps = 0.0000279290
t = 0.223000, it = 223, eps = 0.0000280241
t = 0.224000, it = 224, eps = 0.0000281172
t = 0.225000, it = 225, eps = 0.0000282084
t = 0.226000, it = 226, eps = 0.0000282976
t = 0.227000, it = 227, eps = 0.0000283848
t = 0.228000, it = 228, eps = 0.0000284700
t = 0.229000, it = 229, eps = 0.0000285531
t = 0.230000, it = 230, eps = 0.0000286342
t = 0.231000, it = 231, eps = 0.0000287132
t = 0.232000, it = 232, eps = 0.0000287901
t = 0.233000, it = 233, eps = 0.0000288648
t = 0.234000, it = 234, eps = 0.0000289375
t = 0.235000, it = 235, eps = 0.0000290079
t = 0.236000, it = 236, eps = 0.0000290762
t = 0.237000, it = 237, eps = 0.0000291423
t = 0.238000, it = 238, eps = 0.0000292062
t = 0.239000, it = 239, eps = 0.0000292678
t = 0.240000, it = 240, eps = 0.0000293272
t = 0.241000, it = 241, eps = 0.0000293844
t = 0.242000, it = 242, eps = 0.0000294392
t = 0.243000, it = 243, eps = 0.0000294917
t = 0.244000, it = 244, eps = 0.0000295420
t = 0.245000, it = 245, eps = 0.0000295898
t = 0.246000, it = 246, eps = 0.0000296353
t = 0.247000, it = 247, eps = 0.0000296785
t = 0.248000, it = 248, eps = 0.0000297192
t = 0.249000, it = 249, eps = 0.0000297576
t = 0.250000, it = 250, eps = 0.0000297935
t = 0.251000, it = 251, eps = 0.0000298270
t = 0.252000, it = 252, eps = 0.0000298580
t = 0.253000, it = 253, eps = 0.0000298865
t = 0.254000, it = 254, eps = 0.0000299126
t = 0.255000, it = 255, eps = 0.0000299362
t = 0.256000, it = 256, eps = 0.0000299572
t = 0.257000, it = 257, eps = 0.0000299757
t = 0.258000, it = 258, eps = 0.0000299917
t = 0.259000, it = 259, eps = 0.0000300051
t = 0.260000, it = 260, eps = 0.0000300159
t = 0.261000, it = 261, eps = 0.0000300241
t = 0.262000, it = 262, eps = 0.0000300297
t = 0.263000, it = 263, eps = 0.0000300327
t = 0.264000, it = 264, eps = 0.0000300331
t = 0.265000, it = 265, eps = 0.0000300308
t = 0.266000, it = 266, eps = 0.0000300259
t = 0.267000, it = 267, eps = 0.0000300182
t = 0.268000, it = 268, eps = 0.0000300079
t = 0.269000, it = 269, eps = 0.0000299949
t = 0.270000, it = 270, eps = 0.0000299792
t = 0.271000, it = 271, eps = 0.0000299608
t = 0.272000, it = 272, eps = 0.0000299396
t = 0.273000, it = 273, eps = 0.0000299157
t = 0.274000, it = 274, eps = 0.0000298890
t = 0.275000, it = 275, eps = 0.0000298595
t = 0.276000, it = 276, eps = 0.0000298273
t = 0.277000, it = 277, eps = 0.0000297923
t = 0.278000, it = 278, eps = 0.0000297544
t = 0.279000, it = 279, eps = 0.0000297138
t = 0.280000, it = 280, eps = 0.0000296703
t = 0.281000, it = 281, eps = 0.0000296240
t = 0.282000, it = 282, eps = 0.0000295749
t = 0.283000, it = 283, eps = 0.0000295228
t = 0.284000, it = 284, eps = 0.0000294680
t = 0.285000, it = 285, eps = 0.0000294102
t = 0.286000, it = 286, eps = 0.0000293496
t = 0.287000, it = 287, eps = 0.0000292861
t = 0.288000, it = 288, eps = 0.0000292197
t = 0.289000, it = 289, eps = 0.0000291504
t = 0.290000, it = 290, eps = 0.0000290781
t = 0.291000, it = 291, eps = 0.0000290030
t = 0.292000, it = 292, eps = 0.0000289249
t = 0.293000, it = 293, eps = 0.0000288439
t = 0.294000, it = 294, eps = 0.0000287599
t = 0.295000, it = 295, eps = 0.0000286730
t = 0.296000, it = 296, eps = 0.0000285832
t = 0.297000, it = 297, eps = 0.0000284903
t = 0.298000, it = 298, eps = 0.0000283945
t = 0.299000, it = 299, eps = 0.0000282958
t = 0.300000, it = 300, eps = 0.0000281940
t = 0.301000, it = 301, eps = 0.0000280893
t = 0.302000, it = 302, eps = 0.0000279816
t = 0.303000, it = 303, eps = 0.0000278709
t = 0.304000, it = 304, eps = 0.0000277571
t = 0.305000, it = 305, eps = 0.0000276404
t = 0.306000, it = 306, eps = 0.0000275207
t = 0.307000, it = 307, eps = 0.0000273980
t = 0.308000, it = 308, eps = 0.0000272722
t = 0.309000, it = 309, eps = 0.0000271435
t = 0.310000, it = 310, eps = 0.0000270117
t = 0.311000, it = 311, eps = 0.0000268769
t = 0.312000, it = 312, eps = 0.0000267391
t = 0.313000, it = 313, eps = 0.0000265982
t = 0.314000, it = 314, eps = 0.0000264543
t = 0.315000, it = 315, eps = 0.0000263074
t = 0.316000, it = 316, eps = 0.0000261575
t = 0.317000, it = 317, eps = 0.0000260045
t = 0.318000, it = 318, eps = 0.0000258485
t = 0.319000, it = 319, eps = 0.0000256895
t = 0.320000, it = 320, eps = 0.0000255274
t = 0.321000, it = 321, eps = 0.0000253623
t = 0.322000, it = 322, eps = 0.0000251942
t = 0.323000, it = 323, eps = 0.0000250230
t = 0.324000, it = 324, eps = 0.0000248488
t = 0.325000, it = 325, eps = 0.0000246716
t = 0.326000, it = 326, eps = 0.0000244913
t = 0.327000, it = 327, eps = 0.0000243080
t = 0.328000, it = 328, eps = 0.0000241217
t = 0.329000, it = 329, eps = 0.0000239324
t = 0.330000, it = 330, eps = 0.0000237401
t = 0.331000, it = 331, eps = 0.0000235447
t = 0.332000, it = 332, eps = 0.0000233463
t = 0.333000, it = 333, eps = 0.0000231449
t = 0.334000, it = 334, eps = 0.0000229405
t = 0.335000, it = 335, eps = 0.0000227331
t = 0.336000, it = 336, eps = 0.0000225228
t = 0.337000, it = 337, eps = 0.0000223094
t = 0.338000, it = 338, eps = 0.0000220930
t = 0.339000, it = 339, eps = 0.0000218736
t = 0.340000, it = 340, eps = 0.0000216513
t = 0.341000, it = 341, eps = 0.0000214260
t = 0.342000, it = 342, eps = 0.0000211977
t = 0.343000, it = 343, eps = 0.0000209665
t = 0.344000, it = 344, eps = 0.0000207323
t = 0.345000, it = 345, eps = 0.0000204951
t = 0.346000, it = 346, eps = 0.0000202550
t = 0.347000, it = 347, eps = 0.0000200120
t = 0.348000, it = 348, eps = 0.0000197661
t = 0.349000, it = 349, eps = 0.0000195172
t = 0.350000, it = 350, eps = 0.0000192654
t = 0.351000, it = 351, eps = 0.0000190107
t = 0.352000, it = 352, eps = 0.0000187532
t = 0.353000, it = 353, eps = 0.0000184927
t = 0.354000, it = 354, eps = 0.0000182294
t = 0.355000, it = 355, eps = 0.0000179632
t = 0.356000, it = 356, eps = 0.0000176941
t = 0.357000, it = 357, eps = 0.0000174222
t = 0.358000, it = 358, eps = 0.0000171475
t = 0.359000, it = 359, eps = 0.0000168699
t = 0.360000, it = 360, eps = 0.0000165895
t = 0.361000, it = 361, eps = 0.0000163064
t = 0.362000, it = 362, eps = 0.0000160204
t = 0.363000, it = 363, eps = 0.0000157316
t = 0.364000, it = 364, eps = 0.0000154401
t = 0.365000, it = 365, eps = 0.0000151458
t = 0.366000, it = 366, eps = 0.0000148488
t = 0.367000, it = 367, eps = 0.0000145490
t = 0.368000, it = 368, eps = 0.0000142466
t = 0.369000, it = 369, eps = 0.0000139414
t = 0.370000, it = 370, eps = 0.0000136335
t = 0.371000, it = 371, eps = 0.0000133229
t = 0.372000, it = 372, eps = 0.0000130097
t = 0.373000, it = 373, eps = 0.0000126939
t = 0.374000, it = 374, eps = 0.0000123754
t = 0.375000, it = 375, eps = 0.0000120542
t = 0.376000, it = 376, eps = 0.0000117305
t = 0.377000, it = 377, eps = 0.0000114042
t = 0.378000, it = 378, eps = 0.0000110753
t = 0.379000, it = 379, eps = 0.0000107439
t = 0.380000, it = 380, eps = 0.0000104099
t = 0.381000, it = 381, eps = 0.0000100734
t = 0.382000, it = 382, eps = 0.0000097344
t = 0.383000, it = 383, eps = 0.0000093928
t = 0.384000, it = 384, eps = 0.0000090489
t = 0.385000, it = 385, eps = 0.0000087024
t = 0.386000, it = 386, eps = 0.0000083535
t = 0.387000, it = 387, eps = 0.0000080022
t = 0.388000, it = 388, eps = 0.0000076485
t = 0.389000, it = 389, eps = 0.0000072924
t = 0.390000, it = 390, eps = 0.0000069340
t = 0.391000, it = 391, eps = 0.0000065732
t = 0.392000, it = 392, eps = 0.0000062101
t = 0.393000, it = 393, eps = 0.0000058446
t = 0.394000, it = 394, eps = 0.0000054769
t = 0.395000, it = 395, eps = 0.0000051069
t = 0.396000, it = 396, eps = 0.0000047347
t = 0.397000, it = 397, eps = 0.0000043602
t = 0.398000, it = 398, eps = 0.0000039836
t = 0.399000, it = 399, eps = 0.0000036047
t = 0.400000, it = 400, eps = 0.0000032237
t = 0.401000, it = 401, eps = 0.0000028405
t = 0.402000, it = 402, eps = 0.0000024553
t = 0.403000, it = 403, eps = 0.0000020679
t = 0.404000, it = 404, eps = 0.0000016784
t = 0.405000, it = 405, eps = 0.0000012869
t = 0.406000, it = 406, eps = 0.0000008934
t = 0.407000, it = 407, eps = 0.0000004979
t = 0.408000, it = 408, eps = 0.0000001004
t = 0.409000, it = 409, eps = 0.0000002991
t = 0.410000, it = 410, eps = 0.0000007006
t = 0.411000, it = 411, eps = 0.0000011039
t = 0.412000, it = 412, eps = 0.0000015091
t = 0.413000, it = 413, eps = 0.0000019162
t = 0.414000, it = 414, eps = 0.0000023251
t = 0.415000, it = 415, eps = 0.0000027359
t = 0.416000, it = 416, eps = 0.0000031484
t = 0.417000, it = 417, eps = 0.0000035627
t = 0.418000, it = 418, eps = 0.0000039787
t = 0.419000, it = 419, eps = 0.0000043965
t = 0.420000, it = 420, eps = 0.0000048159
t = 0.421000, it = 421, eps = 0.0000052370
t = 0.422000, it = 422, eps = 0.0000056598
t = 0.423000, it = 423, eps = 0.0000060841
t = 0.424000, it = 424, eps = 0.0000065100
t = 0.425000, it = 425, eps = 0.0000069375
t = 0.426000, it = 426, eps = 0.0000073665
t = 0.427000, it = 427, eps = 0.0000077970
t = 0.428000, it = 428, eps = 0.0000082290
t = 0.429000, it = 429, eps = 0.0000086624
t = 0.430000, it = 430, eps = 0.0000090973
t = 0.431000, it = 431, eps = 0.0000095335
t = 0.432000, it = 432, eps = 0.0000099711
t = 0.433000, it = 433, eps = 0.0000104100
t = 0.434000, it = 434, eps = 0.0000108502
t = 0.435000, it = 435, eps = 0.0000112917
t = 0.436000, it = 436, eps = 0.0000117345
t = 0.437000, it = 437, eps = 0.0000121784
t = 0.438000, it = 438, eps = 0.0000126236
t = 0.439000, it = 439, eps = 0.0000130699
t = 0.440000, it = 440, eps = 0.0000135173
t = 0.441000, it = 441, eps = 0.0000139658
t = 0.442000, it = 442, eps = 0.0000144154
t = 0.443000, it = 443, eps = 0.0000148660
t = 0.444000, it = 444, eps = 0.0000153177
t = 0.445000, it = 445, eps = 0.0000157703
t = 0.446000, it = 446, eps = 0.0000162238
t = 0.447000, it = 447, eps = 0.0000166783
t = 0.448000, it = 448, eps = 0.0000171336
t = 0.449000, it = 449, eps = 0.0000175898
t = 0.450000, it = 450, eps = 0.0000180468
t = 0.451000, it = 451, eps = 0.0000185046
t = 0.452000, it = 452, eps = 0.0000189631
t = 0.453000, it = 453, eps = 0.0000194224
t = 0.454000, it = 454, eps = 0.0000198824
t = 0.455000, it = 455, eps = 0.0000203430
t = 0.456000, it = 456, eps = 0.0000208042
t = 0.457000, it = 457, eps = 0.0000212661
t = 0.458000, it = 458, eps = 0.0000217285
t = 0.459000, it = 459, eps = 0.0000221914
t = 0.460000, it = 460, eps = 0.0000226548
t = 0.461000, it = 461, eps = 0.0000231187
t = 0.462000, it = 462, eps = 0.0000235830
t = 0.463000, it = 463, eps = 0.0000240477
t = 0.464000, it = 464, eps = 0.0000245127
t = 0.465000, it = 465, eps = 0.0000249781
t = 0.466000, it = 466, eps = 0.0000254438
t = 0.467000, it = 467, eps = 0.0000259097
t = 0.468000, it = 468, eps = 0.0000263758
t = 0.469000, it = 469, eps = 0.0000268422
t = 0.470000, it = 470, eps = 0.0000273087
t = 0.471000, it = 471, eps = 0.0000277753
t = 0.472000, it = 472, eps = 0.0000282420
t = 0.473000, it = 473, eps = 0.0000287088
t = 0.474000, it = 474, eps = 0.0000291755
t = 0.475000, it = 475, eps = 0.0000296423
t = 0.476000, it = 476, eps = 0.0000301090
t = 0.477000, it = 477, eps = 0.0000305756
t = 0.478000, it = 478, eps = 0.0000310421
t = 0.479000, it = 479, eps = 0.0000315084
t = 0.480000, it = 480, eps = 0.0000319746
t = 0.481000, it = 481, eps = 0.0000324405
t = 0.482000, it = 482, eps = 0.0000329061
t = 0.483000, it = 483, eps = 0.0000333715
t = 0.484000, it = 484, eps = 0.0000338365
t = 0.485000, it = 485, eps = 0.0000343011
t = 0.486000, it = 486, eps = 0.0000347654
t = 0.487000, it = 487, eps = 0.0000352291
t = 0.488000, it = 488, eps = 0.0000356924
t = 0.489000, it = 489, eps = 0.0000361552
t = 0.490000, it = 490, eps = 0.0000366175
t = 0.491000, it = 491, eps = 0.0000370791
t = 0.492000, it = 492, eps = 0.0000375402
t = 0.493000, it = 493, eps = 0.0000380005
t = 0.494000, it = 494, eps = 0.0000384602
t = 0.495000, it = 495, eps = 0.0000389191
t = 0.496000, it = 496, eps = 0.0000393773
t = 0.497000, it = 497, eps = 0.0000398347
t = 0.498000, it = 498, eps = 0.0000402912
t = 0.499000, it = 499, eps = 0.0000407468
t = 0.500000, it = 500, eps = 0.0000412016
t = 0.501000, it = 501, eps = 0.0000416553
t = 0.502000, it = 502, eps = 0.0000421081
t = 0.503000, it = 503, eps = 0.0000425599
t = 0.504000, it = 504, eps = 0.0000430106
t = 0.505000, it = 505, eps = 0.0000434602
t = 0.506000, it = 506, eps = 0.0000439086
t = 0.507000, it = 507, eps = 0.0000443559
t = 0.508000, it = 508, eps = 0.0000448020
t = 0.509000, it = 509, eps = 0.0000452468
t = 0.510000, it = 510, eps = 0.0000456904
t = 0.511000, it = 511, eps = 0.0000461326
t = 0.512000, it = 512, eps = 0.0000465735
t = 0.513000, it = 513, eps = 0.0000470129
t = 0.514000, it = 514, eps = 0.0000474510
t = 0.515000, it = 515, eps = 0.0000478876
t = 0.516000, it = 516, eps = 0.0000483226
t = 0.517000, it = 517, eps = 0.0000487562
t = 0.518000, it = 518, eps = 0.0000491881
t = 0.519000, it = 519, eps = 0.0000496185
t = 0.520000, it = 520, eps = 0.0000500471
t = 0.521000, it = 521, eps = 0.0000504741
t = 0.522000, it = 522, eps = 0.0000508994
t = 0.523000, it = 523, eps = 0.0000513229
t = 0.524000, it = 524, eps = 0.0000517446
t = 0.525000, it = 525, eps = 0.0000521645
t = 0.526000, it = 526, eps = 0.0000525825
t = 0.527000, it = 527, eps = 0.0000529986
t = 0.528000, it = 528, eps = 0.0000534128
t = 0.529000, it = 529, eps = 0.0000538250
t = 0.530000, it = 530, eps = 0.0000542351
t = 0.531000, it = 531, eps = 0.0000546432
t = 0.532000, it = 532, eps = 0.0000550492
t = 0.533000, it = 533, eps = 0.0000554531
t = 0.534000, it = 534, eps = 0.0000558549
t = 0.535000, it = 535, eps = 0.0000562544
t = 0.536000, it = 536, eps = 0.0000566517
t = 0.537000, it = 537, eps = 0.0000570467
t = 0.538000, it = 538, eps = 0.0000574394
t = 0.539000, it = 539, eps = 0.0000578298
t = 0.540000, it = 540, eps = 0.0000582178
t = 0.541000, it = 541, eps = 0.0000586034
t = 0.542000, it = 542, eps = 0.0000589865
t = 0.543000, it = 543, eps = 0.0000593671
t = 0.544000, it = 544, eps = 0.0000597452
t = 0.545000, it = 545, eps = 0.0000601208
t = 0.546000, it = 546, eps = 0.0000604938
t = 0.547000, it = 547, eps = 0.0000608641
t = 0.548000, it = 548, eps = 0.0000612318
t = 0.549000, it = 549, eps = 0.0000615968
t = 0.550000, it = 550, eps = 0.0000619591
t = 0.551000, it = 551, eps = 0.0000623186
t = 0.552000, it = 552, eps = 0.0000626753
t = 0.553000, it = 553, eps = 0.0000630291
t = 0.554000, it = 554, eps = 0.0000633801
t = 0.555000, it = 555, eps = 0.0000637282
t = 0.556000, it = 556, eps = 0.0000640733
t = 0.557000, it = 557, eps = 0.0000644155
t = 0.558000, it = 558, eps = 0.0000647546
t = 0.559000, it = 559, eps = 0.0000650908
t = 0.560000, it = 560, eps = 0.0000654238
t = 0.561000, it = 561, eps = 0.0000657538
t = 0.562000, it = 562, eps = 0.0000660806
t = 0.563000, it = 563, eps = 0.0000664042
t = 0.564000, it = 564, eps = 0.0000667246
t = 0.565000, it = 565, eps = 0.0000670418
t = 0.566000, it = 566, eps = 0.0000673557
t = 0.567000, it = 567, eps = 0.0000676663
t = 0.568000, it = 568, eps = 0.0000679736
t = 0.569000, it = 569, eps = 0.0000682774
t = 0.570000, it = 570, eps = 0.0000685779
t = 0.571000, it = 571, eps = 0.0000688750
t = 0.572000, it = 572, eps = 0.0000691686
t = 0.573000, it = 573, eps = 0.0000694587
t = 0.574000, it = 574, eps = 0.0000697452
t = 0.575000, it = 575, eps = 0.0000700282
t = 0.576000, it = 576, eps = 0.0000703076
t = 0.577000, it = 577, eps = 0.0000705834
t = 0.578000, it = 578, eps = 0.0000708555
t = 0.579000, it = 579, eps = 0.0000711240
t = 0.580000, it = 580, eps = 0.0000713887
t = 0.581000, it = 581, eps = 0.0000716497
t = 0.582000, it = 582, eps = 0.0000719069
t = 0.583000, it = 583, eps = 0.0000721603
t = 0.584000, it = 584, eps = 0.0000724099
t = 0.585000, it = 585, eps = 0.0000726556
t = 0.586000, it = 586, eps = 0.0000728974
t = 0.587000, it = 587, eps = 0.0000731353
t = 0.588000, it = 588, eps = 0.0000733692
t = 0.589000, it = 589, eps = 0.0000735992
t = 0.590000, it = 590, eps = 0.0000738251
t = 0.591000, it = 591, eps = 0.0000740470
t = 0.592000, it = 592, eps = 0.0000742649
t = 0.593000, it = 593, eps = 0.0000744786
t = 0.594000, it = 594, eps = 0.0000746883
t = 0.595000, it = 595, eps = 0.0000748937
t = 0.596000, it = 596, eps = 0.0000750950
t = 0.597000, it = 597, eps = 0.0000752922
t = 0.598000, it = 598, eps = 0.0000754850
t = 0.599000, it = 599, eps = 0.0000756737
t = 0.600000, it = 600, eps = 0.0000758580
t = 0.601000, it = 601, eps = 0.0000760381
t = 0.602000, it = 602, eps = 0.0000762138
t = 0.603000, it = 603, eps = 0.0000763851
t = 0.604000, it = 604, eps = 0.0000765521
t = 0.605000, it = 605, eps = 0.0000767147
t = 0.606000, it = 606, eps = 0.0000768728
t = 0.607000, it = 607, eps = 0.0000770265
t = 0.608000, it = 608, eps = 0.0000771757
t = 0.609000, it = 609, eps = 0.0000773203
t = 0.610000, it = 610, eps = 0.0000774605
t = 0.611000, it = 611, eps = 0.0000775961
t = 0.612000, it = 612, eps = 0.0000777272
t = 0.613000, it = 613, eps = 0.0000778536
t = 0.614000, it = 614, eps = 0.0000779754
t = 0.615000, it = 615, eps = 0.0000780926
t = 0.616000, it = 616, eps = 0.0000782051
t = 0.617000, it = 617, eps = 0.0000783129
t = 0.618000, it = 618, eps = 0.0000784161
t = 0.619000, it = 619, eps = 0.0000785145
t = 0.620000, it = 620, eps = 0.0000786081
t = 0.621000, it = 621, eps = 0.0000786970
t = 0.622000, it = 622, eps = 0.0000787811
t = 0.623000, it = 623, eps = 0.0000788603
t = 0.624000, it = 624, eps = 0.0000789348
t = 0.625000, it = 625, eps = 0.0000790044
t = 0.626000, it = 626, eps = 0.0000790691
t = 0.627000, it = 627, eps = 0.0000791290
t = 0.628000, it = 628, eps = 0.0000791839
t = 0.629000, it = 629, eps = 0.0000792339
t = 0.630000, it = 630, eps = 0.0000792790
t = 0.631000, it = 631, eps = 0.0000793191
t = 0.632000, it = 632, eps = 0.0000793542
t = 0.633000, it = 633, eps = 0.0000793844
t = 0.634000, it = 634, eps = 0.0000794095
t = 0.635000, it = 635, eps = 0.0000794296
t = 0.636000, it = 636, eps = 0.0000794447
t = 0.637000, it = 637, eps = 0.0000794547
t = 0.638000, it = 638, eps = 0.0000794597
t = 0.639000, it = 639, eps = 0.0000794595
t = 0.640000, it = 640, eps = 0.0000794543
t = 0.641000, it = 641, eps = 0.0000794439
t = 0.642000, it = 642, eps = 0.0000794284
t = 0.643000, it = 643, eps = 0.0000794077
t = 0.644000, it = 644, eps = 0.0000793819
t = 0.645000, it = 645, eps = 0.0000793509
t = 0.646000, it = 646, eps = 0.0000793148
t = 0.647000, it = 647, eps = 0.0000792734
t = 0.648000, it = 648, eps = 0.0000792269
t = 0.649000, it = 649, eps = 0.0000791751
t = 0.650000, it = 650, eps = 0.0000791180
t = 0.651000, it = 651, eps = 0.0000790558
t = 0.652000, it = 652, eps = 0.0000789883
t = 0.653000, it = 653, eps = 0.0000789155
t = 0.654000, it = 654, eps = 0.0000788374
t = 0.655000, it = 655, eps = 0.0000787541
t = 0.656000, it = 656, eps = 0.0000786654
t = 0.657000, it = 657, eps = 0.0000785715
t = 0.658000, it = 658, eps = 0.0000784723
t = 0.659000, it = 659, eps = 0.0000783677
t = 0.660000, it = 660, eps = 0.0000782578
t = 0.661000, it = 661, eps = 0.0000781426
t = 0.662000, it = 662, eps = 0.0000780220
t = 0.663000, it = 663, eps = 0.0000778961
t = 0.664000, it = 664, eps = 0.0000777648
t = 0.665000, it = 665, eps = 0.0000776282
t = 0.666000, it = 666, eps = 0.0000774862
t = 0.667000, it = 667, eps = 0.0000773388
t = 0.668000, it = 668, eps = 0.0000771861
t = 0.669000, it = 669, eps = 0.0000770279
t = 0.670000, it = 670, eps = 0.0000768644
t = 0.671000, it = 671, eps = 0.0000766955
t = 0.672000, it = 672, eps = 0.0000765212
t = 0.673000, it = 673, eps = 0.0000763415
t = 0.674000, it = 674, eps = 0.0000761564
t = 0.675000, it = 675, eps = 0.0000759659
t = 0.676000, it = 676, eps = 0.0000757700
t = 0.677000, it = 677, eps = 0.0000755687
t = 0.678000, it = 678, eps = 0.0000753620
t = 0.679000, it = 679, eps = 0.0000751498
t = 0.680000, it = 680, eps = 0.0000749323
t = 0.681000, it = 681, eps = 0.0000747093
t = 0.682000, it = 682, eps = 0.0000744810
t = 0.683000, it = 683, eps = 0.0000742472
t = 0.684000, it = 684, eps = 0.0000740081
t = 0.685000, it = 685, eps = 0.0000737635
t = 0.686000, it = 686, eps = 0.0000735135
t = 0.687000, it = 687, eps = 0.0000732581
t = 0.688000, it = 688, eps = 0.0000729973
t = 0.689000, it = 689, eps = 0.0000727312
t = 0.690000, it = 690, eps = 0.0000724596
t = 0.691000, it = 691, eps = 0.0000721826
t = 0.692000, it = 692, eps = 0.0000719003
t = 0.693000, it = 693, eps = 0.0000716125
t = 0.694000, it = 694, eps = 0.0000713194
t = 0.695000, it = 695, eps = 0.0000710209
t = 0.696000, it = 696, eps = 0.0000707171
t = 0.697000, it = 697, eps = 0.0000704079
t = 0.698000, it = 698, eps = 0.0000700933
t = 0.699000, it = 699, eps = 0.0000697734
t = 0.700000, it = 700, eps = 0.0000694482
t = 0.701000, it = 701, eps = 0.0000691176
t = 0.702000, it = 702, eps = 0.0000687817
t = 0.703000, it = 703, eps = 0.0000684405
t = 0.704000, it = 704, eps = 0.0000680939
t = 0.705000, it = 705, eps = 0.0000677421
t = 0.706000, it = 706, eps = 0.0000673850
t = 0.707000, it = 707, eps = 0.0000670226
t = 0.708000, it = 708, eps = 0.0000666549
t = 0.709000, it = 709, eps = 0.0000662820
t = 0.710000, it = 710, eps = 0.0000659038
t = 0.711000, it = 711, eps = 0.0000655204
t = 0.712000, it = 712, eps = 0.0000651318
t = 0.713000, it = 713, eps = 0.0000647379
t = 0.714000, it = 714, eps = 0.0000643388
t = 0.715000, it = 715, eps = 0.0000639346
t = 0.716000, it = 716, eps = 0.0000635252
t = 0.717000, it = 717, eps = 0.0000631106
t = 0.718000, it = 718, eps = 0.0000626909
t = 0.719000, it = 719, eps = 0.0000622660
t = 0.720000, it = 720, eps = 0.0000618361
t = 0.721000, it = 721, eps = 0.0000614010
t = 0.722000, it = 722, eps = 0.0000609609
t = 0.723000, it = 723, eps = 0.0000605156
t = 0.724000, it = 724, eps = 0.0000600653
t = 0.725000, it = 725, eps = 0.0000596100
t = 0.726000, it = 726, eps = 0.0000591497
t = 0.727000, it = 727, eps = 0.0000586844
t = 0.728000, it = 728, eps = 0.0000582140
t = 0.729000, it = 729, eps = 0.0000577387
t = 0.730000, it = 730, eps = 0.0000572585
t = 0.731000, it = 731, eps = 0.0000567733
t = 0.732000, it = 732, eps = 0.0000562833
t = 0.733000, it = 733, eps = 0.0000557883
t = 0.734000, it = 734, eps = 0.0000552885
t = 0.735000, it = 735, eps = 0.0000547838
t = 0.736000, it = 736, eps = 0.0000542743
t = 0.737000, it = 737, eps = 0.0000537600
t = 0.738000, it = 738, eps = 0.0000532409
t = 0.739000, it = 739, eps = 0.0000527170
t = 0.740000, it = 740, eps = 0.0000521885
t = 0.741000, it = 741, eps = 0.0000516551
t = 0.742000, it = 742, eps = 0.0000511171
t = 0.743000, it = 743, eps = 0.0000505745
t = 0.744000, it = 744, eps = 0.0000500272
t = 0.745000, it = 745, eps = 0.0000494752
t = 0.746000, it = 746, eps = 0.0000489187
t = 0.747000, it = 747, eps = 0.0000483576
t = 0.748000, it = 748, eps = 0.0000477919
t = 0.749000, it = 749, eps = 0.0000472218
t = 0.750000, it = 750, eps = 0.0000466471
t = 0.751000, it = 751, eps = 0.0000460680
t = 0.752000, it = 752, eps = 0.0000454844
t = 0.753000, it = 753, eps = 0.0000448964
t = 0.754000, it = 754, eps = 0.0000443041
t = 0.755000, it = 755, eps = 0.0000437073
t = 0.756000, it = 756, eps = 0.0000431063
t = 0.757000, it = 757, eps = 0.0000425009
t = 0.758000, it = 758, eps = 0.0000418913
t = 0.759000, it = 759, eps = 0.0000412775
t = 0.760000, it = 760, eps = 0.0000406594
t = 0.761000, it = 761, eps = 0.0000400372
t = 0.762000, it = 762, eps = 0.0000394108
t = 0.763000, it = 763, eps = 0.0000387802
t = 0.764000, it = 764, eps = 0.0000381456
t = 0.765000, it = 765, eps = 0.0000375070
t = 0.766000, it = 766, eps = 0.0000368643
t = 0.767000, it = 767, eps = 0.0000362176
t = 0.768000, it = 768, eps = 0.0000355670
t = 0.769000, it = 769, eps = 0.0000349124
t = 0.770000, it = 770, eps = 0.0000342539
t = 0.771000, it = 771, eps = 0.0000335916
t = 0.772000, it = 772, eps = 0.0000329255
t = 0.773000, it = 773, eps = 0.0000322556
t = 0.774000, it = 774, eps = 0.0000315819
t = 0.775000, it = 775, eps = 0.0000309045
t = 0.776000, it = 776, eps = 0.0000302234
t = 0.777000, it = 777, eps = 0.0000295386
t = 0.778000, it = 778, eps = 0.0000288503
t = 0.779000, it = 779, eps = 0.0000281583
t = 0.780000, it = 780, eps = 0.0000274628
t = 0.781000, it = 781, eps = 0.0000267639
t = 0.782000, it = 782, eps = 0.0000260614
t = 0.783000, it = 783, eps = 0.0000253555
t = 0.784000, it = 784, eps = 0.0000246463
t = 0.785000, it = 785, eps = 0.0000239336
t = 0.786000, it = 786, eps = 0.0000232177
t = 0.787000, it = 787, eps = 0.0000224985
t = 0.788000, it = 788, eps = 0.0000217760
t = 0.789000, it = 789, eps = 0.0000210504
t = 0.790000, it = 790, eps = 0.0000203216
t = 0.791000, it = 791, eps = 0.0000195897
t = 0.792000, it = 792, eps = 0.0000188547
t = 0.793000, it = 793, eps = 0.0000181166
t = 0.794000, it = 794, eps = 0.0000173756
t = 0.795000, it = 795, eps = 0.0000166316
t = 0.796000, it = 796, eps = 0.0000158847
t = 0.797000, it = 797, eps = 0.0000151349
t = 0.798000, it = 798, eps = 0.0000143823
t = 0.799000, it = 799, eps = 0.0000136269
t = 0.800000, it = 800, eps = 0.0000128688
t = 0.801000, it = 801, eps = 0.0000121080
t = 0.802000, it = 802, eps = 0.0000113445
t = 0.803000, it = 803, eps = 0.0000105784
t = 0.804000, it = 804, eps = 0.0000098097
t = 0.805000, it = 805, eps = 0.0000090385
t = 0.806000, it = 806, eps = 0.0000082648
t = 0.807000, it = 807, eps = 0.0000074887
t = 0.808000, it = 808, eps = 0.0000067102
t = 0.809000, it = 809, eps = 0.0000059293
t = 0.810000, it = 810, eps = 0.0000051462
t = 0.811000, it = 811, eps = 0.0000043607
t = 0.812000, it = 812, eps = 0.0000035731
t = 0.813000, it = 813, eps = 0.0000027833
t = 0.814000, it = 814, eps = 0.0000019914
t = 0.815000, it = 815, eps = 0.0000011974
t = 0.816000, it = 816, eps = 0.0000004014
t = 0.817000, it = 817, eps = 0.0000003966
t = 0.818000, it = 818, eps = 0.0000011965
t = 0.819000, it = 819, eps = 0.0000019983
t = 0.820000, it = 820, eps = 0.0000028020
t = 0.821000, it = 821, eps = 0.0000036074
t = 0.822000, it = 822, eps = 0.0000044146
t = 0.823000, it = 823, eps = 0.0000052234
t = 0.824000, it = 824, eps = 0.0000060339
t = 0.825000, it = 825, eps = 0.0000068460
t = 0.826000, it = 826, eps = 0.0000076597
t = 0.827000, it = 827, eps = 0.0000084748
t = 0.828000, it = 828, eps = 0.0000092914
t = 0.829000, it = 829, eps = 0.0000101094
t = 0.830000, it = 830, eps = 0.0000109287
t = 0.831000, it = 831, eps = 0.0000117493
t = 0.832000, it = 832, eps = 0.0000125712
t = 0.833000, it = 833, eps = 0.0000133943
t = 0.834000, it = 834, eps = 0.0000142185
t = 0.835000, it = 835, eps = 0.0000150438
t = 0.836000, it = 836, eps = 0.0000158702
t = 0.837000, it = 837, eps = 0.0000166975
t = 0.838000, it = 838, eps = 0.0000175258
t = 0.839000, it = 839, eps = 0.0000183550
t = 0.840000, it = 840, eps = 0.0000191850
t = 0.841000, it = 841, eps = 0.0000200158
t = 0.842000, it = 842, eps = 0.0000208474
t = 0.843000, it = 843, eps = 0.0000216796
t = 0.844000, it = 844, eps = 0.0000225124
t = 0.845000, it = 845, eps = 0.0000233459
t = 0.846000, it = 846, eps = 0.0000241798
t = 0.847000, it = 847, eps = 0.0000250142
t = 0.848000, it = 848, eps = 0.0000258491
t = 0.849000, it = 849, eps = 0.0000266843
t = 0.850000, it = 850, eps = 0.0000275198
t = 0.851000, it = 851, eps = 0.0000283556
t = 0.852000, it = 852, eps = 0.0000291916
t = 0.853000, it = 853, eps = 0.0000300278
t = 0.854000, it = 854, eps = 0.0000308640
t = 0.855000, it = 855, eps = 0.0000317003
t = 0.856000, it = 856, eps = 0.0000325366
t = 0.857000, it = 857, eps = 0.0000333728
t = 0.858000, it = 858, eps = 0.0000342089
t = 0.859000, it = 859, eps = 0.0000350449
t = 0.860000, it = 860, eps = 0.0000358806
t = 0.861000, it = 861, eps = 0.0000367160
t = 0.862000, it = 862, eps = 0.0000375512
t = 0.863000, it = 863, eps = 0.0000383859
t = 0.864000, it = 864, eps = 0.0000392201
t = 0.865000, it = 865, eps = 0.0000400539
t = 0.866000, it = 866, eps = 0.0000408872
t = 0.867000, it = 867, eps = 0.0000417198
t = 0.868000, it = 868, eps = 0.0000425517
t = 0.869000, it = 869, eps = 0.0000433830
t = 0.870000, it = 870, eps = 0.0000442134
t = 0.871000, it = 871, eps = 0.0000450431
t = 0.872000, it = 872, eps = 0.0000458719
t = 0.873000, it = 873, eps = 0.0000466997
t = 0.874000, it = 874, eps = 0.0000475265
t = 0.875000, it = 875, eps = 0.0000483523
t = 0.876000, it = 876, eps = 0.0000491770
t = 0.877000, it = 877, eps = 0.0000500005
t = 0.878000, it = 878, eps = 0.0000508228
t = 0.879000, it = 879, eps = 0.0000516438
t = 0.880000, it = 880, eps = 0.0000524636
t = 0.881000, it = 881, eps = 0.0000532819
t = 0.882000, it = 882, eps = 0.0000540988
t = 0.883000, it = 883, eps = 0.0000549142
t = 0.884000, it = 884, eps = 0.0000557281
t = 0.885000, it = 885, eps = 0.0000565403
t = 0.886000, it = 886, eps = 0.0000573509
t = 0.887000, it = 887, eps = 0.0000581598
t = 0.888000, it = 888, eps = 0.0000589669
t = 0.889000, it = 889, eps = 0.0000597722
t = 0.890000, it = 890, eps = 0.0000605756
t = 0.891000, it = 891, eps = 0.0000613770
t = 0.892000, it = 892, eps = 0.0000621765
t = 0.893000, it = 893, eps = 0.0000629739
t = 0.894000, it = 894, eps = 0.0000637693
t = 0.895000, it = 895, eps = 0.0000645624
t = 0.896000, it = 896, eps = 0.0000653534
t = 0.897000, it = 897, eps = 0.0000661421
t = 0.898000, it = 898, eps = 0.0000669284
t = 0.899000, it = 899, eps = 0.0000677124
t = 0.900000, it = 900, eps = 0.0000684939
t = 0.901000, it = 901, eps = 0.0000692730
t = 0.902000, it = 902, eps = 0.0000700495
t = 0.903000, it = 903, eps = 0.0000708234
t = 0.904000, it = 904, eps = 0.0000715946
t = 0.905000, it = 905, eps = 0.0000723632
t = 0.906000, it = 906, eps = 0.0000731289
t = 0.907000, it = 907, eps = 0.0000738919
t = 0.908000, it = 908, eps = 0.0000746519
t = 0.909000, it = 909, eps = 0.0000754091
t = 0.910000, it = 910, eps = 0.0000761632
t = 0.911000, it = 911, eps = 0.0000769143
t = 0.912000, it = 912, eps = 0.0000776624
t = 0.913000, it = 913, eps = 0.0000784072
t = 0.914000, it = 914, eps = 0.0000791489
t = 0.915000, it = 915, eps = 0.0000798873
t = 0.916000, it = 916, eps = 0.0000806224
t = 0.917000, it = 917, eps = 0.0000813541
t = 0.918000, it = 918, eps = 0.0000820824
t = 0.919000, it = 919, eps = 0.0000828073
t = 0.920000, it = 920, eps = 0.0000835286
t = 0.921000, it = 921, eps = 0.0000842463
t = 0.922000, it = 922, eps = 0.0000849604
t = 0.923000, it = 923, eps = 0.0000856709
t = 0.924000, it = 924, eps = 0.0000863775
t = 0.925000, it = 925, eps = 0.0000870804
t = 0.926000, it = 926, eps = 0.0000877795
t = 0.927000, it = 927, eps = 0.0000884746
t = 0.928000, it = 928, eps = 0.0000891658
t = 0.929000, it = 929, eps = 0.0000898530
t = 0.930000, it = 930, eps = 0.0000905361
t = 0.931000, it = 931, eps = 0.0000912152
t = 0.932000, it = 932, eps = 0.0000918900
t = 0.933000, it = 933, eps = 0.0000925607
t = 0.934000, it = 934, eps = 0.0000932271
t = 0.935000, it = 935, eps = 0.0000938892
t = 0.936000, it = 936, eps = 0.0000945469
t = 0.937000, it = 937, eps = 0.0000952003
t = 0.938000, it = 938, eps = 0.0000958491
t = 0.939000, it = 939, eps = 0.0000964935
t = 0.940000, it = 940, eps = 0.0000971332
t = 0.941000, it = 941, eps = 0.0000977684
t = 0.942000, it = 942, eps = 0.0000983989
t = 0.943000, it = 943, eps = 0.0000990247
t = 0.944000, it = 944, eps = 0.0000996457
t = 0.945000, it = 945, eps = 0.0001002619
t = 0.946000, it = 946, eps = 0.0001008732
t = 0.947000, it = 947, eps = 0.0001014796
t = 0.948000, it = 948, eps = 0.0001020811
t = 0.949000, it = 949, eps = 0.0001026776
t = 0.950000, it = 950, eps = 0.0001032690
t = 0.951000, it = 951, eps = 0.0001038552
t = 0.952000, it = 952, eps = 0.0001044364
t = 0.953000, it = 953, eps = 0.0001050123
t = 0.954000, it = 954, eps = 0.0001055830
t = 0.955000, it = 955, eps = 0.0001061484
t = 0.956000, it = 956, eps = 0.0001067085
t = 0.957000, it = 957, eps = 0.0001072632
t = 0.958000, it = 958, eps = 0.0001078124
t = 0.959000, it = 959, eps = 0.0001083562
t = 0.960000, it = 960, eps = 0.0001088944
t = 0.961000, it = 961, eps = 0.0001094271
t = 0.962000, it = 962, eps = 0.0001099542
t = 0.963000, it = 963, eps = 0.0001104756
t = 0.964000, it = 964, eps = 0.0001109913
t = 0.965000, it = 965, eps = 0.0001115012
t = 0.966000, it = 966, eps = 0.0001120054
t = 0.967000, it = 967, eps = 0.0001125037
t = 0.968000, it = 968, eps = 0.0001129961
t = 0.969000, it = 969, eps = 0.0001134827
t = 0.970000, it = 970, eps = 0.0001139632
t = 0.971000, it = 971, eps = 0.0001144378
t = 0.972000, it = 972, eps = 0.0001149063
t = 0.973000, it = 973, eps = 0.0001153687
t = 0.974000, it = 974, eps = 0.0001158250
t = 0.975000, it = 975, eps = 0.0001162751
t = 0.976000, it = 976, eps = 0.0001167190
t = 0.977000, it = 977, eps = 0.0001171567
t = 0.978000, it = 978, eps = 0.0001175880
t = 0.979000, it = 979, eps = 0.0001180130
t = 0.980000, it = 980, eps = 0.0001184317
t = 0.981000, it = 981, eps = 0.0001188439
t = 0.982000, it = 982, eps = 0.0001192497
t = 0.983000, it = 983, eps = 0.0001196490
t = 0.984000, it = 984, eps = 0.0001200418
t = 0.985000, it = 985, eps = 0.0001204280
t = 0.986000, it = 986, eps = 0.0001208076
t = 0.987000, it = 987, eps = 0.0001211805
t = 0.988000, it = 988, eps = 0.0001215468
t = 0.989000, it = 989, eps = 0.0001219064
t = 0.990000, it = 990, eps = 0.0001222592
t = 0.991000, it = 991, eps = 0.0001226053
t = 0.992000, it = 992, eps = 0.0001229445
t = 0.993000, it = 993, eps = 0.0001232769
t = 0.994000, it = 994, eps = 0.0001236024
t = 0.995000, it = 995, eps = 0.0001239209
t = 0.996000, it = 996, eps = 0.0001242325
t = 0.997000, it = 997, eps = 0.0001245372
t = 0.998000, it = 998, eps = 0.0001248348
t = 0.999000, it = 999, eps = 0.0001251253
t = 1.000000, it = 1000, eps = 0.0001254088


PS:

Read file <err/mainerrP40-N256.err> for stderr output of this job.

Sender: LSF System <lsfadmin@polus-c3-ib.bmc.hpc.cs.msu.ru>
Subject: Job 975866: <# this file was automaticly created by mpisubmit.pl script for edu-cmc-skmodel22-621-04 #;source /polusfs/setenv/setup.SMPI;#BSUB -n 40;#BSUB -W 00:15;#BSUB -o output/mainoutP40-N256-L1.out;#BSUB -e err/mainerrP40-N256.err;OMP_NUM_THREADS=1 mpiexec a.out 1.0 1.0 1.0 256 256 256> in cluster <MSUCluster> Done

Job <# this file was automaticly created by mpisubmit.pl script for edu-cmc-skmodel22-621-04 #;source /polusfs/setenv/setup.SMPI;#BSUB -n 40;#BSUB -W 00:15;#BSUB -o output/mainoutP40-N256-L1.out;#BSUB -e err/mainerrP40-N256.err;OMP_NUM_THREADS=1 mpiexec a.out 1.0 1.0 1.0 256 256 256> was submitted from host <polus-ib.bmc.hpc.cs.msu.ru> by user <edu-cmc-skmodel22-621-04> in cluster <MSUCluster> at Fri Dec  2 10:58:56 2022
Job was executed on host(s) <20*polus-c3-ib.bmc.hpc.cs.msu.ru>, in queue <short>, as user <edu-cmc-skmodel22-621-04> in cluster <MSUCluster> at Fri Dec  2 11:10:17 2022
                            <20*polus-c2-ib.bmc.hpc.cs.msu.ru>
</home_edu/edu-cmc-skmodel22-621/edu-cmc-skmodel22-621-04> was used as the home directory.
</home_edu/edu-cmc-skmodel22-621/edu-cmc-skmodel22-621-04/parallel-dz3> was used as the working directory.
Started at Fri Dec  2 11:10:17 2022
Terminated at Fri Dec  2 11:10:38 2022
Results reported at Fri Dec  2 11:10:38 2022

Your job looked like:

------------------------------------------------------------
# LSBATCH: User input
# this file was automaticly created by mpisubmit.pl script for edu-cmc-skmodel22-621-04 #
source /polusfs/setenv/setup.SMPI
#BSUB -n 40
#BSUB -W 00:15
#BSUB -o output/mainoutP40-N256-L1.out
#BSUB -e err/mainerrP40-N256.err
OMP_NUM_THREADS=1 mpiexec a.out 1.0 1.0 1.0 256 256 256

------------------------------------------------------------

Successfully completed.

Resource usage summary:

    CPU time :                                   784.74 sec.
    Max Memory :                                 1300 MB
    Average Memory :                             1040.20 MB
    Total Requested Memory :                     -
    Delta Memory :                               -
    Max Swap :                                   -
    Max Processes :                              24
    Max Threads :                                69
    Run time :                                   21 sec.
    Turnaround time :                            702 sec.

The output (if any) follows:

t = 0.000000, it = 0, eps = 0.0000000000
t = 0.001000, it = 1, eps = 0.0000000010
t = 0.002000, it = 2, eps = 0.0000000039
t = 0.003000, it = 3, eps = 0.0000000088
t = 0.004000, it = 4, eps = 0.0000000156
t = 0.005000, it = 5, eps = 0.0000000244
t = 0.006000, it = 6, eps = 0.0000000352
t = 0.007000, it = 7, eps = 0.0000000479
t = 0.008000, it = 8, eps = 0.0000000625
t = 0.009000, it = 9, eps = 0.0000000791
t = 0.010000, it = 10, eps = 0.0000000976
t = 0.011000, it = 11, eps = 0.0000001181
t = 0.012000, it = 12, eps = 0.0000001405
t = 0.013000, it = 13, eps = 0.0000001649
t = 0.014000, it = 14, eps = 0.0000001912
t = 0.015000, it = 15, eps = 0.0000002194
t = 0.016000, it = 16, eps = 0.0000002496
t = 0.017000, it = 17, eps = 0.0000002816
t = 0.018000, it = 18, eps = 0.0000003156
t = 0.019000, it = 19, eps = 0.0000003516
t = 0.020000, it = 20, eps = 0.0000003894
t = 0.021000, it = 21, eps = 0.0000004291
t = 0.022000, it = 22, eps = 0.0000004708
t = 0.023000, it = 23, eps = 0.0000005143
t = 0.024000, it = 24, eps = 0.0000005598
t = 0.025000, it = 25, eps = 0.0000006071
t = 0.026000, it = 26, eps = 0.0000006563
t = 0.027000, it = 27, eps = 0.0000007074
t = 0.028000, it = 28, eps = 0.0000007603
t = 0.029000, it = 29, eps = 0.0000008151
t = 0.030000, it = 30, eps = 0.0000008718
t = 0.031000, it = 31, eps = 0.0000009303
t = 0.032000, it = 32, eps = 0.0000009907
t = 0.033000, it = 33, eps = 0.0000010529
t = 0.034000, it = 34, eps = 0.0000011170
t = 0.035000, it = 35, eps = 0.0000011828
t = 0.036000, it = 36, eps = 0.0000012505
t = 0.037000, it = 37, eps = 0.0000013200
t = 0.038000, it = 38, eps = 0.0000013913
t = 0.039000, it = 39, eps = 0.0000014643
t = 0.040000, it = 40, eps = 0.0000015392
t = 0.041000, it = 41, eps = 0.0000016158
t = 0.042000, it = 42, eps = 0.0000016942
t = 0.043000, it = 43, eps = 0.0000017743
t = 0.044000, it = 44, eps = 0.0000018562
t = 0.045000, it = 45, eps = 0.0000019398
t = 0.046000, it = 46, eps = 0.0000020251
t = 0.047000, it = 47, eps = 0.0000021122
t = 0.048000, it = 48, eps = 0.0000022009
t = 0.049000, it = 49, eps = 0.0000022914
t = 0.050000, it = 50, eps = 0.0000023835
t = 0.051000, it = 51, eps = 0.0000024773
t = 0.052000, it = 52, eps = 0.0000025728
t = 0.053000, it = 53, eps = 0.0000026699
t = 0.054000, it = 54, eps = 0.0000027686
t = 0.055000, it = 55, eps = 0.0000028690
t = 0.056000, it = 56, eps = 0.0000029709
t = 0.057000, it = 57, eps = 0.0000030745
t = 0.058000, it = 58, eps = 0.0000031797
t = 0.059000, it = 59, eps = 0.0000032864
t = 0.060000, it = 60, eps = 0.0000033947
t = 0.061000, it = 61, eps = 0.0000035046
t = 0.062000, it = 62, eps = 0.0000036160
t = 0.063000, it = 63, eps = 0.0000037289
t = 0.064000, it = 64, eps = 0.0000038433
t = 0.065000, it = 65, eps = 0.0000039592
t = 0.066000, it = 66, eps = 0.0000040766
t = 0.067000, it = 67, eps = 0.0000041955
t = 0.068000, it = 68, eps = 0.0000043158
t = 0.069000, it = 69, eps = 0.0000044375
t = 0.070000, it = 70, eps = 0.0000045607
t = 0.071000, it = 71, eps = 0.0000046853
t = 0.072000, it = 72, eps = 0.0000048113
t = 0.073000, it = 73, eps = 0.0000049386
t = 0.074000, it = 74, eps = 0.0000050673
t = 0.075000, it = 75, eps = 0.0000051974
t = 0.076000, it = 76, eps = 0.0000053288
t = 0.077000, it = 77, eps = 0.0000054615
t = 0.078000, it = 78, eps = 0.0000055955
t = 0.079000, it = 79, eps = 0.0000057307
t = 0.080000, it = 80, eps = 0.0000058673
t = 0.081000, it = 81, eps = 0.0000060051
t = 0.082000, it = 82, eps = 0.0000061441
t = 0.083000, it = 83, eps = 0.0000062844
t = 0.084000, it = 84, eps = 0.0000064258
t = 0.085000, it = 85, eps = 0.0000065684
t = 0.086000, it = 86, eps = 0.0000067122
t = 0.087000, it = 87, eps = 0.0000068571
t = 0.088000, it = 88, eps = 0.0000070032
t = 0.089000, it = 89, eps = 0.0000071503
t = 0.090000, it = 90, eps = 0.0000072986
t = 0.091000, it = 91, eps = 0.0000074479
t = 0.092000, it = 92, eps = 0.0000075983
t = 0.093000, it = 93, eps = 0.0000077497
t = 0.094000, it = 94, eps = 0.0000079021
t = 0.095000, it = 95, eps = 0.0000080556
t = 0.096000, it = 96, eps = 0.0000082100
t = 0.097000, it = 97, eps = 0.0000083653
t = 0.098000, it = 98, eps = 0.0000085216
t = 0.099000, it = 99, eps = 0.0000086788
t = 0.100000, it = 100, eps = 0.0000088370
t = 0.101000, it = 101, eps = 0.0000089960
t = 0.102000, it = 102, eps = 0.0000091558
t = 0.103000, it = 103, eps = 0.0000093165
t = 0.104000, it = 104, eps = 0.0000094781
t = 0.105000, it = 105, eps = 0.0000096404
t = 0.106000, it = 106, eps = 0.0000098035
t = 0.107000, it = 107, eps = 0.0000099674
t = 0.108000, it = 108, eps = 0.0000101320
t = 0.109000, it = 109, eps = 0.0000102973
t = 0.110000, it = 110, eps = 0.0000104633
t = 0.111000, it = 111, eps = 0.0000106300
t = 0.112000, it = 112, eps = 0.0000107973
t = 0.113000, it = 113, eps = 0.0000109653
t = 0.114000, it = 114, eps = 0.0000111339
t = 0.115000, it = 115, eps = 0.0000113031
t = 0.116000, it = 116, eps = 0.0000114728
t = 0.117000, it = 117, eps = 0.0000116431
t = 0.118000, it = 118, eps = 0.0000118140
t = 0.119000, it = 119, eps = 0.0000119853
t = 0.120000, it = 120, eps = 0.0000121571
t = 0.121000, it = 121, eps = 0.0000123294
t = 0.122000, it = 122, eps = 0.0000125021
t = 0.123000, it = 123, eps = 0.0000126752
t = 0.124000, it = 124, eps = 0.0000128487
t = 0.125000, it = 125, eps = 0.0000130226
t = 0.126000, it = 126, eps = 0.0000131968
t = 0.127000, it = 127, eps = 0.0000133713
t = 0.128000, it = 128, eps = 0.0000135462
t = 0.129000, it = 129, eps = 0.0000137213
t = 0.130000, it = 130, eps = 0.0000138967
t = 0.131000, it = 131, eps = 0.0000140723
t = 0.132000, it = 132, eps = 0.0000142481
t = 0.133000, it = 133, eps = 0.0000144242
t = 0.134000, it = 134, eps = 0.0000146003
t = 0.135000, it = 135, eps = 0.0000147767
t = 0.136000, it = 136, eps = 0.0000149531
t = 0.137000, it = 137, eps = 0.0000151296
t = 0.138000, it = 138, eps = 0.0000153062
t = 0.139000, it = 139, eps = 0.0000154828
t = 0.140000, it = 140, eps = 0.0000156595
t = 0.141000, it = 141, eps = 0.0000158362
t = 0.142000, it = 142, eps = 0.0000160128
t = 0.143000, it = 143, eps = 0.0000161894
t = 0.144000, it = 144, eps = 0.0000163659
t = 0.145000, it = 145, eps = 0.0000165423
t = 0.146000, it = 146, eps = 0.0000167186
t = 0.147000, it = 147, eps = 0.0000168948
t = 0.148000, it = 148, eps = 0.0000170708
t = 0.149000, it = 149, eps = 0.0000172465
t = 0.150000, it = 150, eps = 0.0000174221
t = 0.151000, it = 151, eps = 0.0000175975
t = 0.152000, it = 152, eps = 0.0000177725
t = 0.153000, it = 153, eps = 0.0000179473
t = 0.154000, it = 154, eps = 0.0000181218
t = 0.155000, it = 155, eps = 0.0000182959
t = 0.156000, it = 156, eps = 0.0000184697
t = 0.157000, it = 157, eps = 0.0000186430
t = 0.158000, it = 158, eps = 0.0000188160
t = 0.159000, it = 159, eps = 0.0000189885
t = 0.160000, it = 160, eps = 0.0000191606
t = 0.161000, it = 161, eps = 0.0000193322
t = 0.162000, it = 162, eps = 0.0000195033
t = 0.163000, it = 163, eps = 0.0000196739
t = 0.164000, it = 164, eps = 0.0000198438
t = 0.165000, it = 165, eps = 0.0000200133
t = 0.166000, it = 166, eps = 0.0000201821
t = 0.167000, it = 167, eps = 0.0000203502
t = 0.168000, it = 168, eps = 0.0000205178
t = 0.169000, it = 169, eps = 0.0000206846
t = 0.170000, it = 170, eps = 0.0000208508
t = 0.171000, it = 171, eps = 0.0000210162
t = 0.172000, it = 172, eps = 0.0000211808
t = 0.173000, it = 173, eps = 0.0000213447
t = 0.174000, it = 174, eps = 0.0000215078
t = 0.175000, it = 175, eps = 0.0000216701
t = 0.176000, it = 176, eps = 0.0000218315
t = 0.177000, it = 177, eps = 0.0000219920
t = 0.178000, it = 178, eps = 0.0000221517
t = 0.179000, it = 179, eps = 0.0000223104
t = 0.180000, it = 180, eps = 0.0000224682
t = 0.181000, it = 181, eps = 0.0000226250
t = 0.182000, it = 182, eps = 0.0000227808
t = 0.183000, it = 183, eps = 0.0000229356
t = 0.184000, it = 184, eps = 0.0000230893
t = 0.185000, it = 185, eps = 0.0000232420
t = 0.186000, it = 186, eps = 0.0000233936
t = 0.187000, it = 187, eps = 0.0000235441
t = 0.188000, it = 188, eps = 0.0000236935
t = 0.189000, it = 189, eps = 0.0000238417
t = 0.190000, it = 190, eps = 0.0000239887
t = 0.191000, it = 191, eps = 0.0000241344
t = 0.192000, it = 192, eps = 0.0000242790
t = 0.193000, it = 193, eps = 0.0000244223
t = 0.194000, it = 194, eps = 0.0000245643
t = 0.195000, it = 195, eps = 0.0000247051
t = 0.196000, it = 196, eps = 0.0000248445
t = 0.197000, it = 197, eps = 0.0000249825
t = 0.198000, it = 198, eps = 0.0000251192
t = 0.199000, it = 199, eps = 0.0000252545
t = 0.200000, it = 200, eps = 0.0000253883
t = 0.201000, it = 201, eps = 0.0000255208
t = 0.202000, it = 202, eps = 0.0000256517
t = 0.203000, it = 203, eps = 0.0000257812
t = 0.204000, it = 204, eps = 0.0000259092
t = 0.205000, it = 205, eps = 0.0000260356
t = 0.206000, it = 206, eps = 0.0000261605
t = 0.207000, it = 207, eps = 0.0000262837
t = 0.208000, it = 208, eps = 0.0000264054
t = 0.209000, it = 209, eps = 0.0000265255
t = 0.210000, it = 210, eps = 0.0000266440
t = 0.211000, it = 211, eps = 0.0000267607
t = 0.212000, it = 212, eps = 0.0000268758
t = 0.213000, it = 213, eps = 0.0000269892
t = 0.214000, it = 214, eps = 0.0000271008
t = 0.215000, it = 215, eps = 0.0000272107
t = 0.216000, it = 216, eps = 0.0000273188
t = 0.217000, it = 217, eps = 0.0000274251
t = 0.218000, it = 218, eps = 0.0000275296
t = 0.219000, it = 219, eps = 0.0000276322
t = 0.220000, it = 220, eps = 0.0000277330
t = 0.221000, it = 221, eps = 0.0000278320
t = 0.222000, it = 222, eps = 0.0000279290
t = 0.223000, it = 223, eps = 0.0000280241
t = 0.224000, it = 224, eps = 0.0000281172
t = 0.225000, it = 225, eps = 0.0000282084
t = 0.226000, it = 226, eps = 0.0000282976
t = 0.227000, it = 227, eps = 0.0000283848
t = 0.228000, it = 228, eps = 0.0000284700
t = 0.229000, it = 229, eps = 0.0000285531
t = 0.230000, it = 230, eps = 0.0000286342
t = 0.231000, it = 231, eps = 0.0000287132
t = 0.232000, it = 232, eps = 0.0000287901
t = 0.233000, it = 233, eps = 0.0000288648
t = 0.234000, it = 234, eps = 0.0000289375
t = 0.235000, it = 235, eps = 0.0000290079
t = 0.236000, it = 236, eps = 0.0000290762
t = 0.237000, it = 237, eps = 0.0000291423
t = 0.238000, it = 238, eps = 0.0000292062
t = 0.239000, it = 239, eps = 0.0000292678
t = 0.240000, it = 240, eps = 0.0000293272
t = 0.241000, it = 241, eps = 0.0000293844
t = 0.242000, it = 242, eps = 0.0000294392
t = 0.243000, it = 243, eps = 0.0000294917
t = 0.244000, it = 244, eps = 0.0000295420
t = 0.245000, it = 245, eps = 0.0000295898
t = 0.246000, it = 246, eps = 0.0000296353
t = 0.247000, it = 247, eps = 0.0000296785
t = 0.248000, it = 248, eps = 0.0000297192
t = 0.249000, it = 249, eps = 0.0000297576
t = 0.250000, it = 250, eps = 0.0000297935
t = 0.251000, it = 251, eps = 0.0000298270
t = 0.252000, it = 252, eps = 0.0000298580
t = 0.253000, it = 253, eps = 0.0000298865
t = 0.254000, it = 254, eps = 0.0000299126
t = 0.255000, it = 255, eps = 0.0000299362
t = 0.256000, it = 256, eps = 0.0000299572
t = 0.257000, it = 257, eps = 0.0000299757
t = 0.258000, it = 258, eps = 0.0000299917
t = 0.259000, it = 259, eps = 0.0000300051
t = 0.260000, it = 260, eps = 0.0000300159
t = 0.261000, it = 261, eps = 0.0000300241
t = 0.262000, it = 262, eps = 0.0000300297
t = 0.263000, it = 263, eps = 0.0000300327
t = 0.264000, it = 264, eps = 0.0000300331
t = 0.265000, it = 265, eps = 0.0000300308
t = 0.266000, it = 266, eps = 0.0000300259
t = 0.267000, it = 267, eps = 0.0000300182
t = 0.268000, it = 268, eps = 0.0000300079
t = 0.269000, it = 269, eps = 0.0000299949
t = 0.270000, it = 270, eps = 0.0000299792
t = 0.271000, it = 271, eps = 0.0000299608
t = 0.272000, it = 272, eps = 0.0000299396
t = 0.273000, it = 273, eps = 0.0000299157
t = 0.274000, it = 274, eps = 0.0000298890
t = 0.275000, it = 275, eps = 0.0000298595
t = 0.276000, it = 276, eps = 0.0000298273
t = 0.277000, it = 277, eps = 0.0000297923
t = 0.278000, it = 278, eps = 0.0000297544
t = 0.279000, it = 279, eps = 0.0000297138
t = 0.280000, it = 280, eps = 0.0000296703
t = 0.281000, it = 281, eps = 0.0000296240
t = 0.282000, it = 282, eps = 0.0000295749
t = 0.283000, it = 283, eps = 0.0000295228
t = 0.284000, it = 284, eps = 0.0000294680
t = 0.285000, it = 285, eps = 0.0000294102
t = 0.286000, it = 286, eps = 0.0000293496
t = 0.287000, it = 287, eps = 0.0000292861
t = 0.288000, it = 288, eps = 0.0000292197
t = 0.289000, it = 289, eps = 0.0000291504
t = 0.290000, it = 290, eps = 0.0000290781
t = 0.291000, it = 291, eps = 0.0000290030
t = 0.292000, it = 292, eps = 0.0000289249
t = 0.293000, it = 293, eps = 0.0000288439
t = 0.294000, it = 294, eps = 0.0000287599
t = 0.295000, it = 295, eps = 0.0000286730
t = 0.296000, it = 296, eps = 0.0000285832
t = 0.297000, it = 297, eps = 0.0000284903
t = 0.298000, it = 298, eps = 0.0000283945
t = 0.299000, it = 299, eps = 0.0000282958
t = 0.300000, it = 300, eps = 0.0000281940
t = 0.301000, it = 301, eps = 0.0000280893
t = 0.302000, it = 302, eps = 0.0000279816
t = 0.303000, it = 303, eps = 0.0000278709
t = 0.304000, it = 304, eps = 0.0000277571
t = 0.305000, it = 305, eps = 0.0000276404
t = 0.306000, it = 306, eps = 0.0000275207
t = 0.307000, it = 307, eps = 0.0000273980
t = 0.308000, it = 308, eps = 0.0000272722
t = 0.309000, it = 309, eps = 0.0000271435
t = 0.310000, it = 310, eps = 0.0000270117
t = 0.311000, it = 311, eps = 0.0000268769
t = 0.312000, it = 312, eps = 0.0000267391
t = 0.313000, it = 313, eps = 0.0000265982
t = 0.314000, it = 314, eps = 0.0000264543
t = 0.315000, it = 315, eps = 0.0000263074
t = 0.316000, it = 316, eps = 0.0000261575
t = 0.317000, it = 317, eps = 0.0000260045
t = 0.318000, it = 318, eps = 0.0000258485
t = 0.319000, it = 319, eps = 0.0000256895
t = 0.320000, it = 320, eps = 0.0000255274
t = 0.321000, it = 321, eps = 0.0000253623
t = 0.322000, it = 322, eps = 0.0000251942
t = 0.323000, it = 323, eps = 0.0000250230
t = 0.324000, it = 324, eps = 0.0000248488
t = 0.325000, it = 325, eps = 0.0000246716
t = 0.326000, it = 326, eps = 0.0000244913
t = 0.327000, it = 327, eps = 0.0000243080
t = 0.328000, it = 328, eps = 0.0000241217
t = 0.329000, it = 329, eps = 0.0000239324
t = 0.330000, it = 330, eps = 0.0000237401
t = 0.331000, it = 331, eps = 0.0000235447
t = 0.332000, it = 332, eps = 0.0000233463
t = 0.333000, it = 333, eps = 0.0000231449
t = 0.334000, it = 334, eps = 0.0000229405
t = 0.335000, it = 335, eps = 0.0000227331
t = 0.336000, it = 336, eps = 0.0000225228
t = 0.337000, it = 337, eps = 0.0000223094
t = 0.338000, it = 338, eps = 0.0000220930
t = 0.339000, it = 339, eps = 0.0000218736
t = 0.340000, it = 340, eps = 0.0000216513
t = 0.341000, it = 341, eps = 0.0000214260
t = 0.342000, it = 342, eps = 0.0000211977
t = 0.343000, it = 343, eps = 0.0000209665
t = 0.344000, it = 344, eps = 0.0000207323
t = 0.345000, it = 345, eps = 0.0000204951
t = 0.346000, it = 346, eps = 0.0000202550
t = 0.347000, it = 347, eps = 0.0000200120
t = 0.348000, it = 348, eps = 0.0000197661
t = 0.349000, it = 349, eps = 0.0000195172
t = 0.350000, it = 350, eps = 0.0000192654
t = 0.351000, it = 351, eps = 0.0000190107
t = 0.352000, it = 352, eps = 0.0000187532
t = 0.353000, it = 353, eps = 0.0000184927
t = 0.354000, it = 354, eps = 0.0000182294
t = 0.355000, it = 355, eps = 0.0000179632
t = 0.356000, it = 356, eps = 0.0000176941
t = 0.357000, it = 357, eps = 0.0000174222
t = 0.358000, it = 358, eps = 0.0000171475
t = 0.359000, it = 359, eps = 0.0000168699
t = 0.360000, it = 360, eps = 0.0000165895
t = 0.361000, it = 361, eps = 0.0000163064
t = 0.362000, it = 362, eps = 0.0000160204
t = 0.363000, it = 363, eps = 0.0000157316
t = 0.364000, it = 364, eps = 0.0000154401
t = 0.365000, it = 365, eps = 0.0000151458
t = 0.366000, it = 366, eps = 0.0000148488
t = 0.367000, it = 367, eps = 0.0000145490
t = 0.368000, it = 368, eps = 0.0000142466
t = 0.369000, it = 369, eps = 0.0000139414
t = 0.370000, it = 370, eps = 0.0000136335
t = 0.371000, it = 371, eps = 0.0000133229
t = 0.372000, it = 372, eps = 0.0000130097
t = 0.373000, it = 373, eps = 0.0000126939
t = 0.374000, it = 374, eps = 0.0000123754
t = 0.375000, it = 375, eps = 0.0000120542
t = 0.376000, it = 376, eps = 0.0000117305
t = 0.377000, it = 377, eps = 0.0000114042
t = 0.378000, it = 378, eps = 0.0000110753
t = 0.379000, it = 379, eps = 0.0000107439
t = 0.380000, it = 380, eps = 0.0000104099
t = 0.381000, it = 381, eps = 0.0000100734
t = 0.382000, it = 382, eps = 0.0000097344
t = 0.383000, it = 383, eps = 0.0000093928
t = 0.384000, it = 384, eps = 0.0000090489
t = 0.385000, it = 385, eps = 0.0000087024
t = 0.386000, it = 386, eps = 0.0000083535
t = 0.387000, it = 387, eps = 0.0000080022
t = 0.388000, it = 388, eps = 0.0000076485
t = 0.389000, it = 389, eps = 0.0000072924
t = 0.390000, it = 390, eps = 0.0000069340
t = 0.391000, it = 391, eps = 0.0000065732
t = 0.392000, it = 392, eps = 0.0000062101
t = 0.393000, it = 393, eps = 0.0000058446
t = 0.394000, it = 394, eps = 0.0000054769
t = 0.395000, it = 395, eps = 0.0000051069
t = 0.396000, it = 396, eps = 0.0000047347
t = 0.397000, it = 397, eps = 0.0000043602
t = 0.398000, it = 398, eps = 0.0000039836
t = 0.399000, it = 399, eps = 0.0000036047
t = 0.400000, it = 400, eps = 0.0000032237
t = 0.401000, it = 401, eps = 0.0000028405
t = 0.402000, it = 402, eps = 0.0000024553
t = 0.403000, it = 403, eps = 0.0000020679
t = 0.404000, it = 404, eps = 0.0000016784
t = 0.405000, it = 405, eps = 0.0000012869
t = 0.406000, it = 406, eps = 0.0000008934
t = 0.407000, it = 407, eps = 0.0000004979
t = 0.408000, it = 408, eps = 0.0000001004
t = 0.409000, it = 409, eps = 0.0000002991
t = 0.410000, it = 410, eps = 0.0000007006
t = 0.411000, it = 411, eps = 0.0000011039
t = 0.412000, it = 412, eps = 0.0000015091
t = 0.413000, it = 413, eps = 0.0000019162
t = 0.414000, it = 414, eps = 0.0000023251
t = 0.415000, it = 415, eps = 0.0000027359
t = 0.416000, it = 416, eps = 0.0000031484
t = 0.417000, it = 417, eps = 0.0000035627
t = 0.418000, it = 418, eps = 0.0000039787
t = 0.419000, it = 419, eps = 0.0000043965
t = 0.420000, it = 420, eps = 0.0000048159
t = 0.421000, it = 421, eps = 0.0000052370
t = 0.422000, it = 422, eps = 0.0000056598
t = 0.423000, it = 423, eps = 0.0000060841
t = 0.424000, it = 424, eps = 0.0000065100
t = 0.425000, it = 425, eps = 0.0000069375
t = 0.426000, it = 426, eps = 0.0000073665
t = 0.427000, it = 427, eps = 0.0000077970
t = 0.428000, it = 428, eps = 0.0000082290
t = 0.429000, it = 429, eps = 0.0000086624
t = 0.430000, it = 430, eps = 0.0000090973
t = 0.431000, it = 431, eps = 0.0000095335
t = 0.432000, it = 432, eps = 0.0000099711
t = 0.433000, it = 433, eps = 0.0000104100
t = 0.434000, it = 434, eps = 0.0000108502
t = 0.435000, it = 435, eps = 0.0000112917
t = 0.436000, it = 436, eps = 0.0000117345
t = 0.437000, it = 437, eps = 0.0000121784
t = 0.438000, it = 438, eps = 0.0000126236
t = 0.439000, it = 439, eps = 0.0000130699
t = 0.440000, it = 440, eps = 0.0000135173
t = 0.441000, it = 441, eps = 0.0000139658
t = 0.442000, it = 442, eps = 0.0000144154
t = 0.443000, it = 443, eps = 0.0000148660
t = 0.444000, it = 444, eps = 0.0000153177
t = 0.445000, it = 445, eps = 0.0000157703
t = 0.446000, it = 446, eps = 0.0000162238
t = 0.447000, it = 447, eps = 0.0000166783
t = 0.448000, it = 448, eps = 0.0000171336
t = 0.449000, it = 449, eps = 0.0000175898
t = 0.450000, it = 450, eps = 0.0000180468
t = 0.451000, it = 451, eps = 0.0000185046
t = 0.452000, it = 452, eps = 0.0000189631
t = 0.453000, it = 453, eps = 0.0000194224
t = 0.454000, it = 454, eps = 0.0000198824
t = 0.455000, it = 455, eps = 0.0000203430
t = 0.456000, it = 456, eps = 0.0000208042
t = 0.457000, it = 457, eps = 0.0000212661
t = 0.458000, it = 458, eps = 0.0000217285
t = 0.459000, it = 459, eps = 0.0000221914
t = 0.460000, it = 460, eps = 0.0000226548
t = 0.461000, it = 461, eps = 0.0000231187
t = 0.462000, it = 462, eps = 0.0000235830
t = 0.463000, it = 463, eps = 0.0000240477
t = 0.464000, it = 464, eps = 0.0000245127
t = 0.465000, it = 465, eps = 0.0000249781
t = 0.466000, it = 466, eps = 0.0000254438
t = 0.467000, it = 467, eps = 0.0000259097
t = 0.468000, it = 468, eps = 0.0000263758
t = 0.469000, it = 469, eps = 0.0000268422
t = 0.470000, it = 470, eps = 0.0000273087
t = 0.471000, it = 471, eps = 0.0000277753
t = 0.472000, it = 472, eps = 0.0000282420
t = 0.473000, it = 473, eps = 0.0000287088
t = 0.474000, it = 474, eps = 0.0000291755
t = 0.475000, it = 475, eps = 0.0000296423
t = 0.476000, it = 476, eps = 0.0000301090
t = 0.477000, it = 477, eps = 0.0000305756
t = 0.478000, it = 478, eps = 0.0000310421
t = 0.479000, it = 479, eps = 0.0000315084
t = 0.480000, it = 480, eps = 0.0000319746
t = 0.481000, it = 481, eps = 0.0000324405
t = 0.482000, it = 482, eps = 0.0000329061
t = 0.483000, it = 483, eps = 0.0000333715
t = 0.484000, it = 484, eps = 0.0000338365
t = 0.485000, it = 485, eps = 0.0000343011
t = 0.486000, it = 486, eps = 0.0000347654
t = 0.487000, it = 487, eps = 0.0000352291
t = 0.488000, it = 488, eps = 0.0000356924
t = 0.489000, it = 489, eps = 0.0000361552
t = 0.490000, it = 490, eps = 0.0000366175
t = 0.491000, it = 491, eps = 0.0000370791
t = 0.492000, it = 492, eps = 0.0000375402
t = 0.493000, it = 493, eps = 0.0000380005
t = 0.494000, it = 494, eps = 0.0000384602
t = 0.495000, it = 495, eps = 0.0000389191
t = 0.496000, it = 496, eps = 0.0000393773
t = 0.497000, it = 497, eps = 0.0000398347
t = 0.498000, it = 498, eps = 0.0000402912
t = 0.499000, it = 499, eps = 0.0000407468
t = 0.500000, it = 500, eps = 0.0000412016
t = 0.501000, it = 501, eps = 0.0000416553
t = 0.502000, it = 502, eps = 0.0000421081
t = 0.503000, it = 503, eps = 0.0000425599
t = 0.504000, it = 504, eps = 0.0000430106
t = 0.505000, it = 505, eps = 0.0000434602
t = 0.506000, it = 506, eps = 0.0000439086
t = 0.507000, it = 507, eps = 0.0000443559
t = 0.508000, it = 508, eps = 0.0000448020
t = 0.509000, it = 509, eps = 0.0000452468
t = 0.510000, it = 510, eps = 0.0000456904
t = 0.511000, it = 511, eps = 0.0000461326
t = 0.512000, it = 512, eps = 0.0000465735
t = 0.513000, it = 513, eps = 0.0000470129
t = 0.514000, it = 514, eps = 0.0000474510
t = 0.515000, it = 515, eps = 0.0000478876
t = 0.516000, it = 516, eps = 0.0000483226
t = 0.517000, it = 517, eps = 0.0000487562
t = 0.518000, it = 518, eps = 0.0000491881
t = 0.519000, it = 519, eps = 0.0000496185
t = 0.520000, it = 520, eps = 0.0000500471
t = 0.521000, it = 521, eps = 0.0000504741
t = 0.522000, it = 522, eps = 0.0000508994
t = 0.523000, it = 523, eps = 0.0000513229
t = 0.524000, it = 524, eps = 0.0000517446
t = 0.525000, it = 525, eps = 0.0000521645
t = 0.526000, it = 526, eps = 0.0000525825
t = 0.527000, it = 527, eps = 0.0000529986
t = 0.528000, it = 528, eps = 0.0000534128
t = 0.529000, it = 529, eps = 0.0000538250
t = 0.530000, it = 530, eps = 0.0000542351
t = 0.531000, it = 531, eps = 0.0000546432
t = 0.532000, it = 532, eps = 0.0000550492
t = 0.533000, it = 533, eps = 0.0000554531
t = 0.534000, it = 534, eps = 0.0000558549
t = 0.535000, it = 535, eps = 0.0000562544
t = 0.536000, it = 536, eps = 0.0000566517
t = 0.537000, it = 537, eps = 0.0000570467
t = 0.538000, it = 538, eps = 0.0000574394
t = 0.539000, it = 539, eps = 0.0000578298
t = 0.540000, it = 540, eps = 0.0000582178
t = 0.541000, it = 541, eps = 0.0000586034
t = 0.542000, it = 542, eps = 0.0000589865
t = 0.543000, it = 543, eps = 0.0000593671
t = 0.544000, it = 544, eps = 0.0000597452
t = 0.545000, it = 545, eps = 0.0000601208
t = 0.546000, it = 546, eps = 0.0000604938
t = 0.547000, it = 547, eps = 0.0000608641
t = 0.548000, it = 548, eps = 0.0000612318
t = 0.549000, it = 549, eps = 0.0000615968
t = 0.550000, it = 550, eps = 0.0000619591
t = 0.551000, it = 551, eps = 0.0000623186
t = 0.552000, it = 552, eps = 0.0000626753
t = 0.553000, it = 553, eps = 0.0000630291
t = 0.554000, it = 554, eps = 0.0000633801
t = 0.555000, it = 555, eps = 0.0000637282
t = 0.556000, it = 556, eps = 0.0000640733
t = 0.557000, it = 557, eps = 0.0000644155
t = 0.558000, it = 558, eps = 0.0000647546
t = 0.559000, it = 559, eps = 0.0000650908
t = 0.560000, it = 560, eps = 0.0000654238
t = 0.561000, it = 561, eps = 0.0000657538
t = 0.562000, it = 562, eps = 0.0000660806
t = 0.563000, it = 563, eps = 0.0000664042
t = 0.564000, it = 564, eps = 0.0000667246
t = 0.565000, it = 565, eps = 0.0000670418
t = 0.566000, it = 566, eps = 0.0000673557
t = 0.567000, it = 567, eps = 0.0000676663
t = 0.568000, it = 568, eps = 0.0000679736
t = 0.569000, it = 569, eps = 0.0000682774
t = 0.570000, it = 570, eps = 0.0000685779
t = 0.571000, it = 571, eps = 0.0000688750
t = 0.572000, it = 572, eps = 0.0000691686
t = 0.573000, it = 573, eps = 0.0000694587
t = 0.574000, it = 574, eps = 0.0000697452
t = 0.575000, it = 575, eps = 0.0000700282
t = 0.576000, it = 576, eps = 0.0000703076
t = 0.577000, it = 577, eps = 0.0000705834
t = 0.578000, it = 578, eps = 0.0000708555
t = 0.579000, it = 579, eps = 0.0000711240
t = 0.580000, it = 580, eps = 0.0000713887
t = 0.581000, it = 581, eps = 0.0000716497
t = 0.582000, it = 582, eps = 0.0000719069
t = 0.583000, it = 583, eps = 0.0000721603
t = 0.584000, it = 584, eps = 0.0000724099
t = 0.585000, it = 585, eps = 0.0000726556
t = 0.586000, it = 586, eps = 0.0000728974
t = 0.587000, it = 587, eps = 0.0000731353
t = 0.588000, it = 588, eps = 0.0000733692
t = 0.589000, it = 589, eps = 0.0000735992
t = 0.590000, it = 590, eps = 0.0000738251
t = 0.591000, it = 591, eps = 0.0000740470
t = 0.592000, it = 592, eps = 0.0000742649
t = 0.593000, it = 593, eps = 0.0000744786
t = 0.594000, it = 594, eps = 0.0000746883
t = 0.595000, it = 595, eps = 0.0000748937
t = 0.596000, it = 596, eps = 0.0000750950
t = 0.597000, it = 597, eps = 0.0000752922
t = 0.598000, it = 598, eps = 0.0000754850
t = 0.599000, it = 599, eps = 0.0000756737
t = 0.600000, it = 600, eps = 0.0000758580
t = 0.601000, it = 601, eps = 0.0000760381
t = 0.602000, it = 602, eps = 0.0000762138
t = 0.603000, it = 603, eps = 0.0000763851
t = 0.604000, it = 604, eps = 0.0000765521
t = 0.605000, it = 605, eps = 0.0000767147
t = 0.606000, it = 606, eps = 0.0000768728
t = 0.607000, it = 607, eps = 0.0000770265
t = 0.608000, it = 608, eps = 0.0000771757
t = 0.609000, it = 609, eps = 0.0000773203
t = 0.610000, it = 610, eps = 0.0000774605
t = 0.611000, it = 611, eps = 0.0000775961
t = 0.612000, it = 612, eps = 0.0000777272
t = 0.613000, it = 613, eps = 0.0000778536
t = 0.614000, it = 614, eps = 0.0000779754
t = 0.615000, it = 615, eps = 0.0000780926
t = 0.616000, it = 616, eps = 0.0000782051
t = 0.617000, it = 617, eps = 0.0000783129
t = 0.618000, it = 618, eps = 0.0000784161
t = 0.619000, it = 619, eps = 0.0000785145
t = 0.620000, it = 620, eps = 0.0000786081
t = 0.621000, it = 621, eps = 0.0000786970
t = 0.622000, it = 622, eps = 0.0000787811
t = 0.623000, it = 623, eps = 0.0000788603
t = 0.624000, it = 624, eps = 0.0000789348
t = 0.625000, it = 625, eps = 0.0000790044
t = 0.626000, it = 626, eps = 0.0000790691
t = 0.627000, it = 627, eps = 0.0000791290
t = 0.628000, it = 628, eps = 0.0000791839
t = 0.629000, it = 629, eps = 0.0000792339
t = 0.630000, it = 630, eps = 0.0000792790
t = 0.631000, it = 631, eps = 0.0000793191
t = 0.632000, it = 632, eps = 0.0000793542
t = 0.633000, it = 633, eps = 0.0000793844
t = 0.634000, it = 634, eps = 0.0000794095
t = 0.635000, it = 635, eps = 0.0000794296
t = 0.636000, it = 636, eps = 0.0000794447
t = 0.637000, it = 637, eps = 0.0000794547
t = 0.638000, it = 638, eps = 0.0000794597
t = 0.639000, it = 639, eps = 0.0000794595
t = 0.640000, it = 640, eps = 0.0000794543
t = 0.641000, it = 641, eps = 0.0000794439
t = 0.642000, it = 642, eps = 0.0000794284
t = 0.643000, it = 643, eps = 0.0000794077
t = 0.644000, it = 644, eps = 0.0000793819
t = 0.645000, it = 645, eps = 0.0000793509
t = 0.646000, it = 646, eps = 0.0000793148
t = 0.647000, it = 647, eps = 0.0000792734
t = 0.648000, it = 648, eps = 0.0000792269
t = 0.649000, it = 649, eps = 0.0000791751
t = 0.650000, it = 650, eps = 0.0000791180
t = 0.651000, it = 651, eps = 0.0000790558
t = 0.652000, it = 652, eps = 0.0000789883
t = 0.653000, it = 653, eps = 0.0000789155
t = 0.654000, it = 654, eps = 0.0000788374
t = 0.655000, it = 655, eps = 0.0000787541
t = 0.656000, it = 656, eps = 0.0000786654
t = 0.657000, it = 657, eps = 0.0000785715
t = 0.658000, it = 658, eps = 0.0000784723
t = 0.659000, it = 659, eps = 0.0000783677
t = 0.660000, it = 660, eps = 0.0000782578
t = 0.661000, it = 661, eps = 0.0000781426
t = 0.662000, it = 662, eps = 0.0000780220
t = 0.663000, it = 663, eps = 0.0000778961
t = 0.664000, it = 664, eps = 0.0000777648
t = 0.665000, it = 665, eps = 0.0000776282
t = 0.666000, it = 666, eps = 0.0000774862
t = 0.667000, it = 667, eps = 0.0000773388
t = 0.668000, it = 668, eps = 0.0000771861
t = 0.669000, it = 669, eps = 0.0000770279
t = 0.670000, it = 670, eps = 0.0000768644
t = 0.671000, it = 671, eps = 0.0000766955
t = 0.672000, it = 672, eps = 0.0000765212
t = 0.673000, it = 673, eps = 0.0000763415
t = 0.674000, it = 674, eps = 0.0000761564
t = 0.675000, it = 675, eps = 0.0000759659
t = 0.676000, it = 676, eps = 0.0000757700
t = 0.677000, it = 677, eps = 0.0000755687
t = 0.678000, it = 678, eps = 0.0000753620
t = 0.679000, it = 679, eps = 0.0000751498
t = 0.680000, it = 680, eps = 0.0000749323
t = 0.681000, it = 681, eps = 0.0000747093
t = 0.682000, it = 682, eps = 0.0000744810
t = 0.683000, it = 683, eps = 0.0000742472
t = 0.684000, it = 684, eps = 0.0000740081
t = 0.685000, it = 685, eps = 0.0000737635
t = 0.686000, it = 686, eps = 0.0000735135
t = 0.687000, it = 687, eps = 0.0000732581
t = 0.688000, it = 688, eps = 0.0000729973
t = 0.689000, it = 689, eps = 0.0000727312
t = 0.690000, it = 690, eps = 0.0000724596
t = 0.691000, it = 691, eps = 0.0000721826
t = 0.692000, it = 692, eps = 0.0000719003
t = 0.693000, it = 693, eps = 0.0000716125
t = 0.694000, it = 694, eps = 0.0000713194
t = 0.695000, it = 695, eps = 0.0000710209
t = 0.696000, it = 696, eps = 0.0000707171
t = 0.697000, it = 697, eps = 0.0000704079
t = 0.698000, it = 698, eps = 0.0000700933
t = 0.699000, it = 699, eps = 0.0000697734
t = 0.700000, it = 700, eps = 0.0000694482
t = 0.701000, it = 701, eps = 0.0000691176
t = 0.702000, it = 702, eps = 0.0000687817
t = 0.703000, it = 703, eps = 0.0000684405
t = 0.704000, it = 704, eps = 0.0000680939
t = 0.705000, it = 705, eps = 0.0000677421
t = 0.706000, it = 706, eps = 0.0000673850
t = 0.707000, it = 707, eps = 0.0000670226
t = 0.708000, it = 708, eps = 0.0000666549
t = 0.709000, it = 709, eps = 0.0000662820
t = 0.710000, it = 710, eps = 0.0000659038
t = 0.711000, it = 711, eps = 0.0000655204
t = 0.712000, it = 712, eps = 0.0000651318
t = 0.713000, it = 713, eps = 0.0000647379
t = 0.714000, it = 714, eps = 0.0000643388
t = 0.715000, it = 715, eps = 0.0000639346
t = 0.716000, it = 716, eps = 0.0000635252
t = 0.717000, it = 717, eps = 0.0000631106
t = 0.718000, it = 718, eps = 0.0000626909
t = 0.719000, it = 719, eps = 0.0000622660
t = 0.720000, it = 720, eps = 0.0000618361
t = 0.721000, it = 721, eps = 0.0000614010
t = 0.722000, it = 722, eps = 0.0000609609
t = 0.723000, it = 723, eps = 0.0000605156
t = 0.724000, it = 724, eps = 0.0000600653
t = 0.725000, it = 725, eps = 0.0000596100
t = 0.726000, it = 726, eps = 0.0000591497
t = 0.727000, it = 727, eps = 0.0000586844
t = 0.728000, it = 728, eps = 0.0000582140
t = 0.729000, it = 729, eps = 0.0000577387
t = 0.730000, it = 730, eps = 0.0000572585
t = 0.731000, it = 731, eps = 0.0000567733
t = 0.732000, it = 732, eps = 0.0000562833
t = 0.733000, it = 733, eps = 0.0000557883
t = 0.734000, it = 734, eps = 0.0000552885
t = 0.735000, it = 735, eps = 0.0000547838
t = 0.736000, it = 736, eps = 0.0000542743
t = 0.737000, it = 737, eps = 0.0000537600
t = 0.738000, it = 738, eps = 0.0000532409
t = 0.739000, it = 739, eps = 0.0000527170
t = 0.740000, it = 740, eps = 0.0000521885
t = 0.741000, it = 741, eps = 0.0000516551
t = 0.742000, it = 742, eps = 0.0000511171
t = 0.743000, it = 743, eps = 0.0000505745
t = 0.744000, it = 744, eps = 0.0000500272
t = 0.745000, it = 745, eps = 0.0000494752
t = 0.746000, it = 746, eps = 0.0000489187
t = 0.747000, it = 747, eps = 0.0000483576
t = 0.748000, it = 748, eps = 0.0000477919
t = 0.749000, it = 749, eps = 0.0000472218
t = 0.750000, it = 750, eps = 0.0000466471
t = 0.751000, it = 751, eps = 0.0000460680
t = 0.752000, it = 752, eps = 0.0000454844
t = 0.753000, it = 753, eps = 0.0000448964
t = 0.754000, it = 754, eps = 0.0000443041
t = 0.755000, it = 755, eps = 0.0000437073
t = 0.756000, it = 756, eps = 0.0000431063
t = 0.757000, it = 757, eps = 0.0000425009
t = 0.758000, it = 758, eps = 0.0000418913
t = 0.759000, it = 759, eps = 0.0000412775
t = 0.760000, it = 760, eps = 0.0000406594
t = 0.761000, it = 761, eps = 0.0000400372
t = 0.762000, it = 762, eps = 0.0000394108
t = 0.763000, it = 763, eps = 0.0000387802
t = 0.764000, it = 764, eps = 0.0000381456
t = 0.765000, it = 765, eps = 0.0000375070
t = 0.766000, it = 766, eps = 0.0000368643
t = 0.767000, it = 767, eps = 0.0000362176
t = 0.768000, it = 768, eps = 0.0000355670
t = 0.769000, it = 769, eps = 0.0000349124
t = 0.770000, it = 770, eps = 0.0000342539
t = 0.771000, it = 771, eps = 0.0000335916
t = 0.772000, it = 772, eps = 0.0000329255
t = 0.773000, it = 773, eps = 0.0000322556
t = 0.774000, it = 774, eps = 0.0000315819
t = 0.775000, it = 775, eps = 0.0000309045
t = 0.776000, it = 776, eps = 0.0000302234
t = 0.777000, it = 777, eps = 0.0000295386
t = 0.778000, it = 778, eps = 0.0000288503
t = 0.779000, it = 779, eps = 0.0000281583
t = 0.780000, it = 780, eps = 0.0000274628
t = 0.781000, it = 781, eps = 0.0000267639
t = 0.782000, it = 782, eps = 0.0000260614
t = 0.783000, it = 783, eps = 0.0000253555
t = 0.784000, it = 784, eps = 0.0000246463
t = 0.785000, it = 785, eps = 0.0000239336
t = 0.786000, it = 786, eps = 0.0000232177
t = 0.787000, it = 787, eps = 0.0000224985
t = 0.788000, it = 788, eps = 0.0000217760
t = 0.789000, it = 789, eps = 0.0000210504
t = 0.790000, it = 790, eps = 0.0000203216
t = 0.791000, it = 791, eps = 0.0000195897
t = 0.792000, it = 792, eps = 0.0000188547
t = 0.793000, it = 793, eps = 0.0000181166
t = 0.794000, it = 794, eps = 0.0000173756
t = 0.795000, it = 795, eps = 0.0000166316
t = 0.796000, it = 796, eps = 0.0000158847
t = 0.797000, it = 797, eps = 0.0000151349
t = 0.798000, it = 798, eps = 0.0000143823
t = 0.799000, it = 799, eps = 0.0000136269
t = 0.800000, it = 800, eps = 0.0000128688
t = 0.801000, it = 801, eps = 0.0000121080
t = 0.802000, it = 802, eps = 0.0000113445
t = 0.803000, it = 803, eps = 0.0000105784
t = 0.804000, it = 804, eps = 0.0000098097
t = 0.805000, it = 805, eps = 0.0000090385
t = 0.806000, it = 806, eps = 0.0000082648
t = 0.807000, it = 807, eps = 0.0000074887
t = 0.808000, it = 808, eps = 0.0000067102
t = 0.809000, it = 809, eps = 0.0000059293
t = 0.810000, it = 810, eps = 0.0000051462
t = 0.811000, it = 811, eps = 0.0000043607
t = 0.812000, it = 812, eps = 0.0000035731
t = 0.813000, it = 813, eps = 0.0000027833
t = 0.814000, it = 814, eps = 0.0000019914
t = 0.815000, it = 815, eps = 0.0000011974
t = 0.816000, it = 816, eps = 0.0000004014
t = 0.817000, it = 817, eps = 0.0000003966
t = 0.818000, it = 818, eps = 0.0000011965
t = 0.819000, it = 819, eps = 0.0000019983
t = 0.820000, it = 820, eps = 0.0000028020
t = 0.821000, it = 821, eps = 0.0000036074
t = 0.822000, it = 822, eps = 0.0000044146
t = 0.823000, it = 823, eps = 0.0000052234
t = 0.824000, it = 824, eps = 0.0000060339
t = 0.825000, it = 825, eps = 0.0000068460
t = 0.826000, it = 826, eps = 0.0000076597
t = 0.827000, it = 827, eps = 0.0000084748
t = 0.828000, it = 828, eps = 0.0000092914
t = 0.829000, it = 829, eps = 0.0000101094
t = 0.830000, it = 830, eps = 0.0000109287
t = 0.831000, it = 831, eps = 0.0000117493
t = 0.832000, it = 832, eps = 0.0000125712
t = 0.833000, it = 833, eps = 0.0000133943
t = 0.834000, it = 834, eps = 0.0000142185
t = 0.835000, it = 835, eps = 0.0000150438
t = 0.836000, it = 836, eps = 0.0000158702
t = 0.837000, it = 837, eps = 0.0000166975
t = 0.838000, it = 838, eps = 0.0000175258
t = 0.839000, it = 839, eps = 0.0000183550
t = 0.840000, it = 840, eps = 0.0000191850
t = 0.841000, it = 841, eps = 0.0000200158
t = 0.842000, it = 842, eps = 0.0000208474
t = 0.843000, it = 843, eps = 0.0000216796
t = 0.844000, it = 844, eps = 0.0000225124
t = 0.845000, it = 845, eps = 0.0000233459
t = 0.846000, it = 846, eps = 0.0000241798
t = 0.847000, it = 847, eps = 0.0000250142
t = 0.848000, it = 848, eps = 0.0000258491
t = 0.849000, it = 849, eps = 0.0000266843
t = 0.850000, it = 850, eps = 0.0000275198
t = 0.851000, it = 851, eps = 0.0000283556
t = 0.852000, it = 852, eps = 0.0000291916
t = 0.853000, it = 853, eps = 0.0000300278
t = 0.854000, it = 854, eps = 0.0000308640
t = 0.855000, it = 855, eps = 0.0000317003
t = 0.856000, it = 856, eps = 0.0000325366
t = 0.857000, it = 857, eps = 0.0000333728
t = 0.858000, it = 858, eps = 0.0000342089
t = 0.859000, it = 859, eps = 0.0000350449
t = 0.860000, it = 860, eps = 0.0000358806
t = 0.861000, it = 861, eps = 0.0000367160
t = 0.862000, it = 862, eps = 0.0000375512
t = 0.863000, it = 863, eps = 0.0000383859
t = 0.864000, it = 864, eps = 0.0000392201
t = 0.865000, it = 865, eps = 0.0000400539
t = 0.866000, it = 866, eps = 0.0000408872
t = 0.867000, it = 867, eps = 0.0000417198
t = 0.868000, it = 868, eps = 0.0000425517
t = 0.869000, it = 869, eps = 0.0000433830
t = 0.870000, it = 870, eps = 0.0000442134
t = 0.871000, it = 871, eps = 0.0000450431
t = 0.872000, it = 872, eps = 0.0000458719
t = 0.873000, it = 873, eps = 0.0000466997
t = 0.874000, it = 874, eps = 0.0000475265
t = 0.875000, it = 875, eps = 0.0000483523
t = 0.876000, it = 876, eps = 0.0000491770
t = 0.877000, it = 877, eps = 0.0000500005
t = 0.878000, it = 878, eps = 0.0000508228
t = 0.879000, it = 879, eps = 0.0000516438
t = 0.880000, it = 880, eps = 0.0000524636
t = 0.881000, it = 881, eps = 0.0000532819
t = 0.882000, it = 882, eps = 0.0000540988
t = 0.883000, it = 883, eps = 0.0000549142
t = 0.884000, it = 884, eps = 0.0000557281
t = 0.885000, it = 885, eps = 0.0000565403
t = 0.886000, it = 886, eps = 0.0000573509
t = 0.887000, it = 887, eps = 0.0000581598
t = 0.888000, it = 888, eps = 0.0000589669
t = 0.889000, it = 889, eps = 0.0000597722
t = 0.890000, it = 890, eps = 0.0000605756
t = 0.891000, it = 891, eps = 0.0000613770
t = 0.892000, it = 892, eps = 0.0000621765
t = 0.893000, it = 893, eps = 0.0000629739
t = 0.894000, it = 894, eps = 0.0000637693
t = 0.895000, it = 895, eps = 0.0000645624
t = 0.896000, it = 896, eps = 0.0000653534
t = 0.897000, it = 897, eps = 0.0000661421
t = 0.898000, it = 898, eps = 0.0000669284
t = 0.899000, it = 899, eps = 0.0000677124
t = 0.900000, it = 900, eps = 0.0000684939
t = 0.901000, it = 901, eps = 0.0000692730
t = 0.902000, it = 902, eps = 0.0000700495
t = 0.903000, it = 903, eps = 0.0000708234
t = 0.904000, it = 904, eps = 0.0000715946
t = 0.905000, it = 905, eps = 0.0000723632
t = 0.906000, it = 906, eps = 0.0000731289
t = 0.907000, it = 907, eps = 0.0000738919
t = 0.908000, it = 908, eps = 0.0000746519
t = 0.909000, it = 909, eps = 0.0000754091
t = 0.910000, it = 910, eps = 0.0000761632
t = 0.911000, it = 911, eps = 0.0000769143
t = 0.912000, it = 912, eps = 0.0000776624
t = 0.913000, it = 913, eps = 0.0000784072
t = 0.914000, it = 914, eps = 0.0000791489
t = 0.915000, it = 915, eps = 0.0000798873
t = 0.916000, it = 916, eps = 0.0000806224
t = 0.917000, it = 917, eps = 0.0000813541
t = 0.918000, it = 918, eps = 0.0000820824
t = 0.919000, it = 919, eps = 0.0000828073
t = 0.920000, it = 920, eps = 0.0000835286
t = 0.921000, it = 921, eps = 0.0000842463
t = 0.922000, it = 922, eps = 0.0000849604
t = 0.923000, it = 923, eps = 0.0000856709
t = 0.924000, it = 924, eps = 0.0000863775
t = 0.925000, it = 925, eps = 0.0000870804
t = 0.926000, it = 926, eps = 0.0000877795
t = 0.927000, it = 927, eps = 0.0000884746
t = 0.928000, it = 928, eps = 0.0000891658
t = 0.929000, it = 929, eps = 0.0000898530
t = 0.930000, it = 930, eps = 0.0000905361
t = 0.931000, it = 931, eps = 0.0000912152
t = 0.932000, it = 932, eps = 0.0000918900
t = 0.933000, it = 933, eps = 0.0000925607
t = 0.934000, it = 934, eps = 0.0000932271
t = 0.935000, it = 935, eps = 0.0000938892
t = 0.936000, it = 936, eps = 0.0000945469
t = 0.937000, it = 937, eps = 0.0000952003
t = 0.938000, it = 938, eps = 0.0000958491
t = 0.939000, it = 939, eps = 0.0000964935
t = 0.940000, it = 940, eps = 0.0000971332
t = 0.941000, it = 941, eps = 0.0000977684
t = 0.942000, it = 942, eps = 0.0000983989
t = 0.943000, it = 943, eps = 0.0000990247
t = 0.944000, it = 944, eps = 0.0000996457
t = 0.945000, it = 945, eps = 0.0001002619
t = 0.946000, it = 946, eps = 0.0001008732
t = 0.947000, it = 947, eps = 0.0001014796
t = 0.948000, it = 948, eps = 0.0001020811
t = 0.949000, it = 949, eps = 0.0001026776
t = 0.950000, it = 950, eps = 0.0001032690
t = 0.951000, it = 951, eps = 0.0001038552
t = 0.952000, it = 952, eps = 0.0001044364
t = 0.953000, it = 953, eps = 0.0001050123
t = 0.954000, it = 954, eps = 0.0001055830
t = 0.955000, it = 955, eps = 0.0001061484
t = 0.956000, it = 956, eps = 0.0001067085
t = 0.957000, it = 957, eps = 0.0001072632
t = 0.958000, it = 958, eps = 0.0001078124
t = 0.959000, it = 959, eps = 0.0001083562
t = 0.960000, it = 960, eps = 0.0001088944
t = 0.961000, it = 961, eps = 0.0001094271
t = 0.962000, it = 962, eps = 0.0001099542
t = 0.963000, it = 963, eps = 0.0001104756
t = 0.964000, it = 964, eps = 0.0001109913
t = 0.965000, it = 965, eps = 0.0001115012
t = 0.966000, it = 966, eps = 0.0001120054
t = 0.967000, it = 967, eps = 0.0001125037
t = 0.968000, it = 968, eps = 0.0001129961
t = 0.969000, it = 969, eps = 0.0001134827
t = 0.970000, it = 970, eps = 0.0001139632
t = 0.971000, it = 971, eps = 0.0001144378
t = 0.972000, it = 972, eps = 0.0001149063
t = 0.973000, it = 973, eps = 0.0001153687
t = 0.974000, it = 974, eps = 0.0001158250
t = 0.975000, it = 975, eps = 0.0001162751
t = 0.976000, it = 976, eps = 0.0001167190
t = 0.977000, it = 977, eps = 0.0001171567
t = 0.978000, it = 978, eps = 0.0001175880
t = 0.979000, it = 979, eps = 0.0001180130
t = 0.980000, it = 980, eps = 0.0001184317
t = 0.981000, it = 981, eps = 0.0001188439
t = 0.982000, it = 982, eps = 0.0001192497
t = 0.983000, it = 983, eps = 0.0001196490
t = 0.984000, it = 984, eps = 0.0001200418
t = 0.985000, it = 985, eps = 0.0001204280
t = 0.986000, it = 986, eps = 0.0001208076
t = 0.987000, it = 987, eps = 0.0001211805
t = 0.988000, it = 988, eps = 0.0001215468
t = 0.989000, it = 989, eps = 0.0001219064
t = 0.990000, it = 990, eps = 0.0001222592
t = 0.991000, it = 991, eps = 0.0001226053
t = 0.992000, it = 992, eps = 0.0001229445
t = 0.993000, it = 993, eps = 0.0001232769
t = 0.994000, it = 994, eps = 0.0001236024
t = 0.995000, it = 995, eps = 0.0001239209
t = 0.996000, it = 996, eps = 0.0001242325
t = 0.997000, it = 997, eps = 0.0001245372
t = 0.998000, it = 998, eps = 0.0001248348
t = 0.999000, it = 999, eps = 0.0001251253
t = 1.000000, it = 1000, eps = 0.0001254088
time = 19.483325


PS:

Read file <err/mainerrP40-N256.err> for stderr output of this job.

