Sender: LSF System <lsfadmin@polus-c4-ib.bmc.hpc.cs.msu.ru>
Subject: Job 975833: <# this file was automaticly created by mpisubmit.pl script for edu-cmc-skmodel22-621-04 #;source /polusfs/setenv/setup.SMPI;#BSUB -n 20;#BSUB -W 00:15;#BSUB -o output/mainoutP20-N128-L1.out;#BSUB -e err/mainerrP20-N128.err;OMP_NUM_THREADS=1 mpiexec a.out 1.0 1.0 1.0 128 128 128> in cluster <MSUCluster> Done

Job <# this file was automaticly created by mpisubmit.pl script for edu-cmc-skmodel22-621-04 #;source /polusfs/setenv/setup.SMPI;#BSUB -n 20;#BSUB -W 00:15;#BSUB -o output/mainoutP20-N128-L1.out;#BSUB -e err/mainerrP20-N128.err;OMP_NUM_THREADS=1 mpiexec a.out 1.0 1.0 1.0 128 128 128> was submitted from host <polus-ib.bmc.hpc.cs.msu.ru> by user <edu-cmc-skmodel22-621-04> in cluster <MSUCluster> at Fri Dec  2 10:30:40 2022
Job was executed on host(s) <18*polus-c4-ib.bmc.hpc.cs.msu.ru>, in queue <short>, as user <edu-cmc-skmodel22-621-04> in cluster <MSUCluster> at Fri Dec  2 10:31:41 2022
                            <2*polus-c3-ib.bmc.hpc.cs.msu.ru>
</home_edu/edu-cmc-skmodel22-621/edu-cmc-skmodel22-621-04> was used as the home directory.
</home_edu/edu-cmc-skmodel22-621/edu-cmc-skmodel22-621-04/parallel-dz3> was used as the working directory.
Started at Fri Dec  2 10:31:41 2022
Terminated at Fri Dec  2 10:31:47 2022
Results reported at Fri Dec  2 10:31:47 2022

Your job looked like:

------------------------------------------------------------
# LSBATCH: User input
# this file was automaticly created by mpisubmit.pl script for edu-cmc-skmodel22-621-04 #
source /polusfs/setenv/setup.SMPI
#BSUB -n 20
#BSUB -W 00:15
#BSUB -o output/mainoutP20-N128-L1.out
#BSUB -e err/mainerrP20-N128.err
OMP_NUM_THREADS=1 mpiexec a.out 1.0 1.0 1.0 128 128 128

------------------------------------------------------------

Successfully completed.

Resource usage summary:

    CPU time :                                   96.52 sec.
    Max Memory :                                 1020 MB
    Average Memory :                             680.33 MB
    Total Requested Memory :                     -
    Delta Memory :                               -
    Max Swap :                                   -
    Max Processes :                              22
    Max Threads :                                63
    Run time :                                   11 sec.
    Turnaround time :                            67 sec.

The output (if any) follows:

t = 0.000000, it = 0, eps = 0.0000000000
t = 0.001000, it = 1, eps = 0.0000000044
t = 0.002000, it = 2, eps = 0.0000000175
t = 0.003000, it = 3, eps = 0.0000000394
t = 0.004000, it = 4, eps = 0.0000000701
t = 0.005000, it = 5, eps = 0.0000001095
t = 0.006000, it = 6, eps = 0.0000001577
t = 0.007000, it = 7, eps = 0.0000002146
t = 0.008000, it = 8, eps = 0.0000002803
t = 0.009000, it = 9, eps = 0.0000003547
t = 0.010000, it = 10, eps = 0.0000004378
t = 0.011000, it = 11, eps = 0.0000005296
t = 0.012000, it = 12, eps = 0.0000006301
t = 0.013000, it = 13, eps = 0.0000007393
t = 0.014000, it = 14, eps = 0.0000008572
t = 0.015000, it = 15, eps = 0.0000009838
t = 0.016000, it = 16, eps = 0.0000011190
t = 0.017000, it = 17, eps = 0.0000012628
t = 0.018000, it = 18, eps = 0.0000014153
t = 0.019000, it = 19, eps = 0.0000015763
t = 0.020000, it = 20, eps = 0.0000017459
t = 0.021000, it = 21, eps = 0.0000019241
t = 0.022000, it = 22, eps = 0.0000021108
t = 0.023000, it = 23, eps = 0.0000023061
t = 0.024000, it = 24, eps = 0.0000025098
t = 0.025000, it = 25, eps = 0.0000027220
t = 0.026000, it = 26, eps = 0.0000029426
t = 0.027000, it = 27, eps = 0.0000031716
t = 0.028000, it = 28, eps = 0.0000034091
t = 0.029000, it = 29, eps = 0.0000036548
t = 0.030000, it = 30, eps = 0.0000039090
t = 0.031000, it = 31, eps = 0.0000041714
t = 0.032000, it = 32, eps = 0.0000044421
t = 0.033000, it = 33, eps = 0.0000047210
t = 0.034000, it = 34, eps = 0.0000050081
t = 0.035000, it = 35, eps = 0.0000053034
t = 0.036000, it = 36, eps = 0.0000056069
t = 0.037000, it = 37, eps = 0.0000059184
t = 0.038000, it = 38, eps = 0.0000062380
t = 0.039000, it = 39, eps = 0.0000065656
t = 0.040000, it = 40, eps = 0.0000069012
t = 0.041000, it = 41, eps = 0.0000072447
t = 0.042000, it = 42, eps = 0.0000075962
t = 0.043000, it = 43, eps = 0.0000079555
t = 0.044000, it = 44, eps = 0.0000083226
t = 0.045000, it = 45, eps = 0.0000086975
t = 0.046000, it = 46, eps = 0.0000090801
t = 0.047000, it = 47, eps = 0.0000094704
t = 0.048000, it = 48, eps = 0.0000098684
t = 0.049000, it = 49, eps = 0.0000102739
t = 0.050000, it = 50, eps = 0.0000106870
t = 0.051000, it = 51, eps = 0.0000111076
t = 0.052000, it = 52, eps = 0.0000115356
t = 0.053000, it = 53, eps = 0.0000119710
t = 0.054000, it = 54, eps = 0.0000124137
t = 0.055000, it = 55, eps = 0.0000128637
t = 0.056000, it = 56, eps = 0.0000133209
t = 0.057000, it = 57, eps = 0.0000137854
t = 0.058000, it = 58, eps = 0.0000142569
t = 0.059000, it = 59, eps = 0.0000147355
t = 0.060000, it = 60, eps = 0.0000152211
t = 0.061000, it = 61, eps = 0.0000157136
t = 0.062000, it = 62, eps = 0.0000162131
t = 0.063000, it = 63, eps = 0.0000167193
t = 0.064000, it = 64, eps = 0.0000172323
t = 0.065000, it = 65, eps = 0.0000177521
t = 0.066000, it = 66, eps = 0.0000182784
t = 0.067000, it = 67, eps = 0.0000188114
t = 0.068000, it = 68, eps = 0.0000193508
t = 0.069000, it = 69, eps = 0.0000198967
t = 0.070000, it = 70, eps = 0.0000204490
t = 0.071000, it = 71, eps = 0.0000210076
t = 0.072000, it = 72, eps = 0.0000215724
t = 0.073000, it = 73, eps = 0.0000221434
t = 0.074000, it = 74, eps = 0.0000227205
t = 0.075000, it = 75, eps = 0.0000233037
t = 0.076000, it = 76, eps = 0.0000238928
t = 0.077000, it = 77, eps = 0.0000244878
t = 0.078000, it = 78, eps = 0.0000250886
t = 0.079000, it = 79, eps = 0.0000256952
t = 0.080000, it = 80, eps = 0.0000263074
t = 0.081000, it = 81, eps = 0.0000269253
t = 0.082000, it = 82, eps = 0.0000275486
t = 0.083000, it = 83, eps = 0.0000281775
t = 0.084000, it = 84, eps = 0.0000288116
t = 0.085000, it = 85, eps = 0.0000294511
t = 0.086000, it = 86, eps = 0.0000300958
t = 0.087000, it = 87, eps = 0.0000307456
t = 0.088000, it = 88, eps = 0.0000314005
t = 0.089000, it = 89, eps = 0.0000320603
t = 0.090000, it = 90, eps = 0.0000327250
t = 0.091000, it = 91, eps = 0.0000333945
t = 0.092000, it = 92, eps = 0.0000340688
t = 0.093000, it = 93, eps = 0.0000347477
t = 0.094000, it = 94, eps = 0.0000354312
t = 0.095000, it = 95, eps = 0.0000361191
t = 0.096000, it = 96, eps = 0.0000368114
t = 0.097000, it = 97, eps = 0.0000375080
t = 0.098000, it = 98, eps = 0.0000382088
t = 0.099000, it = 99, eps = 0.0000389138
t = 0.100000, it = 100, eps = 0.0000396228
t = 0.101000, it = 101, eps = 0.0000403357
t = 0.102000, it = 102, eps = 0.0000410525
t = 0.103000, it = 103, eps = 0.0000417731
t = 0.104000, it = 104, eps = 0.0000424973
t = 0.105000, it = 105, eps = 0.0000432251
t = 0.106000, it = 106, eps = 0.0000439565
t = 0.107000, it = 107, eps = 0.0000446912
t = 0.108000, it = 108, eps = 0.0000454292
t = 0.109000, it = 109, eps = 0.0000461705
t = 0.110000, it = 110, eps = 0.0000469149
t = 0.111000, it = 111, eps = 0.0000476623
t = 0.112000, it = 112, eps = 0.0000484127
t = 0.113000, it = 113, eps = 0.0000491658
t = 0.114000, it = 114, eps = 0.0000499218
t = 0.115000, it = 115, eps = 0.0000506803
t = 0.116000, it = 116, eps = 0.0000514415
t = 0.117000, it = 117, eps = 0.0000522051
t = 0.118000, it = 118, eps = 0.0000529710
t = 0.119000, it = 119, eps = 0.0000537392
t = 0.120000, it = 120, eps = 0.0000545095
t = 0.121000, it = 121, eps = 0.0000552819
t = 0.122000, it = 122, eps = 0.0000560563
t = 0.123000, it = 123, eps = 0.0000568325
t = 0.124000, it = 124, eps = 0.0000576105
t = 0.125000, it = 125, eps = 0.0000583901
t = 0.126000, it = 126, eps = 0.0000591713
t = 0.127000, it = 127, eps = 0.0000599540
t = 0.128000, it = 128, eps = 0.0000607380
t = 0.129000, it = 129, eps = 0.0000615232
t = 0.130000, it = 130, eps = 0.0000623096
t = 0.131000, it = 131, eps = 0.0000630971
t = 0.132000, it = 132, eps = 0.0000638854
t = 0.133000, it = 133, eps = 0.0000646747
t = 0.134000, it = 134, eps = 0.0000654646
t = 0.135000, it = 135, eps = 0.0000662552
t = 0.136000, it = 136, eps = 0.0000670463
t = 0.137000, it = 137, eps = 0.0000678378
t = 0.138000, it = 138, eps = 0.0000686296
t = 0.139000, it = 139, eps = 0.0000694216
t = 0.140000, it = 140, eps = 0.0000702138
t = 0.141000, it = 141, eps = 0.0000710059
t = 0.142000, it = 142, eps = 0.0000717979
t = 0.143000, it = 143, eps = 0.0000725897
t = 0.144000, it = 144, eps = 0.0000733811
t = 0.145000, it = 145, eps = 0.0000741722
t = 0.146000, it = 146, eps = 0.0000749627
t = 0.147000, it = 147, eps = 0.0000757525
t = 0.148000, it = 148, eps = 0.0000765416
t = 0.149000, it = 149, eps = 0.0000773298
t = 0.150000, it = 150, eps = 0.0000781171
t = 0.151000, it = 151, eps = 0.0000789033
t = 0.152000, it = 152, eps = 0.0000796882
t = 0.153000, it = 153, eps = 0.0000804719
t = 0.154000, it = 154, eps = 0.0000812542
t = 0.155000, it = 155, eps = 0.0000820350
t = 0.156000, it = 156, eps = 0.0000828141
t = 0.157000, it = 157, eps = 0.0000835916
t = 0.158000, it = 158, eps = 0.0000843671
t = 0.159000, it = 159, eps = 0.0000851408
t = 0.160000, it = 160, eps = 0.0000859123
t = 0.161000, it = 161, eps = 0.0000866817
t = 0.162000, it = 162, eps = 0.0000874489
t = 0.163000, it = 163, eps = 0.0000882136
t = 0.164000, it = 164, eps = 0.0000889759
t = 0.165000, it = 165, eps = 0.0000897355
t = 0.166000, it = 166, eps = 0.0000904924
t = 0.167000, it = 167, eps = 0.0000912465
t = 0.168000, it = 168, eps = 0.0000919977
t = 0.169000, it = 169, eps = 0.0000927458
t = 0.170000, it = 170, eps = 0.0000934908
t = 0.171000, it = 171, eps = 0.0000942325
t = 0.172000, it = 172, eps = 0.0000949708
t = 0.173000, it = 173, eps = 0.0000957057
t = 0.174000, it = 174, eps = 0.0000964370
t = 0.175000, it = 175, eps = 0.0000971646
t = 0.176000, it = 176, eps = 0.0000978884
t = 0.177000, it = 177, eps = 0.0000986082
t = 0.178000, it = 178, eps = 0.0000993241
t = 0.179000, it = 179, eps = 0.0001000358
t = 0.180000, it = 180, eps = 0.0001007432
t = 0.181000, it = 181, eps = 0.0001014464
t = 0.182000, it = 182, eps = 0.0001021450
t = 0.183000, it = 183, eps = 0.0001028391
t = 0.184000, it = 184, eps = 0.0001035286
t = 0.185000, it = 185, eps = 0.0001042132
t = 0.186000, it = 186, eps = 0.0001048930
t = 0.187000, it = 187, eps = 0.0001055678
t = 0.188000, it = 188, eps = 0.0001062375
t = 0.189000, it = 189, eps = 0.0001069019
t = 0.190000, it = 190, eps = 0.0001075611
t = 0.191000, it = 191, eps = 0.0001082149
t = 0.192000, it = 192, eps = 0.0001088631
t = 0.193000, it = 193, eps = 0.0001095057
t = 0.194000, it = 194, eps = 0.0001101425
t = 0.195000, it = 195, eps = 0.0001107736
t = 0.196000, it = 196, eps = 0.0001113986
t = 0.197000, it = 197, eps = 0.0001120177
t = 0.198000, it = 198, eps = 0.0001126305
t = 0.199000, it = 199, eps = 0.0001132372
t = 0.200000, it = 200, eps = 0.0001138374
t = 0.201000, it = 201, eps = 0.0001144312
t = 0.202000, it = 202, eps = 0.0001150184
t = 0.203000, it = 203, eps = 0.0001155990
t = 0.204000, it = 204, eps = 0.0001161728
t = 0.205000, it = 205, eps = 0.0001167397
t = 0.206000, it = 206, eps = 0.0001172997
t = 0.207000, it = 207, eps = 0.0001178526
t = 0.208000, it = 208, eps = 0.0001183983
t = 0.209000, it = 209, eps = 0.0001189367
t = 0.210000, it = 210, eps = 0.0001194678
t = 0.211000, it = 211, eps = 0.0001199914
t = 0.212000, it = 212, eps = 0.0001205075
t = 0.213000, it = 213, eps = 0.0001210158
t = 0.214000, it = 214, eps = 0.0001215164
t = 0.215000, it = 215, eps = 0.0001220092
t = 0.216000, it = 216, eps = 0.0001224940
t = 0.217000, it = 217, eps = 0.0001229707
t = 0.218000, it = 218, eps = 0.0001234393
t = 0.219000, it = 219, eps = 0.0001238996
t = 0.220000, it = 220, eps = 0.0001243516
t = 0.221000, it = 221, eps = 0.0001247952
t = 0.222000, it = 222, eps = 0.0001252303
t = 0.223000, it = 223, eps = 0.0001256567
t = 0.224000, it = 224, eps = 0.0001260744
t = 0.225000, it = 225, eps = 0.0001264834
t = 0.226000, it = 226, eps = 0.0001268834
t = 0.227000, it = 227, eps = 0.0001272744
t = 0.228000, it = 228, eps = 0.0001276564
t = 0.229000, it = 229, eps = 0.0001280293
t = 0.230000, it = 230, eps = 0.0001283928
t = 0.231000, it = 231, eps = 0.0001287471
t = 0.232000, it = 232, eps = 0.0001290919
t = 0.233000, it = 233, eps = 0.0001294272
t = 0.234000, it = 234, eps = 0.0001297529
t = 0.235000, it = 235, eps = 0.0001300690
t = 0.236000, it = 236, eps = 0.0001303752
t = 0.237000, it = 237, eps = 0.0001306717
t = 0.238000, it = 238, eps = 0.0001309582
t = 0.239000, it = 239, eps = 0.0001312346
t = 0.240000, it = 240, eps = 0.0001315010
t = 0.241000, it = 241, eps = 0.0001317572
t = 0.242000, it = 242, eps = 0.0001320032
t = 0.243000, it = 243, eps = 0.0001322388
t = 0.244000, it = 244, eps = 0.0001324640
t = 0.245000, it = 245, eps = 0.0001326788
t = 0.246000, it = 246, eps = 0.0001328829
t = 0.247000, it = 247, eps = 0.0001330764
t = 0.248000, it = 248, eps = 0.0001332592
t = 0.249000, it = 249, eps = 0.0001334312
t = 0.250000, it = 250, eps = 0.0001335923
t = 0.251000, it = 251, eps = 0.0001337425
t = 0.252000, it = 252, eps = 0.0001338817
t = 0.253000, it = 253, eps = 0.0001340098
t = 0.254000, it = 254, eps = 0.0001341267
t = 0.255000, it = 255, eps = 0.0001342325
t = 0.256000, it = 256, eps = 0.0001343269
t = 0.257000, it = 257, eps = 0.0001344100
t = 0.258000, it = 258, eps = 0.0001344816
t = 0.259000, it = 259, eps = 0.0001345417
t = 0.260000, it = 260, eps = 0.0001345903
t = 0.261000, it = 261, eps = 0.0001346273
t = 0.262000, it = 262, eps = 0.0001346526
t = 0.263000, it = 263, eps = 0.0001346661
t = 0.264000, it = 264, eps = 0.0001346678
t = 0.265000, it = 265, eps = 0.0001346577
t = 0.266000, it = 266, eps = 0.0001346356
t = 0.267000, it = 267, eps = 0.0001346016
t = 0.268000, it = 268, eps = 0.0001345554
t = 0.269000, it = 269, eps = 0.0001344972
t = 0.270000, it = 270, eps = 0.0001344269
t = 0.271000, it = 271, eps = 0.0001343443
t = 0.272000, it = 272, eps = 0.0001342494
t = 0.273000, it = 273, eps = 0.0001341422
t = 0.274000, it = 274, eps = 0.0001340227
t = 0.275000, it = 275, eps = 0.0001338907
t = 0.276000, it = 276, eps = 0.0001337463
t = 0.277000, it = 277, eps = 0.0001335893
t = 0.278000, it = 278, eps = 0.0001334197
t = 0.279000, it = 279, eps = 0.0001332376
t = 0.280000, it = 280, eps = 0.0001330428
t = 0.281000, it = 281, eps = 0.0001328352
t = 0.282000, it = 282, eps = 0.0001326149
t = 0.283000, it = 283, eps = 0.0001323819
t = 0.284000, it = 284, eps = 0.0001321359
t = 0.285000, it = 285, eps = 0.0001318771
t = 0.286000, it = 286, eps = 0.0001316054
t = 0.287000, it = 287, eps = 0.0001313208
t = 0.288000, it = 288, eps = 0.0001310231
t = 0.289000, it = 289, eps = 0.0001307124
t = 0.290000, it = 290, eps = 0.0001303886
t = 0.291000, it = 291, eps = 0.0001300518
t = 0.292000, it = 292, eps = 0.0001297018
t = 0.293000, it = 293, eps = 0.0001293386
t = 0.294000, it = 294, eps = 0.0001289623
t = 0.295000, it = 295, eps = 0.0001285727
t = 0.296000, it = 296, eps = 0.0001281699
t = 0.297000, it = 297, eps = 0.0001277538
t = 0.298000, it = 298, eps = 0.0001273244
t = 0.299000, it = 299, eps = 0.0001268816
t = 0.300000, it = 300, eps = 0.0001264255
t = 0.301000, it = 301, eps = 0.0001259560
t = 0.302000, it = 302, eps = 0.0001254731
t = 0.303000, it = 303, eps = 0.0001249768
t = 0.304000, it = 304, eps = 0.0001244670
t = 0.305000, it = 305, eps = 0.0001239438
t = 0.306000, it = 306, eps = 0.0001234071
t = 0.307000, it = 307, eps = 0.0001228569
t = 0.308000, it = 308, eps = 0.0001222932
t = 0.309000, it = 309, eps = 0.0001217160
t = 0.310000, it = 310, eps = 0.0001211252
t = 0.311000, it = 311, eps = 0.0001205209
t = 0.312000, it = 312, eps = 0.0001199030
t = 0.313000, it = 313, eps = 0.0001192716
t = 0.314000, it = 314, eps = 0.0001186266
t = 0.315000, it = 315, eps = 0.0001179680
t = 0.316000, it = 316, eps = 0.0001172958
t = 0.317000, it = 317, eps = 0.0001166100
t = 0.318000, it = 318, eps = 0.0001159106
t = 0.319000, it = 319, eps = 0.0001151977
t = 0.320000, it = 320, eps = 0.0001144711
t = 0.321000, it = 321, eps = 0.0001137309
t = 0.322000, it = 322, eps = 0.0001129772
t = 0.323000, it = 323, eps = 0.0001122098
t = 0.324000, it = 324, eps = 0.0001114289
t = 0.325000, it = 325, eps = 0.0001106344
t = 0.326000, it = 326, eps = 0.0001098263
t = 0.327000, it = 327, eps = 0.0001090046
t = 0.328000, it = 328, eps = 0.0001081694
t = 0.329000, it = 329, eps = 0.0001073206
t = 0.330000, it = 330, eps = 0.0001064583
t = 0.331000, it = 331, eps = 0.0001055824
t = 0.332000, it = 332, eps = 0.0001046930
t = 0.333000, it = 333, eps = 0.0001037902
t = 0.334000, it = 334, eps = 0.0001028739
t = 0.335000, it = 335, eps = 0.0001019441
t = 0.336000, it = 336, eps = 0.0001010008
t = 0.337000, it = 337, eps = 0.0001000441
t = 0.338000, it = 338, eps = 0.0000990741
t = 0.339000, it = 339, eps = 0.0000980906
t = 0.340000, it = 340, eps = 0.0000970938
t = 0.341000, it = 341, eps = 0.0000960837
t = 0.342000, it = 342, eps = 0.0000950602
t = 0.343000, it = 343, eps = 0.0000940235
t = 0.344000, it = 344, eps = 0.0000929735
t = 0.345000, it = 345, eps = 0.0000919103
t = 0.346000, it = 346, eps = 0.0000908340
t = 0.347000, it = 347, eps = 0.0000897444
t = 0.348000, it = 348, eps = 0.0000886418
t = 0.349000, it = 349, eps = 0.0000875260
t = 0.350000, it = 350, eps = 0.0000863972
t = 0.351000, it = 351, eps = 0.0000852554
t = 0.352000, it = 352, eps = 0.0000841006
t = 0.353000, it = 353, eps = 0.0000829329
t = 0.354000, it = 354, eps = 0.0000817523
t = 0.355000, it = 355, eps = 0.0000805588
t = 0.356000, it = 356, eps = 0.0000793525
t = 0.357000, it = 357, eps = 0.0000781335
t = 0.358000, it = 358, eps = 0.0000769017
t = 0.359000, it = 359, eps = 0.0000756573
t = 0.360000, it = 360, eps = 0.0000744003
t = 0.361000, it = 361, eps = 0.0000731306
t = 0.362000, it = 362, eps = 0.0000718485
t = 0.363000, it = 363, eps = 0.0000705539
t = 0.364000, it = 364, eps = 0.0000692469
t = 0.365000, it = 365, eps = 0.0000679275
t = 0.366000, it = 366, eps = 0.0000665958
t = 0.367000, it = 367, eps = 0.0000652518
t = 0.368000, it = 368, eps = 0.0000638957
t = 0.369000, it = 369, eps = 0.0000625274
t = 0.370000, it = 370, eps = 0.0000611471
t = 0.371000, it = 371, eps = 0.0000597548
t = 0.372000, it = 372, eps = 0.0000583505
t = 0.373000, it = 373, eps = 0.0000569343
t = 0.374000, it = 374, eps = 0.0000555063
t = 0.375000, it = 375, eps = 0.0000540666
t = 0.376000, it = 376, eps = 0.0000526152
t = 0.377000, it = 377, eps = 0.0000511522
t = 0.378000, it = 378, eps = 0.0000496776
t = 0.379000, it = 379, eps = 0.0000481916
t = 0.380000, it = 380, eps = 0.0000466942
t = 0.381000, it = 381, eps = 0.0000451854
t = 0.382000, it = 382, eps = 0.0000436654
t = 0.383000, it = 383, eps = 0.0000421343
t = 0.384000, it = 384, eps = 0.0000405920
t = 0.385000, it = 385, eps = 0.0000390388
t = 0.386000, it = 386, eps = 0.0000374745
t = 0.387000, it = 387, eps = 0.0000358995
t = 0.388000, it = 388, eps = 0.0000343136
t = 0.389000, it = 389, eps = 0.0000327171
t = 0.390000, it = 390, eps = 0.0000311100
t = 0.391000, it = 391, eps = 0.0000294923
t = 0.392000, it = 392, eps = 0.0000278642
t = 0.393000, it = 393, eps = 0.0000262258
t = 0.394000, it = 394, eps = 0.0000245771
t = 0.395000, it = 395, eps = 0.0000229183
t = 0.396000, it = 396, eps = 0.0000212493
t = 0.397000, it = 397, eps = 0.0000195704
t = 0.398000, it = 398, eps = 0.0000178816
t = 0.399000, it = 399, eps = 0.0000161830
t = 0.400000, it = 400, eps = 0.0000144747
t = 0.401000, it = 401, eps = 0.0000127568
t = 0.402000, it = 402, eps = 0.0000110294
t = 0.403000, it = 403, eps = 0.0000092926
t = 0.404000, it = 404, eps = 0.0000075465
t = 0.405000, it = 405, eps = 0.0000057911
t = 0.406000, it = 406, eps = 0.0000040267
t = 0.407000, it = 407, eps = 0.0000022533
t = 0.408000, it = 408, eps = 0.0000004709
t = 0.409000, it = 409, eps = 0.0000013202
t = 0.410000, it = 410, eps = 0.0000031200
t = 0.411000, it = 411, eps = 0.0000049284
t = 0.412000, it = 412, eps = 0.0000067452
t = 0.413000, it = 413, eps = 0.0000085705
t = 0.414000, it = 414, eps = 0.0000104039
t = 0.415000, it = 415, eps = 0.0000122456
t = 0.416000, it = 416, eps = 0.0000140952
t = 0.417000, it = 417, eps = 0.0000159527
t = 0.418000, it = 418, eps = 0.0000178181
t = 0.419000, it = 419, eps = 0.0000196911
t = 0.420000, it = 420, eps = 0.0000215717
t = 0.421000, it = 421, eps = 0.0000234598
t = 0.422000, it = 422, eps = 0.0000253552
t = 0.423000, it = 423, eps = 0.0000272578
t = 0.424000, it = 424, eps = 0.0000291675
t = 0.425000, it = 425, eps = 0.0000310841
t = 0.426000, it = 426, eps = 0.0000330077
t = 0.427000, it = 427, eps = 0.0000349379
t = 0.428000, it = 428, eps = 0.0000368748
t = 0.429000, it = 429, eps = 0.0000388181
t = 0.430000, it = 430, eps = 0.0000407678
t = 0.431000, it = 431, eps = 0.0000427237
t = 0.432000, it = 432, eps = 0.0000446857
t = 0.433000, it = 433, eps = 0.0000466537
t = 0.434000, it = 434, eps = 0.0000486275
t = 0.435000, it = 435, eps = 0.0000506071
t = 0.436000, it = 436, eps = 0.0000525922
t = 0.437000, it = 437, eps = 0.0000545828
t = 0.438000, it = 438, eps = 0.0000565787
t = 0.439000, it = 439, eps = 0.0000585798
t = 0.440000, it = 440, eps = 0.0000605859
t = 0.441000, it = 441, eps = 0.0000625969
t = 0.442000, it = 442, eps = 0.0000646128
t = 0.443000, it = 443, eps = 0.0000666333
t = 0.444000, it = 444, eps = 0.0000686582
t = 0.445000, it = 445, eps = 0.0000706876
t = 0.446000, it = 446, eps = 0.0000727212
t = 0.447000, it = 447, eps = 0.0000747589
t = 0.448000, it = 448, eps = 0.0000768005
t = 0.449000, it = 449, eps = 0.0000788459
t = 0.450000, it = 450, eps = 0.0000808950
t = 0.451000, it = 451, eps = 0.0000829476
t = 0.452000, it = 452, eps = 0.0000850037
t = 0.453000, it = 453, eps = 0.0000870629
t = 0.454000, it = 454, eps = 0.0000891253
t = 0.455000, it = 455, eps = 0.0000911906
t = 0.456000, it = 456, eps = 0.0000932587
t = 0.457000, it = 457, eps = 0.0000953294
t = 0.458000, it = 458, eps = 0.0000974027
t = 0.459000, it = 459, eps = 0.0000994783
t = 0.460000, it = 460, eps = 0.0001015562
t = 0.461000, it = 461, eps = 0.0001036361
t = 0.462000, it = 462, eps = 0.0001057179
t = 0.463000, it = 463, eps = 0.0001078015
t = 0.464000, it = 464, eps = 0.0001098867
t = 0.465000, it = 465, eps = 0.0001119734
t = 0.466000, it = 466, eps = 0.0001140613
t = 0.467000, it = 467, eps = 0.0001161505
t = 0.468000, it = 468, eps = 0.0001182406
t = 0.469000, it = 469, eps = 0.0001203316
t = 0.470000, it = 470, eps = 0.0001224233
t = 0.471000, it = 471, eps = 0.0001245156
t = 0.472000, it = 472, eps = 0.0001266082
t = 0.473000, it = 473, eps = 0.0001287011
t = 0.474000, it = 474, eps = 0.0001307940
t = 0.475000, it = 475, eps = 0.0001328869
t = 0.476000, it = 476, eps = 0.0001349795
t = 0.477000, it = 477, eps = 0.0001370718
t = 0.478000, it = 478, eps = 0.0001391635
t = 0.479000, it = 479, eps = 0.0001412544
t = 0.480000, it = 480, eps = 0.0001433446
t = 0.481000, it = 481, eps = 0.0001454336
t = 0.482000, it = 482, eps = 0.0001475216
t = 0.483000, it = 483, eps = 0.0001496081
t = 0.484000, it = 484, eps = 0.0001516932
t = 0.485000, it = 485, eps = 0.0001537766
t = 0.486000, it = 486, eps = 0.0001558581
t = 0.487000, it = 487, eps = 0.0001579377
t = 0.488000, it = 488, eps = 0.0001600151
t = 0.489000, it = 489, eps = 0.0001620903
t = 0.490000, it = 490, eps = 0.0001641629
t = 0.491000, it = 491, eps = 0.0001662329
t = 0.492000, it = 492, eps = 0.0001683002
t = 0.493000, it = 493, eps = 0.0001703644
t = 0.494000, it = 494, eps = 0.0001724256
t = 0.495000, it = 495, eps = 0.0001744834
t = 0.496000, it = 496, eps = 0.0001765378
t = 0.497000, it = 497, eps = 0.0001785886
t = 0.498000, it = 498, eps = 0.0001806357
t = 0.499000, it = 499, eps = 0.0001826787
t = 0.500000, it = 500, eps = 0.0001847177
t = 0.501000, it = 501, eps = 0.0001867524
t = 0.502000, it = 502, eps = 0.0001887827
t = 0.503000, it = 503, eps = 0.0001908084
t = 0.504000, it = 504, eps = 0.0001928293
t = 0.505000, it = 505, eps = 0.0001948453
t = 0.506000, it = 506, eps = 0.0001968562
t = 0.507000, it = 507, eps = 0.0001988618
t = 0.508000, it = 508, eps = 0.0002008621
t = 0.509000, it = 509, eps = 0.0002028567
t = 0.510000, it = 510, eps = 0.0002048456
t = 0.511000, it = 511, eps = 0.0002068286
t = 0.512000, it = 512, eps = 0.0002088055
t = 0.513000, it = 513, eps = 0.0002107761
t = 0.514000, it = 514, eps = 0.0002127403
t = 0.515000, it = 515, eps = 0.0002146980
t = 0.516000, it = 516, eps = 0.0002166489
t = 0.517000, it = 517, eps = 0.0002185929
t = 0.518000, it = 518, eps = 0.0002205298
t = 0.519000, it = 519, eps = 0.0002224595
t = 0.520000, it = 520, eps = 0.0002243818
t = 0.521000, it = 521, eps = 0.0002262965
t = 0.522000, it = 522, eps = 0.0002282035
t = 0.523000, it = 523, eps = 0.0002301026
t = 0.524000, it = 524, eps = 0.0002319936
t = 0.525000, it = 525, eps = 0.0002338764
t = 0.526000, it = 526, eps = 0.0002357509
t = 0.527000, it = 527, eps = 0.0002376167
t = 0.528000, it = 528, eps = 0.0002394739
t = 0.529000, it = 529, eps = 0.0002413222
t = 0.530000, it = 530, eps = 0.0002431614
t = 0.531000, it = 531, eps = 0.0002449914
t = 0.532000, it = 532, eps = 0.0002468121
t = 0.533000, it = 533, eps = 0.0002486232
t = 0.534000, it = 534, eps = 0.0002504246
t = 0.535000, it = 535, eps = 0.0002522162
t = 0.536000, it = 536, eps = 0.0002539977
t = 0.537000, it = 537, eps = 0.0002557691
t = 0.538000, it = 538, eps = 0.0002575301
t = 0.539000, it = 539, eps = 0.0002592807
t = 0.540000, it = 540, eps = 0.0002610205
t = 0.541000, it = 541, eps = 0.0002627496
t = 0.542000, it = 542, eps = 0.0002644676
t = 0.543000, it = 543, eps = 0.0002661746
t = 0.544000, it = 544, eps = 0.0002678702
t = 0.545000, it = 545, eps = 0.0002695543
t = 0.546000, it = 546, eps = 0.0002712269
t = 0.547000, it = 547, eps = 0.0002728877
t = 0.548000, it = 548, eps = 0.0002745365
t = 0.549000, it = 549, eps = 0.0002761732
t = 0.550000, it = 550, eps = 0.0002777978
t = 0.551000, it = 551, eps = 0.0002794099
t = 0.552000, it = 552, eps = 0.0002810094
t = 0.553000, it = 553, eps = 0.0002825962
t = 0.554000, it = 554, eps = 0.0002841702
t = 0.555000, it = 555, eps = 0.0002857312
t = 0.556000, it = 556, eps = 0.0002872789
t = 0.557000, it = 557, eps = 0.0002888134
t = 0.558000, it = 558, eps = 0.0002903344
t = 0.559000, it = 559, eps = 0.0002918417
t = 0.560000, it = 560, eps = 0.0002933353
t = 0.561000, it = 561, eps = 0.0002948149
t = 0.562000, it = 562, eps = 0.0002962805
t = 0.563000, it = 563, eps = 0.0002977318
t = 0.564000, it = 564, eps = 0.0002991687
t = 0.565000, it = 565, eps = 0.0003005912
t = 0.566000, it = 566, eps = 0.0003019989
t = 0.567000, it = 567, eps = 0.0003033918
t = 0.568000, it = 568, eps = 0.0003047698
t = 0.569000, it = 569, eps = 0.0003061327
t = 0.570000, it = 570, eps = 0.0003074803
t = 0.571000, it = 571, eps = 0.0003088125
t = 0.572000, it = 572, eps = 0.0003101291
t = 0.573000, it = 573, eps = 0.0003114301
t = 0.574000, it = 574, eps = 0.0003127152
t = 0.575000, it = 575, eps = 0.0003139844
t = 0.576000, it = 576, eps = 0.0003152375
t = 0.577000, it = 577, eps = 0.0003164744
t = 0.578000, it = 578, eps = 0.0003176948
t = 0.579000, it = 579, eps = 0.0003188988
t = 0.580000, it = 580, eps = 0.0003200860
t = 0.581000, it = 581, eps = 0.0003212565
t = 0.582000, it = 582, eps = 0.0003224101
t = 0.583000, it = 583, eps = 0.0003235466
t = 0.584000, it = 584, eps = 0.0003246659
t = 0.585000, it = 585, eps = 0.0003257679
t = 0.586000, it = 586, eps = 0.0003268524
t = 0.587000, it = 587, eps = 0.0003279194
t = 0.588000, it = 588, eps = 0.0003289686
t = 0.589000, it = 589, eps = 0.0003300000
t = 0.590000, it = 590, eps = 0.0003310134
t = 0.591000, it = 591, eps = 0.0003320087
t = 0.592000, it = 592, eps = 0.0003329858
t = 0.593000, it = 593, eps = 0.0003339446
t = 0.594000, it = 594, eps = 0.0003348849
t = 0.595000, it = 595, eps = 0.0003358066
t = 0.596000, it = 596, eps = 0.0003367095
t = 0.597000, it = 597, eps = 0.0003375937
t = 0.598000, it = 598, eps = 0.0003384588
t = 0.599000, it = 599, eps = 0.0003393050
t = 0.600000, it = 600, eps = 0.0003401319
t = 0.601000, it = 601, eps = 0.0003409395
t = 0.602000, it = 602, eps = 0.0003417277
t = 0.603000, it = 603, eps = 0.0003424963
t = 0.604000, it = 604, eps = 0.0003432454
t = 0.605000, it = 605, eps = 0.0003439746
t = 0.606000, it = 606, eps = 0.0003446840
t = 0.607000, it = 607, eps = 0.0003453734
t = 0.608000, it = 608, eps = 0.0003460427
t = 0.609000, it = 609, eps = 0.0003466919
t = 0.610000, it = 610, eps = 0.0003473207
t = 0.611000, it = 611, eps = 0.0003479291
t = 0.612000, it = 612, eps = 0.0003485170
t = 0.613000, it = 613, eps = 0.0003490843
t = 0.614000, it = 614, eps = 0.0003496309
t = 0.615000, it = 615, eps = 0.0003501567
t = 0.616000, it = 616, eps = 0.0003506616
t = 0.617000, it = 617, eps = 0.0003511454
t = 0.618000, it = 618, eps = 0.0003516082
t = 0.619000, it = 619, eps = 0.0003520498
t = 0.620000, it = 620, eps = 0.0003524700
t = 0.621000, it = 621, eps = 0.0003528689
t = 0.622000, it = 622, eps = 0.0003532463
t = 0.623000, it = 623, eps = 0.0003536022
t = 0.624000, it = 624, eps = 0.0003539364
t = 0.625000, it = 625, eps = 0.0003542489
t = 0.626000, it = 626, eps = 0.0003545395
t = 0.627000, it = 627, eps = 0.0003548082
t = 0.628000, it = 628, eps = 0.0003550549
t = 0.629000, it = 629, eps = 0.0003552796
t = 0.630000, it = 630, eps = 0.0003554821
t = 0.631000, it = 631, eps = 0.0003556624
t = 0.632000, it = 632, eps = 0.0003558204
t = 0.633000, it = 633, eps = 0.0003559559
t = 0.634000, it = 634, eps = 0.0003560690
t = 0.635000, it = 635, eps = 0.0003561596
t = 0.636000, it = 636, eps = 0.0003562276
t = 0.637000, it = 637, eps = 0.0003562729
t = 0.638000, it = 638, eps = 0.0003562955
t = 0.639000, it = 639, eps = 0.0003562952
t = 0.640000, it = 640, eps = 0.0003562721
t = 0.641000, it = 641, eps = 0.0003562260
t = 0.642000, it = 642, eps = 0.0003561569
t = 0.643000, it = 643, eps = 0.0003560647
t = 0.644000, it = 644, eps = 0.0003559495
t = 0.645000, it = 645, eps = 0.0003558110
t = 0.646000, it = 646, eps = 0.0003556493
t = 0.647000, it = 647, eps = 0.0003554643
t = 0.648000, it = 648, eps = 0.0003552559
t = 0.649000, it = 649, eps = 0.0003550241
t = 0.650000, it = 650, eps = 0.0003547689
t = 0.651000, it = 651, eps = 0.0003544901
t = 0.652000, it = 652, eps = 0.0003541878
t = 0.653000, it = 653, eps = 0.0003538619
t = 0.654000, it = 654, eps = 0.0003535124
t = 0.655000, it = 655, eps = 0.0003531391
t = 0.656000, it = 656, eps = 0.0003527422
t = 0.657000, it = 657, eps = 0.0003523214
t = 0.658000, it = 658, eps = 0.0003518769
t = 0.659000, it = 659, eps = 0.0003514084
t = 0.660000, it = 660, eps = 0.0003509162
t = 0.661000, it = 661, eps = 0.0003504000
t = 0.662000, it = 662, eps = 0.0003498598
t = 0.663000, it = 663, eps = 0.0003492957
t = 0.664000, it = 664, eps = 0.0003487075
t = 0.665000, it = 665, eps = 0.0003480953
t = 0.666000, it = 666, eps = 0.0003474591
t = 0.667000, it = 667, eps = 0.0003467987
t = 0.668000, it = 668, eps = 0.0003461143
t = 0.669000, it = 669, eps = 0.0003454057
t = 0.670000, it = 670, eps = 0.0003446730
t = 0.671000, it = 671, eps = 0.0003439161
t = 0.672000, it = 672, eps = 0.0003431350
t = 0.673000, it = 673, eps = 0.0003423297
t = 0.674000, it = 674, eps = 0.0003415002
t = 0.675000, it = 675, eps = 0.0003406465
t = 0.676000, it = 676, eps = 0.0003397686
t = 0.677000, it = 677, eps = 0.0003388664
t = 0.678000, it = 678, eps = 0.0003379400
t = 0.679000, it = 679, eps = 0.0003369893
t = 0.680000, it = 680, eps = 0.0003360144
t = 0.681000, it = 681, eps = 0.0003350152
t = 0.682000, it = 682, eps = 0.0003339917
t = 0.683000, it = 683, eps = 0.0003329441
t = 0.684000, it = 684, eps = 0.0003318721
t = 0.685000, it = 685, eps = 0.0003307760
t = 0.686000, it = 686, eps = 0.0003296556
t = 0.687000, it = 687, eps = 0.0003285109
t = 0.688000, it = 688, eps = 0.0003273421
t = 0.689000, it = 689, eps = 0.0003261491
t = 0.690000, it = 690, eps = 0.0003249319
t = 0.691000, it = 691, eps = 0.0003236905
t = 0.692000, it = 692, eps = 0.0003224249
t = 0.693000, it = 693, eps = 0.0003211353
t = 0.694000, it = 694, eps = 0.0003198215
t = 0.695000, it = 695, eps = 0.0003184836
t = 0.696000, it = 696, eps = 0.0003171217
t = 0.697000, it = 697, eps = 0.0003157357
t = 0.698000, it = 698, eps = 0.0003143258
t = 0.699000, it = 699, eps = 0.0003128918
t = 0.700000, it = 700, eps = 0.0003114340
t = 0.701000, it = 701, eps = 0.0003099522
t = 0.702000, it = 702, eps = 0.0003084465
t = 0.703000, it = 703, eps = 0.0003069170
t = 0.704000, it = 704, eps = 0.0003053636
t = 0.705000, it = 705, eps = 0.0003037866
t = 0.706000, it = 706, eps = 0.0003021858
t = 0.707000, it = 707, eps = 0.0003005613
t = 0.708000, it = 708, eps = 0.0002989132
t = 0.709000, it = 709, eps = 0.0002972415
t = 0.710000, it = 710, eps = 0.0002955463
t = 0.711000, it = 711, eps = 0.0002938276
t = 0.712000, it = 712, eps = 0.0002920855
t = 0.713000, it = 713, eps = 0.0002903200
t = 0.714000, it = 714, eps = 0.0002885312
t = 0.715000, it = 715, eps = 0.0002867191
t = 0.716000, it = 716, eps = 0.0002848839
t = 0.717000, it = 717, eps = 0.0002830254
t = 0.718000, it = 718, eps = 0.0002811440
t = 0.719000, it = 719, eps = 0.0002792395
t = 0.720000, it = 720, eps = 0.0002773120
t = 0.721000, it = 721, eps = 0.0002753617
t = 0.722000, it = 722, eps = 0.0002733886
t = 0.723000, it = 723, eps = 0.0002713927
t = 0.724000, it = 724, eps = 0.0002693742
t = 0.725000, it = 725, eps = 0.0002673331
t = 0.726000, it = 726, eps = 0.0002652695
t = 0.727000, it = 727, eps = 0.0002631834
t = 0.728000, it = 728, eps = 0.0002610750
t = 0.729000, it = 729, eps = 0.0002589444
t = 0.730000, it = 730, eps = 0.0002567915
t = 0.731000, it = 731, eps = 0.0002546166
t = 0.732000, it = 732, eps = 0.0002524197
t = 0.733000, it = 733, eps = 0.0002502008
t = 0.734000, it = 734, eps = 0.0002479601
t = 0.735000, it = 735, eps = 0.0002456976
t = 0.736000, it = 736, eps = 0.0002434136
t = 0.737000, it = 737, eps = 0.0002411079
t = 0.738000, it = 738, eps = 0.0002387808
t = 0.739000, it = 739, eps = 0.0002364324
t = 0.740000, it = 740, eps = 0.0002340627
t = 0.741000, it = 741, eps = 0.0002316719
t = 0.742000, it = 742, eps = 0.0002292600
t = 0.743000, it = 743, eps = 0.0002268272
t = 0.744000, it = 744, eps = 0.0002243736
t = 0.745000, it = 745, eps = 0.0002218992
t = 0.746000, it = 746, eps = 0.0002194042
t = 0.747000, it = 747, eps = 0.0002168888
t = 0.748000, it = 748, eps = 0.0002143529
t = 0.749000, it = 749, eps = 0.0002117968
t = 0.750000, it = 750, eps = 0.0002092206
t = 0.751000, it = 751, eps = 0.0002066243
t = 0.752000, it = 752, eps = 0.0002040081
t = 0.753000, it = 753, eps = 0.0002013721
t = 0.754000, it = 754, eps = 0.0001987164
t = 0.755000, it = 755, eps = 0.0001960412
t = 0.756000, it = 756, eps = 0.0001933467
t = 0.757000, it = 757, eps = 0.0001906328
t = 0.758000, it = 758, eps = 0.0001878998
t = 0.759000, it = 759, eps = 0.0001851477
t = 0.760000, it = 760, eps = 0.0001823768
t = 0.761000, it = 761, eps = 0.0001795871
t = 0.762000, it = 762, eps = 0.0001767789
t = 0.763000, it = 763, eps = 0.0001739521
t = 0.764000, it = 764, eps = 0.0001711070
t = 0.765000, it = 765, eps = 0.0001682438
t = 0.766000, it = 766, eps = 0.0001653625
t = 0.767000, it = 767, eps = 0.0001624632
t = 0.768000, it = 768, eps = 0.0001595463
t = 0.769000, it = 769, eps = 0.0001566117
t = 0.770000, it = 770, eps = 0.0001536597
t = 0.771000, it = 771, eps = 0.0001506903
t = 0.772000, it = 772, eps = 0.0001477038
t = 0.773000, it = 773, eps = 0.0001447003
t = 0.774000, it = 774, eps = 0.0001416800
t = 0.775000, it = 775, eps = 0.0001386429
t = 0.776000, it = 776, eps = 0.0001355894
t = 0.777000, it = 777, eps = 0.0001325194
t = 0.778000, it = 778, eps = 0.0001294333
t = 0.779000, it = 779, eps = 0.0001263311
t = 0.780000, it = 780, eps = 0.0001232130
t = 0.781000, it = 781, eps = 0.0001200793
t = 0.782000, it = 782, eps = 0.0001169299
t = 0.783000, it = 783, eps = 0.0001137652
t = 0.784000, it = 784, eps = 0.0001105853
t = 0.785000, it = 785, eps = 0.0001073903
t = 0.786000, it = 786, eps = 0.0001041805
t = 0.787000, it = 787, eps = 0.0001009560
t = 0.788000, it = 788, eps = 0.0000977169
t = 0.789000, it = 789, eps = 0.0000944635
t = 0.790000, it = 790, eps = 0.0000911960
t = 0.791000, it = 791, eps = 0.0000879145
t = 0.792000, it = 792, eps = 0.0000846192
t = 0.793000, it = 793, eps = 0.0000813102
t = 0.794000, it = 794, eps = 0.0000779878
t = 0.795000, it = 795, eps = 0.0000746522
t = 0.796000, it = 796, eps = 0.0000713035
t = 0.797000, it = 797, eps = 0.0000679419
t = 0.798000, it = 798, eps = 0.0000645677
t = 0.799000, it = 799, eps = 0.0000611809
t = 0.800000, it = 800, eps = 0.0000577819
t = 0.801000, it = 801, eps = 0.0000543707
t = 0.802000, it = 802, eps = 0.0000509476
t = 0.803000, it = 803, eps = 0.0000475127
t = 0.804000, it = 804, eps = 0.0000440664
t = 0.805000, it = 805, eps = 0.0000406087
t = 0.806000, it = 806, eps = 0.0000371399
t = 0.807000, it = 807, eps = 0.0000336601
t = 0.808000, it = 808, eps = 0.0000301696
t = 0.809000, it = 809, eps = 0.0000266686
t = 0.810000, it = 810, eps = 0.0000231572
t = 0.811000, it = 811, eps = 0.0000196358
t = 0.812000, it = 812, eps = 0.0000161044
t = 0.813000, it = 813, eps = 0.0000125633
t = 0.814000, it = 814, eps = 0.0000090126
t = 0.815000, it = 815, eps = 0.0000054527
t = 0.816000, it = 816, eps = 0.0000018837
t = 0.817000, it = 817, eps = 0.0000016941
t = 0.818000, it = 818, eps = 0.0000052807
t = 0.819000, it = 819, eps = 0.0000088757
t = 0.820000, it = 820, eps = 0.0000124789
t = 0.821000, it = 821, eps = 0.0000160901
t = 0.822000, it = 822, eps = 0.0000197092
t = 0.823000, it = 823, eps = 0.0000233358
t = 0.824000, it = 824, eps = 0.0000269698
t = 0.825000, it = 825, eps = 0.0000306110
t = 0.826000, it = 826, eps = 0.0000342591
t = 0.827000, it = 827, eps = 0.0000379139
t = 0.828000, it = 828, eps = 0.0000415752
t = 0.829000, it = 829, eps = 0.0000452428
t = 0.830000, it = 830, eps = 0.0000489164
t = 0.831000, it = 831, eps = 0.0000525958
t = 0.832000, it = 832, eps = 0.0000562809
t = 0.833000, it = 833, eps = 0.0000599713
t = 0.834000, it = 834, eps = 0.0000636668
t = 0.835000, it = 835, eps = 0.0000673673
t = 0.836000, it = 836, eps = 0.0000710724
t = 0.837000, it = 837, eps = 0.0000747820
t = 0.838000, it = 838, eps = 0.0000784959
t = 0.839000, it = 839, eps = 0.0000822137
t = 0.840000, it = 840, eps = 0.0000859353
t = 0.841000, it = 841, eps = 0.0000896604
t = 0.842000, it = 842, eps = 0.0000933888
t = 0.843000, it = 843, eps = 0.0000971203
t = 0.844000, it = 844, eps = 0.0001008546
t = 0.845000, it = 845, eps = 0.0001045916
t = 0.846000, it = 846, eps = 0.0001083308
t = 0.847000, it = 847, eps = 0.0001120722
t = 0.848000, it = 848, eps = 0.0001158155
t = 0.849000, it = 849, eps = 0.0001195605
t = 0.850000, it = 850, eps = 0.0001233069
t = 0.851000, it = 851, eps = 0.0001270544
t = 0.852000, it = 852, eps = 0.0001308029
t = 0.853000, it = 853, eps = 0.0001345520
t = 0.854000, it = 854, eps = 0.0001383016
t = 0.855000, it = 855, eps = 0.0001420515
t = 0.856000, it = 856, eps = 0.0001458013
t = 0.857000, it = 857, eps = 0.0001495508
t = 0.858000, it = 858, eps = 0.0001532998
t = 0.859000, it = 859, eps = 0.0001570481
t = 0.860000, it = 860, eps = 0.0001607953
t = 0.861000, it = 861, eps = 0.0001645413
t = 0.862000, it = 862, eps = 0.0001682859
t = 0.863000, it = 863, eps = 0.0001720287
t = 0.864000, it = 864, eps = 0.0001757695
t = 0.865000, it = 865, eps = 0.0001795081
t = 0.866000, it = 866, eps = 0.0001832442
t = 0.867000, it = 867, eps = 0.0001869777
t = 0.868000, it = 868, eps = 0.0001907081
t = 0.869000, it = 869, eps = 0.0001944354
t = 0.870000, it = 870, eps = 0.0001981592
t = 0.871000, it = 871, eps = 0.0002018793
t = 0.872000, it = 872, eps = 0.0002055954
t = 0.873000, it = 873, eps = 0.0002093074
t = 0.874000, it = 874, eps = 0.0002130149
t = 0.875000, it = 875, eps = 0.0002167177
t = 0.876000, it = 876, eps = 0.0002204156
t = 0.877000, it = 877, eps = 0.0002241083
t = 0.878000, it = 878, eps = 0.0002277955
t = 0.879000, it = 879, eps = 0.0002314771
t = 0.880000, it = 880, eps = 0.0002351527
t = 0.881000, it = 881, eps = 0.0002388222
t = 0.882000, it = 882, eps = 0.0002424852
t = 0.883000, it = 883, eps = 0.0002461415
t = 0.884000, it = 884, eps = 0.0002497909
t = 0.885000, it = 885, eps = 0.0002534331
t = 0.886000, it = 886, eps = 0.0002570679
t = 0.887000, it = 887, eps = 0.0002606950
t = 0.888000, it = 888, eps = 0.0002643141
t = 0.889000, it = 889, eps = 0.0002679251
t = 0.890000, it = 890, eps = 0.0002715277
t = 0.891000, it = 891, eps = 0.0002751216
t = 0.892000, it = 892, eps = 0.0002787065
t = 0.893000, it = 893, eps = 0.0002822823
t = 0.894000, it = 894, eps = 0.0002858487
t = 0.895000, it = 895, eps = 0.0002894054
t = 0.896000, it = 896, eps = 0.0002929521
t = 0.897000, it = 897, eps = 0.0002964887
t = 0.898000, it = 898, eps = 0.0003000149
t = 0.899000, it = 899, eps = 0.0003035304
t = 0.900000, it = 900, eps = 0.0003070350
t = 0.901000, it = 901, eps = 0.0003105284
t = 0.902000, it = 902, eps = 0.0003140104
t = 0.903000, it = 903, eps = 0.0003174808
t = 0.904000, it = 904, eps = 0.0003209392
t = 0.905000, it = 905, eps = 0.0003243856
t = 0.906000, it = 906, eps = 0.0003278195
t = 0.907000, it = 907, eps = 0.0003312407
t = 0.908000, it = 908, eps = 0.0003346491
t = 0.909000, it = 909, eps = 0.0003380443
t = 0.910000, it = 910, eps = 0.0003414262
t = 0.911000, it = 911, eps = 0.0003447944
t = 0.912000, it = 912, eps = 0.0003481488
t = 0.913000, it = 913, eps = 0.0003514891
t = 0.914000, it = 914, eps = 0.0003548150
t = 0.915000, it = 915, eps = 0.0003581263
t = 0.916000, it = 916, eps = 0.0003614227
t = 0.917000, it = 917, eps = 0.0003647041
t = 0.918000, it = 918, eps = 0.0003679702
t = 0.919000, it = 919, eps = 0.0003712207
t = 0.920000, it = 920, eps = 0.0003744554
t = 0.921000, it = 921, eps = 0.0003776740
t = 0.922000, it = 922, eps = 0.0003808764
t = 0.923000, it = 923, eps = 0.0003840622
t = 0.924000, it = 924, eps = 0.0003872313
t = 0.925000, it = 925, eps = 0.0003903834
t = 0.926000, it = 926, eps = 0.0003935183
t = 0.927000, it = 927, eps = 0.0003966357
t = 0.928000, it = 928, eps = 0.0003997354
t = 0.929000, it = 929, eps = 0.0004028171
t = 0.930000, it = 930, eps = 0.0004058807
t = 0.931000, it = 931, eps = 0.0004089259
t = 0.932000, it = 932, eps = 0.0004119525
t = 0.933000, it = 933, eps = 0.0004149601
t = 0.934000, it = 934, eps = 0.0004179487
t = 0.935000, it = 935, eps = 0.0004209180
t = 0.936000, it = 936, eps = 0.0004238677
t = 0.937000, it = 937, eps = 0.0004267976
t = 0.938000, it = 938, eps = 0.0004297075
t = 0.939000, it = 939, eps = 0.0004325972
t = 0.940000, it = 940, eps = 0.0004354664
t = 0.941000, it = 941, eps = 0.0004383149
t = 0.942000, it = 942, eps = 0.0004411425
t = 0.943000, it = 943, eps = 0.0004439490
t = 0.944000, it = 944, eps = 0.0004467341
t = 0.945000, it = 945, eps = 0.0004494976
t = 0.946000, it = 946, eps = 0.0004522393
t = 0.947000, it = 947, eps = 0.0004549591
t = 0.948000, it = 948, eps = 0.0004576565
t = 0.949000, it = 949, eps = 0.0004603316
t = 0.950000, it = 950, eps = 0.0004629840
t = 0.951000, it = 951, eps = 0.0004656134
t = 0.952000, it = 952, eps = 0.0004682198
t = 0.953000, it = 953, eps = 0.0004708029
t = 0.954000, it = 954, eps = 0.0004733625
t = 0.955000, it = 955, eps = 0.0004758983
t = 0.956000, it = 956, eps = 0.0004784103
t = 0.957000, it = 957, eps = 0.0004808980
t = 0.958000, it = 958, eps = 0.0004833614
t = 0.959000, it = 959, eps = 0.0004858003
t = 0.960000, it = 960, eps = 0.0004882144
t = 0.961000, it = 961, eps = 0.0004906035
t = 0.962000, it = 962, eps = 0.0004929675
t = 0.963000, it = 963, eps = 0.0004953060
t = 0.964000, it = 964, eps = 0.0004976191
t = 0.965000, it = 965, eps = 0.0004999063
t = 0.966000, it = 966, eps = 0.0005021676
t = 0.967000, it = 967, eps = 0.0005044028
t = 0.968000, it = 968, eps = 0.0005066116
t = 0.969000, it = 969, eps = 0.0005087938
t = 0.970000, it = 970, eps = 0.0005109493
t = 0.971000, it = 971, eps = 0.0005130779
t = 0.972000, it = 972, eps = 0.0005151794
t = 0.973000, it = 973, eps = 0.0005172536
t = 0.974000, it = 974, eps = 0.0005193003
t = 0.975000, it = 975, eps = 0.0005213193
t = 0.976000, it = 976, eps = 0.0005233105
t = 0.977000, it = 977, eps = 0.0005252736
t = 0.978000, it = 978, eps = 0.0005272085
t = 0.979000, it = 979, eps = 0.0005291151
t = 0.980000, it = 980, eps = 0.0005309930
t = 0.981000, it = 981, eps = 0.0005328422
t = 0.982000, it = 982, eps = 0.0005346625
t = 0.983000, it = 983, eps = 0.0005364537
t = 0.984000, it = 984, eps = 0.0005382157
t = 0.985000, it = 985, eps = 0.0005399482
t = 0.986000, it = 986, eps = 0.0005416511
t = 0.987000, it = 987, eps = 0.0005433243
t = 0.988000, it = 988, eps = 0.0005449675
t = 0.989000, it = 989, eps = 0.0005465807
t = 0.990000, it = 990, eps = 0.0005481636
t = 0.991000, it = 991, eps = 0.0005497160
t = 0.992000, it = 992, eps = 0.0005512380
t = 0.993000, it = 993, eps = 0.0005527292
t = 0.994000, it = 994, eps = 0.0005541895
t = 0.995000, it = 995, eps = 0.0005556188
t = 0.996000, it = 996, eps = 0.0005570169
t = 0.997000, it = 997, eps = 0.0005583836
t = 0.998000, it = 998, eps = 0.0005597189
t = 0.999000, it = 999, eps = 0.0005610226
t = 1.000000, it = 1000, eps = 0.0005622945


PS:

Read file <err/mainerrP20-N128.err> for stderr output of this job.

Sender: LSF System <lsfadmin@polus-c3-ib.bmc.hpc.cs.msu.ru>
Subject: Job 975858: <# this file was automaticly created by mpisubmit.pl script for edu-cmc-skmodel22-621-04 #;source /polusfs/setenv/setup.SMPI;#BSUB -n 20;#BSUB -W 00:15;#BSUB -o output/mainoutP20-N128-L1.out;#BSUB -e err/mainerrP20-N128.err;OMP_NUM_THREADS=1 mpiexec a.out 1.0 1.0 1.0 128 128 128> in cluster <MSUCluster> Done

Job <# this file was automaticly created by mpisubmit.pl script for edu-cmc-skmodel22-621-04 #;source /polusfs/setenv/setup.SMPI;#BSUB -n 20;#BSUB -W 00:15;#BSUB -o output/mainoutP20-N128-L1.out;#BSUB -e err/mainerrP20-N128.err;OMP_NUM_THREADS=1 mpiexec a.out 1.0 1.0 1.0 128 128 128> was submitted from host <polus-ib.bmc.hpc.cs.msu.ru> by user <edu-cmc-skmodel22-621-04> in cluster <MSUCluster> at Fri Dec  2 10:58:55 2022
Job was executed on host(s) <19*polus-c3-ib.bmc.hpc.cs.msu.ru>, in queue <short>, as user <edu-cmc-skmodel22-621-04> in cluster <MSUCluster> at Fri Dec  2 10:59:56 2022
                            <1*polus-c2-ib.bmc.hpc.cs.msu.ru>
</home_edu/edu-cmc-skmodel22-621/edu-cmc-skmodel22-621-04> was used as the home directory.
</home_edu/edu-cmc-skmodel22-621/edu-cmc-skmodel22-621-04/parallel-dz3> was used as the working directory.
Started at Fri Dec  2 10:59:56 2022
Terminated at Fri Dec  2 11:00:04 2022
Results reported at Fri Dec  2 11:00:04 2022

Your job looked like:

------------------------------------------------------------
# LSBATCH: User input
# this file was automaticly created by mpisubmit.pl script for edu-cmc-skmodel22-621-04 #
source /polusfs/setenv/setup.SMPI
#BSUB -n 20
#BSUB -W 00:15
#BSUB -o output/mainoutP20-N128-L1.out
#BSUB -e err/mainerrP20-N128.err
OMP_NUM_THREADS=1 mpiexec a.out 1.0 1.0 1.0 128 128 128

------------------------------------------------------------

Successfully completed.

Resource usage summary:

    CPU time :                                   94.00 sec.
    Max Memory :                                 1075 MB
    Average Memory :                             717.00 MB
    Total Requested Memory :                     -
    Delta Memory :                               -
    Max Swap :                                   -
    Max Processes :                              23
    Max Threads :                                66
    Run time :                                   8 sec.
    Turnaround time :                            69 sec.

The output (if any) follows:

t = 0.000000, it = 0, eps = 0.0000000000
t = 0.001000, it = 1, eps = 0.0000000044
t = 0.002000, it = 2, eps = 0.0000000175
t = 0.003000, it = 3, eps = 0.0000000394
t = 0.004000, it = 4, eps = 0.0000000701
t = 0.005000, it = 5, eps = 0.0000001095
t = 0.006000, it = 6, eps = 0.0000001577
t = 0.007000, it = 7, eps = 0.0000002146
t = 0.008000, it = 8, eps = 0.0000002803
t = 0.009000, it = 9, eps = 0.0000003547
t = 0.010000, it = 10, eps = 0.0000004378
t = 0.011000, it = 11, eps = 0.0000005296
t = 0.012000, it = 12, eps = 0.0000006301
t = 0.013000, it = 13, eps = 0.0000007393
t = 0.014000, it = 14, eps = 0.0000008572
t = 0.015000, it = 15, eps = 0.0000009838
t = 0.016000, it = 16, eps = 0.0000011190
t = 0.017000, it = 17, eps = 0.0000012628
t = 0.018000, it = 18, eps = 0.0000014153
t = 0.019000, it = 19, eps = 0.0000015763
t = 0.020000, it = 20, eps = 0.0000017459
t = 0.021000, it = 21, eps = 0.0000019241
t = 0.022000, it = 22, eps = 0.0000021108
t = 0.023000, it = 23, eps = 0.0000023061
t = 0.024000, it = 24, eps = 0.0000025098
t = 0.025000, it = 25, eps = 0.0000027220
t = 0.026000, it = 26, eps = 0.0000029426
t = 0.027000, it = 27, eps = 0.0000031716
t = 0.028000, it = 28, eps = 0.0000034091
t = 0.029000, it = 29, eps = 0.0000036548
t = 0.030000, it = 30, eps = 0.0000039090
t = 0.031000, it = 31, eps = 0.0000041714
t = 0.032000, it = 32, eps = 0.0000044421
t = 0.033000, it = 33, eps = 0.0000047210
t = 0.034000, it = 34, eps = 0.0000050081
t = 0.035000, it = 35, eps = 0.0000053034
t = 0.036000, it = 36, eps = 0.0000056069
t = 0.037000, it = 37, eps = 0.0000059184
t = 0.038000, it = 38, eps = 0.0000062380
t = 0.039000, it = 39, eps = 0.0000065656
t = 0.040000, it = 40, eps = 0.0000069012
t = 0.041000, it = 41, eps = 0.0000072447
t = 0.042000, it = 42, eps = 0.0000075962
t = 0.043000, it = 43, eps = 0.0000079555
t = 0.044000, it = 44, eps = 0.0000083226
t = 0.045000, it = 45, eps = 0.0000086975
t = 0.046000, it = 46, eps = 0.0000090801
t = 0.047000, it = 47, eps = 0.0000094704
t = 0.048000, it = 48, eps = 0.0000098684
t = 0.049000, it = 49, eps = 0.0000102739
t = 0.050000, it = 50, eps = 0.0000106870
t = 0.051000, it = 51, eps = 0.0000111076
t = 0.052000, it = 52, eps = 0.0000115356
t = 0.053000, it = 53, eps = 0.0000119710
t = 0.054000, it = 54, eps = 0.0000124137
t = 0.055000, it = 55, eps = 0.0000128637
t = 0.056000, it = 56, eps = 0.0000133209
t = 0.057000, it = 57, eps = 0.0000137854
t = 0.058000, it = 58, eps = 0.0000142569
t = 0.059000, it = 59, eps = 0.0000147355
t = 0.060000, it = 60, eps = 0.0000152211
t = 0.061000, it = 61, eps = 0.0000157136
t = 0.062000, it = 62, eps = 0.0000162131
t = 0.063000, it = 63, eps = 0.0000167193
t = 0.064000, it = 64, eps = 0.0000172323
t = 0.065000, it = 65, eps = 0.0000177521
t = 0.066000, it = 66, eps = 0.0000182784
t = 0.067000, it = 67, eps = 0.0000188114
t = 0.068000, it = 68, eps = 0.0000193508
t = 0.069000, it = 69, eps = 0.0000198967
t = 0.070000, it = 70, eps = 0.0000204490
t = 0.071000, it = 71, eps = 0.0000210076
t = 0.072000, it = 72, eps = 0.0000215724
t = 0.073000, it = 73, eps = 0.0000221434
t = 0.074000, it = 74, eps = 0.0000227205
t = 0.075000, it = 75, eps = 0.0000233037
t = 0.076000, it = 76, eps = 0.0000238928
t = 0.077000, it = 77, eps = 0.0000244878
t = 0.078000, it = 78, eps = 0.0000250886
t = 0.079000, it = 79, eps = 0.0000256952
t = 0.080000, it = 80, eps = 0.0000263074
t = 0.081000, it = 81, eps = 0.0000269253
t = 0.082000, it = 82, eps = 0.0000275486
t = 0.083000, it = 83, eps = 0.0000281775
t = 0.084000, it = 84, eps = 0.0000288116
t = 0.085000, it = 85, eps = 0.0000294511
t = 0.086000, it = 86, eps = 0.0000300958
t = 0.087000, it = 87, eps = 0.0000307456
t = 0.088000, it = 88, eps = 0.0000314005
t = 0.089000, it = 89, eps = 0.0000320603
t = 0.090000, it = 90, eps = 0.0000327250
t = 0.091000, it = 91, eps = 0.0000333945
t = 0.092000, it = 92, eps = 0.0000340688
t = 0.093000, it = 93, eps = 0.0000347477
t = 0.094000, it = 94, eps = 0.0000354312
t = 0.095000, it = 95, eps = 0.0000361191
t = 0.096000, it = 96, eps = 0.0000368114
t = 0.097000, it = 97, eps = 0.0000375080
t = 0.098000, it = 98, eps = 0.0000382088
t = 0.099000, it = 99, eps = 0.0000389138
t = 0.100000, it = 100, eps = 0.0000396228
t = 0.101000, it = 101, eps = 0.0000403357
t = 0.102000, it = 102, eps = 0.0000410525
t = 0.103000, it = 103, eps = 0.0000417731
t = 0.104000, it = 104, eps = 0.0000424973
t = 0.105000, it = 105, eps = 0.0000432251
t = 0.106000, it = 106, eps = 0.0000439565
t = 0.107000, it = 107, eps = 0.0000446912
t = 0.108000, it = 108, eps = 0.0000454292
t = 0.109000, it = 109, eps = 0.0000461705
t = 0.110000, it = 110, eps = 0.0000469149
t = 0.111000, it = 111, eps = 0.0000476623
t = 0.112000, it = 112, eps = 0.0000484127
t = 0.113000, it = 113, eps = 0.0000491658
t = 0.114000, it = 114, eps = 0.0000499218
t = 0.115000, it = 115, eps = 0.0000506803
t = 0.116000, it = 116, eps = 0.0000514415
t = 0.117000, it = 117, eps = 0.0000522051
t = 0.118000, it = 118, eps = 0.0000529710
t = 0.119000, it = 119, eps = 0.0000537392
t = 0.120000, it = 120, eps = 0.0000545095
t = 0.121000, it = 121, eps = 0.0000552819
t = 0.122000, it = 122, eps = 0.0000560563
t = 0.123000, it = 123, eps = 0.0000568325
t = 0.124000, it = 124, eps = 0.0000576105
t = 0.125000, it = 125, eps = 0.0000583901
t = 0.126000, it = 126, eps = 0.0000591713
t = 0.127000, it = 127, eps = 0.0000599540
t = 0.128000, it = 128, eps = 0.0000607380
t = 0.129000, it = 129, eps = 0.0000615232
t = 0.130000, it = 130, eps = 0.0000623096
t = 0.131000, it = 131, eps = 0.0000630971
t = 0.132000, it = 132, eps = 0.0000638854
t = 0.133000, it = 133, eps = 0.0000646747
t = 0.134000, it = 134, eps = 0.0000654646
t = 0.135000, it = 135, eps = 0.0000662552
t = 0.136000, it = 136, eps = 0.0000670463
t = 0.137000, it = 137, eps = 0.0000678378
t = 0.138000, it = 138, eps = 0.0000686296
t = 0.139000, it = 139, eps = 0.0000694216
t = 0.140000, it = 140, eps = 0.0000702138
t = 0.141000, it = 141, eps = 0.0000710059
t = 0.142000, it = 142, eps = 0.0000717979
t = 0.143000, it = 143, eps = 0.0000725897
t = 0.144000, it = 144, eps = 0.0000733811
t = 0.145000, it = 145, eps = 0.0000741722
t = 0.146000, it = 146, eps = 0.0000749627
t = 0.147000, it = 147, eps = 0.0000757525
t = 0.148000, it = 148, eps = 0.0000765416
t = 0.149000, it = 149, eps = 0.0000773298
t = 0.150000, it = 150, eps = 0.0000781171
t = 0.151000, it = 151, eps = 0.0000789033
t = 0.152000, it = 152, eps = 0.0000796882
t = 0.153000, it = 153, eps = 0.0000804719
t = 0.154000, it = 154, eps = 0.0000812542
t = 0.155000, it = 155, eps = 0.0000820350
t = 0.156000, it = 156, eps = 0.0000828141
t = 0.157000, it = 157, eps = 0.0000835916
t = 0.158000, it = 158, eps = 0.0000843671
t = 0.159000, it = 159, eps = 0.0000851408
t = 0.160000, it = 160, eps = 0.0000859123
t = 0.161000, it = 161, eps = 0.0000866817
t = 0.162000, it = 162, eps = 0.0000874489
t = 0.163000, it = 163, eps = 0.0000882136
t = 0.164000, it = 164, eps = 0.0000889759
t = 0.165000, it = 165, eps = 0.0000897355
t = 0.166000, it = 166, eps = 0.0000904924
t = 0.167000, it = 167, eps = 0.0000912465
t = 0.168000, it = 168, eps = 0.0000919977
t = 0.169000, it = 169, eps = 0.0000927458
t = 0.170000, it = 170, eps = 0.0000934908
t = 0.171000, it = 171, eps = 0.0000942325
t = 0.172000, it = 172, eps = 0.0000949708
t = 0.173000, it = 173, eps = 0.0000957057
t = 0.174000, it = 174, eps = 0.0000964370
t = 0.175000, it = 175, eps = 0.0000971646
t = 0.176000, it = 176, eps = 0.0000978884
t = 0.177000, it = 177, eps = 0.0000986082
t = 0.178000, it = 178, eps = 0.0000993241
t = 0.179000, it = 179, eps = 0.0001000358
t = 0.180000, it = 180, eps = 0.0001007432
t = 0.181000, it = 181, eps = 0.0001014464
t = 0.182000, it = 182, eps = 0.0001021450
t = 0.183000, it = 183, eps = 0.0001028391
t = 0.184000, it = 184, eps = 0.0001035286
t = 0.185000, it = 185, eps = 0.0001042132
t = 0.186000, it = 186, eps = 0.0001048930
t = 0.187000, it = 187, eps = 0.0001055678
t = 0.188000, it = 188, eps = 0.0001062375
t = 0.189000, it = 189, eps = 0.0001069019
t = 0.190000, it = 190, eps = 0.0001075611
t = 0.191000, it = 191, eps = 0.0001082149
t = 0.192000, it = 192, eps = 0.0001088631
t = 0.193000, it = 193, eps = 0.0001095057
t = 0.194000, it = 194, eps = 0.0001101425
t = 0.195000, it = 195, eps = 0.0001107736
t = 0.196000, it = 196, eps = 0.0001113986
t = 0.197000, it = 197, eps = 0.0001120177
t = 0.198000, it = 198, eps = 0.0001126305
t = 0.199000, it = 199, eps = 0.0001132372
t = 0.200000, it = 200, eps = 0.0001138374
t = 0.201000, it = 201, eps = 0.0001144312
t = 0.202000, it = 202, eps = 0.0001150184
t = 0.203000, it = 203, eps = 0.0001155990
t = 0.204000, it = 204, eps = 0.0001161728
t = 0.205000, it = 205, eps = 0.0001167397
t = 0.206000, it = 206, eps = 0.0001172997
t = 0.207000, it = 207, eps = 0.0001178526
t = 0.208000, it = 208, eps = 0.0001183983
t = 0.209000, it = 209, eps = 0.0001189367
t = 0.210000, it = 210, eps = 0.0001194678
t = 0.211000, it = 211, eps = 0.0001199914
t = 0.212000, it = 212, eps = 0.0001205075
t = 0.213000, it = 213, eps = 0.0001210158
t = 0.214000, it = 214, eps = 0.0001215164
t = 0.215000, it = 215, eps = 0.0001220092
t = 0.216000, it = 216, eps = 0.0001224940
t = 0.217000, it = 217, eps = 0.0001229707
t = 0.218000, it = 218, eps = 0.0001234393
t = 0.219000, it = 219, eps = 0.0001238996
t = 0.220000, it = 220, eps = 0.0001243516
t = 0.221000, it = 221, eps = 0.0001247952
t = 0.222000, it = 222, eps = 0.0001252303
t = 0.223000, it = 223, eps = 0.0001256567
t = 0.224000, it = 224, eps = 0.0001260744
t = 0.225000, it = 225, eps = 0.0001264834
t = 0.226000, it = 226, eps = 0.0001268834
t = 0.227000, it = 227, eps = 0.0001272744
t = 0.228000, it = 228, eps = 0.0001276564
t = 0.229000, it = 229, eps = 0.0001280293
t = 0.230000, it = 230, eps = 0.0001283928
t = 0.231000, it = 231, eps = 0.0001287471
t = 0.232000, it = 232, eps = 0.0001290919
t = 0.233000, it = 233, eps = 0.0001294272
t = 0.234000, it = 234, eps = 0.0001297529
t = 0.235000, it = 235, eps = 0.0001300690
t = 0.236000, it = 236, eps = 0.0001303752
t = 0.237000, it = 237, eps = 0.0001306717
t = 0.238000, it = 238, eps = 0.0001309582
t = 0.239000, it = 239, eps = 0.0001312346
t = 0.240000, it = 240, eps = 0.0001315010
t = 0.241000, it = 241, eps = 0.0001317572
t = 0.242000, it = 242, eps = 0.0001320032
t = 0.243000, it = 243, eps = 0.0001322388
t = 0.244000, it = 244, eps = 0.0001324640
t = 0.245000, it = 245, eps = 0.0001326788
t = 0.246000, it = 246, eps = 0.0001328829
t = 0.247000, it = 247, eps = 0.0001330764
t = 0.248000, it = 248, eps = 0.0001332592
t = 0.249000, it = 249, eps = 0.0001334312
t = 0.250000, it = 250, eps = 0.0001335923
t = 0.251000, it = 251, eps = 0.0001337425
t = 0.252000, it = 252, eps = 0.0001338817
t = 0.253000, it = 253, eps = 0.0001340098
t = 0.254000, it = 254, eps = 0.0001341267
t = 0.255000, it = 255, eps = 0.0001342325
t = 0.256000, it = 256, eps = 0.0001343269
t = 0.257000, it = 257, eps = 0.0001344100
t = 0.258000, it = 258, eps = 0.0001344816
t = 0.259000, it = 259, eps = 0.0001345417
t = 0.260000, it = 260, eps = 0.0001345903
t = 0.261000, it = 261, eps = 0.0001346273
t = 0.262000, it = 262, eps = 0.0001346526
t = 0.263000, it = 263, eps = 0.0001346661
t = 0.264000, it = 264, eps = 0.0001346678
t = 0.265000, it = 265, eps = 0.0001346577
t = 0.266000, it = 266, eps = 0.0001346356
t = 0.267000, it = 267, eps = 0.0001346016
t = 0.268000, it = 268, eps = 0.0001345554
t = 0.269000, it = 269, eps = 0.0001344972
t = 0.270000, it = 270, eps = 0.0001344269
t = 0.271000, it = 271, eps = 0.0001343443
t = 0.272000, it = 272, eps = 0.0001342494
t = 0.273000, it = 273, eps = 0.0001341422
t = 0.274000, it = 274, eps = 0.0001340227
t = 0.275000, it = 275, eps = 0.0001338907
t = 0.276000, it = 276, eps = 0.0001337463
t = 0.277000, it = 277, eps = 0.0001335893
t = 0.278000, it = 278, eps = 0.0001334197
t = 0.279000, it = 279, eps = 0.0001332376
t = 0.280000, it = 280, eps = 0.0001330428
t = 0.281000, it = 281, eps = 0.0001328352
t = 0.282000, it = 282, eps = 0.0001326149
t = 0.283000, it = 283, eps = 0.0001323819
t = 0.284000, it = 284, eps = 0.0001321359
t = 0.285000, it = 285, eps = 0.0001318771
t = 0.286000, it = 286, eps = 0.0001316054
t = 0.287000, it = 287, eps = 0.0001313208
t = 0.288000, it = 288, eps = 0.0001310231
t = 0.289000, it = 289, eps = 0.0001307124
t = 0.290000, it = 290, eps = 0.0001303886
t = 0.291000, it = 291, eps = 0.0001300518
t = 0.292000, it = 292, eps = 0.0001297018
t = 0.293000, it = 293, eps = 0.0001293386
t = 0.294000, it = 294, eps = 0.0001289623
t = 0.295000, it = 295, eps = 0.0001285727
t = 0.296000, it = 296, eps = 0.0001281699
t = 0.297000, it = 297, eps = 0.0001277538
t = 0.298000, it = 298, eps = 0.0001273244
t = 0.299000, it = 299, eps = 0.0001268816
t = 0.300000, it = 300, eps = 0.0001264255
t = 0.301000, it = 301, eps = 0.0001259560
t = 0.302000, it = 302, eps = 0.0001254731
t = 0.303000, it = 303, eps = 0.0001249768
t = 0.304000, it = 304, eps = 0.0001244670
t = 0.305000, it = 305, eps = 0.0001239438
t = 0.306000, it = 306, eps = 0.0001234071
t = 0.307000, it = 307, eps = 0.0001228569
t = 0.308000, it = 308, eps = 0.0001222932
t = 0.309000, it = 309, eps = 0.0001217160
t = 0.310000, it = 310, eps = 0.0001211252
t = 0.311000, it = 311, eps = 0.0001205209
t = 0.312000, it = 312, eps = 0.0001199030
t = 0.313000, it = 313, eps = 0.0001192716
t = 0.314000, it = 314, eps = 0.0001186266
t = 0.315000, it = 315, eps = 0.0001179680
t = 0.316000, it = 316, eps = 0.0001172958
t = 0.317000, it = 317, eps = 0.0001166100
t = 0.318000, it = 318, eps = 0.0001159106
t = 0.319000, it = 319, eps = 0.0001151977
t = 0.320000, it = 320, eps = 0.0001144711
t = 0.321000, it = 321, eps = 0.0001137309
t = 0.322000, it = 322, eps = 0.0001129772
t = 0.323000, it = 323, eps = 0.0001122098
t = 0.324000, it = 324, eps = 0.0001114289
t = 0.325000, it = 325, eps = 0.0001106344
t = 0.326000, it = 326, eps = 0.0001098263
t = 0.327000, it = 327, eps = 0.0001090046
t = 0.328000, it = 328, eps = 0.0001081694
t = 0.329000, it = 329, eps = 0.0001073206
t = 0.330000, it = 330, eps = 0.0001064583
t = 0.331000, it = 331, eps = 0.0001055824
t = 0.332000, it = 332, eps = 0.0001046930
t = 0.333000, it = 333, eps = 0.0001037902
t = 0.334000, it = 334, eps = 0.0001028739
t = 0.335000, it = 335, eps = 0.0001019441
t = 0.336000, it = 336, eps = 0.0001010008
t = 0.337000, it = 337, eps = 0.0001000441
t = 0.338000, it = 338, eps = 0.0000990741
t = 0.339000, it = 339, eps = 0.0000980906
t = 0.340000, it = 340, eps = 0.0000970938
t = 0.341000, it = 341, eps = 0.0000960837
t = 0.342000, it = 342, eps = 0.0000950602
t = 0.343000, it = 343, eps = 0.0000940235
t = 0.344000, it = 344, eps = 0.0000929735
t = 0.345000, it = 345, eps = 0.0000919103
t = 0.346000, it = 346, eps = 0.0000908340
t = 0.347000, it = 347, eps = 0.0000897444
t = 0.348000, it = 348, eps = 0.0000886418
t = 0.349000, it = 349, eps = 0.0000875260
t = 0.350000, it = 350, eps = 0.0000863972
t = 0.351000, it = 351, eps = 0.0000852554
t = 0.352000, it = 352, eps = 0.0000841006
t = 0.353000, it = 353, eps = 0.0000829329
t = 0.354000, it = 354, eps = 0.0000817523
t = 0.355000, it = 355, eps = 0.0000805588
t = 0.356000, it = 356, eps = 0.0000793525
t = 0.357000, it = 357, eps = 0.0000781335
t = 0.358000, it = 358, eps = 0.0000769017
t = 0.359000, it = 359, eps = 0.0000756573
t = 0.360000, it = 360, eps = 0.0000744003
t = 0.361000, it = 361, eps = 0.0000731306
t = 0.362000, it = 362, eps = 0.0000718485
t = 0.363000, it = 363, eps = 0.0000705539
t = 0.364000, it = 364, eps = 0.0000692469
t = 0.365000, it = 365, eps = 0.0000679275
t = 0.366000, it = 366, eps = 0.0000665958
t = 0.367000, it = 367, eps = 0.0000652518
t = 0.368000, it = 368, eps = 0.0000638957
t = 0.369000, it = 369, eps = 0.0000625274
t = 0.370000, it = 370, eps = 0.0000611471
t = 0.371000, it = 371, eps = 0.0000597548
t = 0.372000, it = 372, eps = 0.0000583505
t = 0.373000, it = 373, eps = 0.0000569343
t = 0.374000, it = 374, eps = 0.0000555063
t = 0.375000, it = 375, eps = 0.0000540666
t = 0.376000, it = 376, eps = 0.0000526152
t = 0.377000, it = 377, eps = 0.0000511522
t = 0.378000, it = 378, eps = 0.0000496776
t = 0.379000, it = 379, eps = 0.0000481916
t = 0.380000, it = 380, eps = 0.0000466942
t = 0.381000, it = 381, eps = 0.0000451854
t = 0.382000, it = 382, eps = 0.0000436654
t = 0.383000, it = 383, eps = 0.0000421343
t = 0.384000, it = 384, eps = 0.0000405920
t = 0.385000, it = 385, eps = 0.0000390388
t = 0.386000, it = 386, eps = 0.0000374745
t = 0.387000, it = 387, eps = 0.0000358995
t = 0.388000, it = 388, eps = 0.0000343136
t = 0.389000, it = 389, eps = 0.0000327171
t = 0.390000, it = 390, eps = 0.0000311100
t = 0.391000, it = 391, eps = 0.0000294923
t = 0.392000, it = 392, eps = 0.0000278642
t = 0.393000, it = 393, eps = 0.0000262258
t = 0.394000, it = 394, eps = 0.0000245771
t = 0.395000, it = 395, eps = 0.0000229183
t = 0.396000, it = 396, eps = 0.0000212493
t = 0.397000, it = 397, eps = 0.0000195704
t = 0.398000, it = 398, eps = 0.0000178816
t = 0.399000, it = 399, eps = 0.0000161830
t = 0.400000, it = 400, eps = 0.0000144747
t = 0.401000, it = 401, eps = 0.0000127568
t = 0.402000, it = 402, eps = 0.0000110294
t = 0.403000, it = 403, eps = 0.0000092926
t = 0.404000, it = 404, eps = 0.0000075465
t = 0.405000, it = 405, eps = 0.0000057911
t = 0.406000, it = 406, eps = 0.0000040267
t = 0.407000, it = 407, eps = 0.0000022533
t = 0.408000, it = 408, eps = 0.0000004709
t = 0.409000, it = 409, eps = 0.0000013202
t = 0.410000, it = 410, eps = 0.0000031200
t = 0.411000, it = 411, eps = 0.0000049284
t = 0.412000, it = 412, eps = 0.0000067452
t = 0.413000, it = 413, eps = 0.0000085705
t = 0.414000, it = 414, eps = 0.0000104039
t = 0.415000, it = 415, eps = 0.0000122456
t = 0.416000, it = 416, eps = 0.0000140952
t = 0.417000, it = 417, eps = 0.0000159527
t = 0.418000, it = 418, eps = 0.0000178181
t = 0.419000, it = 419, eps = 0.0000196911
t = 0.420000, it = 420, eps = 0.0000215717
t = 0.421000, it = 421, eps = 0.0000234598
t = 0.422000, it = 422, eps = 0.0000253552
t = 0.423000, it = 423, eps = 0.0000272578
t = 0.424000, it = 424, eps = 0.0000291675
t = 0.425000, it = 425, eps = 0.0000310841
t = 0.426000, it = 426, eps = 0.0000330077
t = 0.427000, it = 427, eps = 0.0000349379
t = 0.428000, it = 428, eps = 0.0000368748
t = 0.429000, it = 429, eps = 0.0000388181
t = 0.430000, it = 430, eps = 0.0000407678
t = 0.431000, it = 431, eps = 0.0000427237
t = 0.432000, it = 432, eps = 0.0000446857
t = 0.433000, it = 433, eps = 0.0000466537
t = 0.434000, it = 434, eps = 0.0000486275
t = 0.435000, it = 435, eps = 0.0000506071
t = 0.436000, it = 436, eps = 0.0000525922
t = 0.437000, it = 437, eps = 0.0000545828
t = 0.438000, it = 438, eps = 0.0000565787
t = 0.439000, it = 439, eps = 0.0000585798
t = 0.440000, it = 440, eps = 0.0000605859
t = 0.441000, it = 441, eps = 0.0000625969
t = 0.442000, it = 442, eps = 0.0000646128
t = 0.443000, it = 443, eps = 0.0000666333
t = 0.444000, it = 444, eps = 0.0000686582
t = 0.445000, it = 445, eps = 0.0000706876
t = 0.446000, it = 446, eps = 0.0000727212
t = 0.447000, it = 447, eps = 0.0000747589
t = 0.448000, it = 448, eps = 0.0000768005
t = 0.449000, it = 449, eps = 0.0000788459
t = 0.450000, it = 450, eps = 0.0000808950
t = 0.451000, it = 451, eps = 0.0000829476
t = 0.452000, it = 452, eps = 0.0000850037
t = 0.453000, it = 453, eps = 0.0000870629
t = 0.454000, it = 454, eps = 0.0000891253
t = 0.455000, it = 455, eps = 0.0000911906
t = 0.456000, it = 456, eps = 0.0000932587
t = 0.457000, it = 457, eps = 0.0000953294
t = 0.458000, it = 458, eps = 0.0000974027
t = 0.459000, it = 459, eps = 0.0000994783
t = 0.460000, it = 460, eps = 0.0001015562
t = 0.461000, it = 461, eps = 0.0001036361
t = 0.462000, it = 462, eps = 0.0001057179
t = 0.463000, it = 463, eps = 0.0001078015
t = 0.464000, it = 464, eps = 0.0001098867
t = 0.465000, it = 465, eps = 0.0001119734
t = 0.466000, it = 466, eps = 0.0001140613
t = 0.467000, it = 467, eps = 0.0001161505
t = 0.468000, it = 468, eps = 0.0001182406
t = 0.469000, it = 469, eps = 0.0001203316
t = 0.470000, it = 470, eps = 0.0001224233
t = 0.471000, it = 471, eps = 0.0001245156
t = 0.472000, it = 472, eps = 0.0001266082
t = 0.473000, it = 473, eps = 0.0001287011
t = 0.474000, it = 474, eps = 0.0001307940
t = 0.475000, it = 475, eps = 0.0001328869
t = 0.476000, it = 476, eps = 0.0001349795
t = 0.477000, it = 477, eps = 0.0001370718
t = 0.478000, it = 478, eps = 0.0001391635
t = 0.479000, it = 479, eps = 0.0001412544
t = 0.480000, it = 480, eps = 0.0001433446
t = 0.481000, it = 481, eps = 0.0001454336
t = 0.482000, it = 482, eps = 0.0001475216
t = 0.483000, it = 483, eps = 0.0001496081
t = 0.484000, it = 484, eps = 0.0001516932
t = 0.485000, it = 485, eps = 0.0001537766
t = 0.486000, it = 486, eps = 0.0001558581
t = 0.487000, it = 487, eps = 0.0001579377
t = 0.488000, it = 488, eps = 0.0001600151
t = 0.489000, it = 489, eps = 0.0001620903
t = 0.490000, it = 490, eps = 0.0001641629
t = 0.491000, it = 491, eps = 0.0001662329
t = 0.492000, it = 492, eps = 0.0001683002
t = 0.493000, it = 493, eps = 0.0001703644
t = 0.494000, it = 494, eps = 0.0001724256
t = 0.495000, it = 495, eps = 0.0001744834
t = 0.496000, it = 496, eps = 0.0001765378
t = 0.497000, it = 497, eps = 0.0001785886
t = 0.498000, it = 498, eps = 0.0001806357
t = 0.499000, it = 499, eps = 0.0001826787
t = 0.500000, it = 500, eps = 0.0001847177
t = 0.501000, it = 501, eps = 0.0001867524
t = 0.502000, it = 502, eps = 0.0001887827
t = 0.503000, it = 503, eps = 0.0001908084
t = 0.504000, it = 504, eps = 0.0001928293
t = 0.505000, it = 505, eps = 0.0001948453
t = 0.506000, it = 506, eps = 0.0001968562
t = 0.507000, it = 507, eps = 0.0001988618
t = 0.508000, it = 508, eps = 0.0002008621
t = 0.509000, it = 509, eps = 0.0002028567
t = 0.510000, it = 510, eps = 0.0002048456
t = 0.511000, it = 511, eps = 0.0002068286
t = 0.512000, it = 512, eps = 0.0002088055
t = 0.513000, it = 513, eps = 0.0002107761
t = 0.514000, it = 514, eps = 0.0002127403
t = 0.515000, it = 515, eps = 0.0002146980
t = 0.516000, it = 516, eps = 0.0002166489
t = 0.517000, it = 517, eps = 0.0002185929
t = 0.518000, it = 518, eps = 0.0002205298
t = 0.519000, it = 519, eps = 0.0002224595
t = 0.520000, it = 520, eps = 0.0002243818
t = 0.521000, it = 521, eps = 0.0002262965
t = 0.522000, it = 522, eps = 0.0002282035
t = 0.523000, it = 523, eps = 0.0002301026
t = 0.524000, it = 524, eps = 0.0002319936
t = 0.525000, it = 525, eps = 0.0002338764
t = 0.526000, it = 526, eps = 0.0002357509
t = 0.527000, it = 527, eps = 0.0002376167
t = 0.528000, it = 528, eps = 0.0002394739
t = 0.529000, it = 529, eps = 0.0002413222
t = 0.530000, it = 530, eps = 0.0002431614
t = 0.531000, it = 531, eps = 0.0002449914
t = 0.532000, it = 532, eps = 0.0002468121
t = 0.533000, it = 533, eps = 0.0002486232
t = 0.534000, it = 534, eps = 0.0002504246
t = 0.535000, it = 535, eps = 0.0002522162
t = 0.536000, it = 536, eps = 0.0002539977
t = 0.537000, it = 537, eps = 0.0002557691
t = 0.538000, it = 538, eps = 0.0002575301
t = 0.539000, it = 539, eps = 0.0002592807
t = 0.540000, it = 540, eps = 0.0002610205
t = 0.541000, it = 541, eps = 0.0002627496
t = 0.542000, it = 542, eps = 0.0002644676
t = 0.543000, it = 543, eps = 0.0002661746
t = 0.544000, it = 544, eps = 0.0002678702
t = 0.545000, it = 545, eps = 0.0002695543
t = 0.546000, it = 546, eps = 0.0002712269
t = 0.547000, it = 547, eps = 0.0002728877
t = 0.548000, it = 548, eps = 0.0002745365
t = 0.549000, it = 549, eps = 0.0002761732
t = 0.550000, it = 550, eps = 0.0002777978
t = 0.551000, it = 551, eps = 0.0002794099
t = 0.552000, it = 552, eps = 0.0002810094
t = 0.553000, it = 553, eps = 0.0002825962
t = 0.554000, it = 554, eps = 0.0002841702
t = 0.555000, it = 555, eps = 0.0002857312
t = 0.556000, it = 556, eps = 0.0002872789
t = 0.557000, it = 557, eps = 0.0002888134
t = 0.558000, it = 558, eps = 0.0002903344
t = 0.559000, it = 559, eps = 0.0002918417
t = 0.560000, it = 560, eps = 0.0002933353
t = 0.561000, it = 561, eps = 0.0002948149
t = 0.562000, it = 562, eps = 0.0002962805
t = 0.563000, it = 563, eps = 0.0002977318
t = 0.564000, it = 564, eps = 0.0002991687
t = 0.565000, it = 565, eps = 0.0003005912
t = 0.566000, it = 566, eps = 0.0003019989
t = 0.567000, it = 567, eps = 0.0003033918
t = 0.568000, it = 568, eps = 0.0003047698
t = 0.569000, it = 569, eps = 0.0003061327
t = 0.570000, it = 570, eps = 0.0003074803
t = 0.571000, it = 571, eps = 0.0003088125
t = 0.572000, it = 572, eps = 0.0003101291
t = 0.573000, it = 573, eps = 0.0003114301
t = 0.574000, it = 574, eps = 0.0003127152
t = 0.575000, it = 575, eps = 0.0003139844
t = 0.576000, it = 576, eps = 0.0003152375
t = 0.577000, it = 577, eps = 0.0003164744
t = 0.578000, it = 578, eps = 0.0003176948
t = 0.579000, it = 579, eps = 0.0003188988
t = 0.580000, it = 580, eps = 0.0003200860
t = 0.581000, it = 581, eps = 0.0003212565
t = 0.582000, it = 582, eps = 0.0003224101
t = 0.583000, it = 583, eps = 0.0003235466
t = 0.584000, it = 584, eps = 0.0003246659
t = 0.585000, it = 585, eps = 0.0003257679
t = 0.586000, it = 586, eps = 0.0003268524
t = 0.587000, it = 587, eps = 0.0003279194
t = 0.588000, it = 588, eps = 0.0003289686
t = 0.589000, it = 589, eps = 0.0003300000
t = 0.590000, it = 590, eps = 0.0003310134
t = 0.591000, it = 591, eps = 0.0003320087
t = 0.592000, it = 592, eps = 0.0003329858
t = 0.593000, it = 593, eps = 0.0003339446
t = 0.594000, it = 594, eps = 0.0003348849
t = 0.595000, it = 595, eps = 0.0003358066
t = 0.596000, it = 596, eps = 0.0003367095
t = 0.597000, it = 597, eps = 0.0003375937
t = 0.598000, it = 598, eps = 0.0003384588
t = 0.599000, it = 599, eps = 0.0003393050
t = 0.600000, it = 600, eps = 0.0003401319
t = 0.601000, it = 601, eps = 0.0003409395
t = 0.602000, it = 602, eps = 0.0003417277
t = 0.603000, it = 603, eps = 0.0003424963
t = 0.604000, it = 604, eps = 0.0003432454
t = 0.605000, it = 605, eps = 0.0003439746
t = 0.606000, it = 606, eps = 0.0003446840
t = 0.607000, it = 607, eps = 0.0003453734
t = 0.608000, it = 608, eps = 0.0003460427
t = 0.609000, it = 609, eps = 0.0003466919
t = 0.610000, it = 610, eps = 0.0003473207
t = 0.611000, it = 611, eps = 0.0003479291
t = 0.612000, it = 612, eps = 0.0003485170
t = 0.613000, it = 613, eps = 0.0003490843
t = 0.614000, it = 614, eps = 0.0003496309
t = 0.615000, it = 615, eps = 0.0003501567
t = 0.616000, it = 616, eps = 0.0003506616
t = 0.617000, it = 617, eps = 0.0003511454
t = 0.618000, it = 618, eps = 0.0003516082
t = 0.619000, it = 619, eps = 0.0003520498
t = 0.620000, it = 620, eps = 0.0003524700
t = 0.621000, it = 621, eps = 0.0003528689
t = 0.622000, it = 622, eps = 0.0003532463
t = 0.623000, it = 623, eps = 0.0003536022
t = 0.624000, it = 624, eps = 0.0003539364
t = 0.625000, it = 625, eps = 0.0003542489
t = 0.626000, it = 626, eps = 0.0003545395
t = 0.627000, it = 627, eps = 0.0003548082
t = 0.628000, it = 628, eps = 0.0003550549
t = 0.629000, it = 629, eps = 0.0003552796
t = 0.630000, it = 630, eps = 0.0003554821
t = 0.631000, it = 631, eps = 0.0003556624
t = 0.632000, it = 632, eps = 0.0003558204
t = 0.633000, it = 633, eps = 0.0003559559
t = 0.634000, it = 634, eps = 0.0003560690
t = 0.635000, it = 635, eps = 0.0003561596
t = 0.636000, it = 636, eps = 0.0003562276
t = 0.637000, it = 637, eps = 0.0003562729
t = 0.638000, it = 638, eps = 0.0003562955
t = 0.639000, it = 639, eps = 0.0003562952
t = 0.640000, it = 640, eps = 0.0003562721
t = 0.641000, it = 641, eps = 0.0003562260
t = 0.642000, it = 642, eps = 0.0003561569
t = 0.643000, it = 643, eps = 0.0003560647
t = 0.644000, it = 644, eps = 0.0003559495
t = 0.645000, it = 645, eps = 0.0003558110
t = 0.646000, it = 646, eps = 0.0003556493
t = 0.647000, it = 647, eps = 0.0003554643
t = 0.648000, it = 648, eps = 0.0003552559
t = 0.649000, it = 649, eps = 0.0003550241
t = 0.650000, it = 650, eps = 0.0003547689
t = 0.651000, it = 651, eps = 0.0003544901
t = 0.652000, it = 652, eps = 0.0003541878
t = 0.653000, it = 653, eps = 0.0003538619
t = 0.654000, it = 654, eps = 0.0003535124
t = 0.655000, it = 655, eps = 0.0003531391
t = 0.656000, it = 656, eps = 0.0003527422
t = 0.657000, it = 657, eps = 0.0003523214
t = 0.658000, it = 658, eps = 0.0003518769
t = 0.659000, it = 659, eps = 0.0003514084
t = 0.660000, it = 660, eps = 0.0003509162
t = 0.661000, it = 661, eps = 0.0003504000
t = 0.662000, it = 662, eps = 0.0003498598
t = 0.663000, it = 663, eps = 0.0003492957
t = 0.664000, it = 664, eps = 0.0003487075
t = 0.665000, it = 665, eps = 0.0003480953
t = 0.666000, it = 666, eps = 0.0003474591
t = 0.667000, it = 667, eps = 0.0003467987
t = 0.668000, it = 668, eps = 0.0003461143
t = 0.669000, it = 669, eps = 0.0003454057
t = 0.670000, it = 670, eps = 0.0003446730
t = 0.671000, it = 671, eps = 0.0003439161
t = 0.672000, it = 672, eps = 0.0003431350
t = 0.673000, it = 673, eps = 0.0003423297
t = 0.674000, it = 674, eps = 0.0003415002
t = 0.675000, it = 675, eps = 0.0003406465
t = 0.676000, it = 676, eps = 0.0003397686
t = 0.677000, it = 677, eps = 0.0003388664
t = 0.678000, it = 678, eps = 0.0003379400
t = 0.679000, it = 679, eps = 0.0003369893
t = 0.680000, it = 680, eps = 0.0003360144
t = 0.681000, it = 681, eps = 0.0003350152
t = 0.682000, it = 682, eps = 0.0003339917
t = 0.683000, it = 683, eps = 0.0003329441
t = 0.684000, it = 684, eps = 0.0003318721
t = 0.685000, it = 685, eps = 0.0003307760
t = 0.686000, it = 686, eps = 0.0003296556
t = 0.687000, it = 687, eps = 0.0003285109
t = 0.688000, it = 688, eps = 0.0003273421
t = 0.689000, it = 689, eps = 0.0003261491
t = 0.690000, it = 690, eps = 0.0003249319
t = 0.691000, it = 691, eps = 0.0003236905
t = 0.692000, it = 692, eps = 0.0003224249
t = 0.693000, it = 693, eps = 0.0003211353
t = 0.694000, it = 694, eps = 0.0003198215
t = 0.695000, it = 695, eps = 0.0003184836
t = 0.696000, it = 696, eps = 0.0003171217
t = 0.697000, it = 697, eps = 0.0003157357
t = 0.698000, it = 698, eps = 0.0003143258
t = 0.699000, it = 699, eps = 0.0003128918
t = 0.700000, it = 700, eps = 0.0003114340
t = 0.701000, it = 701, eps = 0.0003099522
t = 0.702000, it = 702, eps = 0.0003084465
t = 0.703000, it = 703, eps = 0.0003069170
t = 0.704000, it = 704, eps = 0.0003053636
t = 0.705000, it = 705, eps = 0.0003037866
t = 0.706000, it = 706, eps = 0.0003021858
t = 0.707000, it = 707, eps = 0.0003005613
t = 0.708000, it = 708, eps = 0.0002989132
t = 0.709000, it = 709, eps = 0.0002972415
t = 0.710000, it = 710, eps = 0.0002955463
t = 0.711000, it = 711, eps = 0.0002938276
t = 0.712000, it = 712, eps = 0.0002920855
t = 0.713000, it = 713, eps = 0.0002903200
t = 0.714000, it = 714, eps = 0.0002885312
t = 0.715000, it = 715, eps = 0.0002867191
t = 0.716000, it = 716, eps = 0.0002848839
t = 0.717000, it = 717, eps = 0.0002830254
t = 0.718000, it = 718, eps = 0.0002811440
t = 0.719000, it = 719, eps = 0.0002792395
t = 0.720000, it = 720, eps = 0.0002773120
t = 0.721000, it = 721, eps = 0.0002753617
t = 0.722000, it = 722, eps = 0.0002733886
t = 0.723000, it = 723, eps = 0.0002713927
t = 0.724000, it = 724, eps = 0.0002693742
t = 0.725000, it = 725, eps = 0.0002673331
t = 0.726000, it = 726, eps = 0.0002652695
t = 0.727000, it = 727, eps = 0.0002631834
t = 0.728000, it = 728, eps = 0.0002610750
t = 0.729000, it = 729, eps = 0.0002589444
t = 0.730000, it = 730, eps = 0.0002567915
t = 0.731000, it = 731, eps = 0.0002546166
t = 0.732000, it = 732, eps = 0.0002524197
t = 0.733000, it = 733, eps = 0.0002502008
t = 0.734000, it = 734, eps = 0.0002479601
t = 0.735000, it = 735, eps = 0.0002456976
t = 0.736000, it = 736, eps = 0.0002434136
t = 0.737000, it = 737, eps = 0.0002411079
t = 0.738000, it = 738, eps = 0.0002387808
t = 0.739000, it = 739, eps = 0.0002364324
t = 0.740000, it = 740, eps = 0.0002340627
t = 0.741000, it = 741, eps = 0.0002316719
t = 0.742000, it = 742, eps = 0.0002292600
t = 0.743000, it = 743, eps = 0.0002268272
t = 0.744000, it = 744, eps = 0.0002243736
t = 0.745000, it = 745, eps = 0.0002218992
t = 0.746000, it = 746, eps = 0.0002194042
t = 0.747000, it = 747, eps = 0.0002168888
t = 0.748000, it = 748, eps = 0.0002143529
t = 0.749000, it = 749, eps = 0.0002117968
t = 0.750000, it = 750, eps = 0.0002092206
t = 0.751000, it = 751, eps = 0.0002066243
t = 0.752000, it = 752, eps = 0.0002040081
t = 0.753000, it = 753, eps = 0.0002013721
t = 0.754000, it = 754, eps = 0.0001987164
t = 0.755000, it = 755, eps = 0.0001960412
t = 0.756000, it = 756, eps = 0.0001933467
t = 0.757000, it = 757, eps = 0.0001906328
t = 0.758000, it = 758, eps = 0.0001878998
t = 0.759000, it = 759, eps = 0.0001851477
t = 0.760000, it = 760, eps = 0.0001823768
t = 0.761000, it = 761, eps = 0.0001795871
t = 0.762000, it = 762, eps = 0.0001767789
t = 0.763000, it = 763, eps = 0.0001739521
t = 0.764000, it = 764, eps = 0.0001711070
t = 0.765000, it = 765, eps = 0.0001682438
t = 0.766000, it = 766, eps = 0.0001653625
t = 0.767000, it = 767, eps = 0.0001624632
t = 0.768000, it = 768, eps = 0.0001595463
t = 0.769000, it = 769, eps = 0.0001566117
t = 0.770000, it = 770, eps = 0.0001536597
t = 0.771000, it = 771, eps = 0.0001506903
t = 0.772000, it = 772, eps = 0.0001477038
t = 0.773000, it = 773, eps = 0.0001447003
t = 0.774000, it = 774, eps = 0.0001416800
t = 0.775000, it = 775, eps = 0.0001386429
t = 0.776000, it = 776, eps = 0.0001355894
t = 0.777000, it = 777, eps = 0.0001325194
t = 0.778000, it = 778, eps = 0.0001294333
t = 0.779000, it = 779, eps = 0.0001263311
t = 0.780000, it = 780, eps = 0.0001232130
t = 0.781000, it = 781, eps = 0.0001200793
t = 0.782000, it = 782, eps = 0.0001169299
t = 0.783000, it = 783, eps = 0.0001137652
t = 0.784000, it = 784, eps = 0.0001105853
t = 0.785000, it = 785, eps = 0.0001073903
t = 0.786000, it = 786, eps = 0.0001041805
t = 0.787000, it = 787, eps = 0.0001009560
t = 0.788000, it = 788, eps = 0.0000977169
t = 0.789000, it = 789, eps = 0.0000944635
t = 0.790000, it = 790, eps = 0.0000911960
t = 0.791000, it = 791, eps = 0.0000879145
t = 0.792000, it = 792, eps = 0.0000846192
t = 0.793000, it = 793, eps = 0.0000813102
t = 0.794000, it = 794, eps = 0.0000779878
t = 0.795000, it = 795, eps = 0.0000746522
t = 0.796000, it = 796, eps = 0.0000713035
t = 0.797000, it = 797, eps = 0.0000679419
t = 0.798000, it = 798, eps = 0.0000645677
t = 0.799000, it = 799, eps = 0.0000611809
t = 0.800000, it = 800, eps = 0.0000577819
t = 0.801000, it = 801, eps = 0.0000543707
t = 0.802000, it = 802, eps = 0.0000509476
t = 0.803000, it = 803, eps = 0.0000475127
t = 0.804000, it = 804, eps = 0.0000440664
t = 0.805000, it = 805, eps = 0.0000406087
t = 0.806000, it = 806, eps = 0.0000371399
t = 0.807000, it = 807, eps = 0.0000336601
t = 0.808000, it = 808, eps = 0.0000301696
t = 0.809000, it = 809, eps = 0.0000266686
t = 0.810000, it = 810, eps = 0.0000231572
t = 0.811000, it = 811, eps = 0.0000196358
t = 0.812000, it = 812, eps = 0.0000161044
t = 0.813000, it = 813, eps = 0.0000125633
t = 0.814000, it = 814, eps = 0.0000090126
t = 0.815000, it = 815, eps = 0.0000054527
t = 0.816000, it = 816, eps = 0.0000018837
t = 0.817000, it = 817, eps = 0.0000016941
t = 0.818000, it = 818, eps = 0.0000052807
t = 0.819000, it = 819, eps = 0.0000088757
t = 0.820000, it = 820, eps = 0.0000124789
t = 0.821000, it = 821, eps = 0.0000160901
t = 0.822000, it = 822, eps = 0.0000197092
t = 0.823000, it = 823, eps = 0.0000233358
t = 0.824000, it = 824, eps = 0.0000269698
t = 0.825000, it = 825, eps = 0.0000306110
t = 0.826000, it = 826, eps = 0.0000342591
t = 0.827000, it = 827, eps = 0.0000379139
t = 0.828000, it = 828, eps = 0.0000415752
t = 0.829000, it = 829, eps = 0.0000452428
t = 0.830000, it = 830, eps = 0.0000489164
t = 0.831000, it = 831, eps = 0.0000525958
t = 0.832000, it = 832, eps = 0.0000562809
t = 0.833000, it = 833, eps = 0.0000599713
t = 0.834000, it = 834, eps = 0.0000636668
t = 0.835000, it = 835, eps = 0.0000673673
t = 0.836000, it = 836, eps = 0.0000710724
t = 0.837000, it = 837, eps = 0.0000747820
t = 0.838000, it = 838, eps = 0.0000784959
t = 0.839000, it = 839, eps = 0.0000822137
t = 0.840000, it = 840, eps = 0.0000859353
t = 0.841000, it = 841, eps = 0.0000896604
t = 0.842000, it = 842, eps = 0.0000933888
t = 0.843000, it = 843, eps = 0.0000971203
t = 0.844000, it = 844, eps = 0.0001008546
t = 0.845000, it = 845, eps = 0.0001045916
t = 0.846000, it = 846, eps = 0.0001083308
t = 0.847000, it = 847, eps = 0.0001120722
t = 0.848000, it = 848, eps = 0.0001158155
t = 0.849000, it = 849, eps = 0.0001195605
t = 0.850000, it = 850, eps = 0.0001233069
t = 0.851000, it = 851, eps = 0.0001270544
t = 0.852000, it = 852, eps = 0.0001308029
t = 0.853000, it = 853, eps = 0.0001345520
t = 0.854000, it = 854, eps = 0.0001383016
t = 0.855000, it = 855, eps = 0.0001420515
t = 0.856000, it = 856, eps = 0.0001458013
t = 0.857000, it = 857, eps = 0.0001495508
t = 0.858000, it = 858, eps = 0.0001532998
t = 0.859000, it = 859, eps = 0.0001570481
t = 0.860000, it = 860, eps = 0.0001607953
t = 0.861000, it = 861, eps = 0.0001645413
t = 0.862000, it = 862, eps = 0.0001682859
t = 0.863000, it = 863, eps = 0.0001720287
t = 0.864000, it = 864, eps = 0.0001757695
t = 0.865000, it = 865, eps = 0.0001795081
t = 0.866000, it = 866, eps = 0.0001832442
t = 0.867000, it = 867, eps = 0.0001869777
t = 0.868000, it = 868, eps = 0.0001907081
t = 0.869000, it = 869, eps = 0.0001944354
t = 0.870000, it = 870, eps = 0.0001981592
t = 0.871000, it = 871, eps = 0.0002018793
t = 0.872000, it = 872, eps = 0.0002055954
t = 0.873000, it = 873, eps = 0.0002093074
t = 0.874000, it = 874, eps = 0.0002130149
t = 0.875000, it = 875, eps = 0.0002167177
t = 0.876000, it = 876, eps = 0.0002204156
t = 0.877000, it = 877, eps = 0.0002241083
t = 0.878000, it = 878, eps = 0.0002277955
t = 0.879000, it = 879, eps = 0.0002314771
t = 0.880000, it = 880, eps = 0.0002351527
t = 0.881000, it = 881, eps = 0.0002388222
t = 0.882000, it = 882, eps = 0.0002424852
t = 0.883000, it = 883, eps = 0.0002461415
t = 0.884000, it = 884, eps = 0.0002497909
t = 0.885000, it = 885, eps = 0.0002534331
t = 0.886000, it = 886, eps = 0.0002570679
t = 0.887000, it = 887, eps = 0.0002606950
t = 0.888000, it = 888, eps = 0.0002643141
t = 0.889000, it = 889, eps = 0.0002679251
t = 0.890000, it = 890, eps = 0.0002715277
t = 0.891000, it = 891, eps = 0.0002751216
t = 0.892000, it = 892, eps = 0.0002787065
t = 0.893000, it = 893, eps = 0.0002822823
t = 0.894000, it = 894, eps = 0.0002858487
t = 0.895000, it = 895, eps = 0.0002894054
t = 0.896000, it = 896, eps = 0.0002929521
t = 0.897000, it = 897, eps = 0.0002964887
t = 0.898000, it = 898, eps = 0.0003000149
t = 0.899000, it = 899, eps = 0.0003035304
t = 0.900000, it = 900, eps = 0.0003070350
t = 0.901000, it = 901, eps = 0.0003105284
t = 0.902000, it = 902, eps = 0.0003140104
t = 0.903000, it = 903, eps = 0.0003174808
t = 0.904000, it = 904, eps = 0.0003209392
t = 0.905000, it = 905, eps = 0.0003243856
t = 0.906000, it = 906, eps = 0.0003278195
t = 0.907000, it = 907, eps = 0.0003312407
t = 0.908000, it = 908, eps = 0.0003346491
t = 0.909000, it = 909, eps = 0.0003380443
t = 0.910000, it = 910, eps = 0.0003414262
t = 0.911000, it = 911, eps = 0.0003447944
t = 0.912000, it = 912, eps = 0.0003481488
t = 0.913000, it = 913, eps = 0.0003514891
t = 0.914000, it = 914, eps = 0.0003548150
t = 0.915000, it = 915, eps = 0.0003581263
t = 0.916000, it = 916, eps = 0.0003614227
t = 0.917000, it = 917, eps = 0.0003647041
t = 0.918000, it = 918, eps = 0.0003679702
t = 0.919000, it = 919, eps = 0.0003712207
t = 0.920000, it = 920, eps = 0.0003744554
t = 0.921000, it = 921, eps = 0.0003776740
t = 0.922000, it = 922, eps = 0.0003808764
t = 0.923000, it = 923, eps = 0.0003840622
t = 0.924000, it = 924, eps = 0.0003872313
t = 0.925000, it = 925, eps = 0.0003903834
t = 0.926000, it = 926, eps = 0.0003935183
t = 0.927000, it = 927, eps = 0.0003966357
t = 0.928000, it = 928, eps = 0.0003997354
t = 0.929000, it = 929, eps = 0.0004028171
t = 0.930000, it = 930, eps = 0.0004058807
t = 0.931000, it = 931, eps = 0.0004089259
t = 0.932000, it = 932, eps = 0.0004119525
t = 0.933000, it = 933, eps = 0.0004149601
t = 0.934000, it = 934, eps = 0.0004179487
t = 0.935000, it = 935, eps = 0.0004209180
t = 0.936000, it = 936, eps = 0.0004238677
t = 0.937000, it = 937, eps = 0.0004267976
t = 0.938000, it = 938, eps = 0.0004297075
t = 0.939000, it = 939, eps = 0.0004325972
t = 0.940000, it = 940, eps = 0.0004354664
t = 0.941000, it = 941, eps = 0.0004383149
t = 0.942000, it = 942, eps = 0.0004411425
t = 0.943000, it = 943, eps = 0.0004439490
t = 0.944000, it = 944, eps = 0.0004467341
t = 0.945000, it = 945, eps = 0.0004494976
t = 0.946000, it = 946, eps = 0.0004522393
t = 0.947000, it = 947, eps = 0.0004549591
t = 0.948000, it = 948, eps = 0.0004576565
t = 0.949000, it = 949, eps = 0.0004603316
t = 0.950000, it = 950, eps = 0.0004629840
t = 0.951000, it = 951, eps = 0.0004656134
t = 0.952000, it = 952, eps = 0.0004682198
t = 0.953000, it = 953, eps = 0.0004708029
t = 0.954000, it = 954, eps = 0.0004733625
t = 0.955000, it = 955, eps = 0.0004758983
t = 0.956000, it = 956, eps = 0.0004784103
t = 0.957000, it = 957, eps = 0.0004808980
t = 0.958000, it = 958, eps = 0.0004833614
t = 0.959000, it = 959, eps = 0.0004858003
t = 0.960000, it = 960, eps = 0.0004882144
t = 0.961000, it = 961, eps = 0.0004906035
t = 0.962000, it = 962, eps = 0.0004929675
t = 0.963000, it = 963, eps = 0.0004953060
t = 0.964000, it = 964, eps = 0.0004976191
t = 0.965000, it = 965, eps = 0.0004999063
t = 0.966000, it = 966, eps = 0.0005021676
t = 0.967000, it = 967, eps = 0.0005044028
t = 0.968000, it = 968, eps = 0.0005066116
t = 0.969000, it = 969, eps = 0.0005087938
t = 0.970000, it = 970, eps = 0.0005109493
t = 0.971000, it = 971, eps = 0.0005130779
t = 0.972000, it = 972, eps = 0.0005151794
t = 0.973000, it = 973, eps = 0.0005172536
t = 0.974000, it = 974, eps = 0.0005193003
t = 0.975000, it = 975, eps = 0.0005213193
t = 0.976000, it = 976, eps = 0.0005233105
t = 0.977000, it = 977, eps = 0.0005252736
t = 0.978000, it = 978, eps = 0.0005272085
t = 0.979000, it = 979, eps = 0.0005291151
t = 0.980000, it = 980, eps = 0.0005309930
t = 0.981000, it = 981, eps = 0.0005328422
t = 0.982000, it = 982, eps = 0.0005346625
t = 0.983000, it = 983, eps = 0.0005364537
t = 0.984000, it = 984, eps = 0.0005382157
t = 0.985000, it = 985, eps = 0.0005399482
t = 0.986000, it = 986, eps = 0.0005416511
t = 0.987000, it = 987, eps = 0.0005433243
t = 0.988000, it = 988, eps = 0.0005449675
t = 0.989000, it = 989, eps = 0.0005465807
t = 0.990000, it = 990, eps = 0.0005481636
t = 0.991000, it = 991, eps = 0.0005497160
t = 0.992000, it = 992, eps = 0.0005512380
t = 0.993000, it = 993, eps = 0.0005527292
t = 0.994000, it = 994, eps = 0.0005541895
t = 0.995000, it = 995, eps = 0.0005556188
t = 0.996000, it = 996, eps = 0.0005570169
t = 0.997000, it = 997, eps = 0.0005583836
t = 0.998000, it = 998, eps = 0.0005597189
t = 0.999000, it = 999, eps = 0.0005610226
t = 1.000000, it = 1000, eps = 0.0005622945
time = 4.589995


PS:

Read file <err/mainerrP20-N128.err> for stderr output of this job.

